(base) PS C:\Users\goura\IdeaProjects\SauceDemoAutomation> run-tests.bat
Setting JAVA_HOME to: C:\Users\goura\scoop\apps\openjdk17\current

[INFO] Scanning for projects...
[INFO]
[INFO] -----------------< com.saucedemo:saucedemo-automation >-----------------
[INFO] Building SauceDemo Automation 1.0-SNAPSHOT
[INFO]   from pom.xml
[INFO] --------------------------------[ jar ]---------------------------------
[INFO]
[INFO] --- clean:3.2.0:clean (default-clean) @ saucedemo-automation ---
[INFO] Deleting C:\Users\goura\IdeaProjects\SauceDemoAutomation\target
[INFO]
[INFO] --- resources:3.3.1:resources (default-resources) @ saucedemo-automation ---
[INFO] skip non existing resourceDirectory C:\Users\goura\IdeaProjects\SauceDemoAutomation\src\main\resources
[INFO]
[INFO] --- compiler:3.14.1:compile (default-compile) @ saucedemo-automation ---
[INFO] No sources to compile
[INFO]
[INFO] --- resources:3.3.1:testResources (default-testResources) @ saucedemo-automation ---
[INFO] Copying 3 resources from src\test\resources to target\test-classes
[INFO]
[INFO] --- compiler:3.14.1:testCompile (default-testCompile) @ saucedemo-automation ---
[INFO] Recompiling the module because of changed source code.
[INFO] Compiling 14 source files with javac [debug target 17] to target\test-classes
[INFO]
[INFO] --- surefire:3.5.4:test (default-test) @ saucedemo-automation ---
[INFO] Using auto detected provider org.apache.maven.surefire.testng.TestNGProvider
[INFO]
[INFO] -------------------------------------------------------
[INFO]  T E S T S
[INFO] -------------------------------------------------------
[INFO] Running TestSuite
SLF4J(W): No SLF4J providers were found.
SLF4J(W): Defaulting to no-operation (NOP) logger implementation
SLF4J(W): See https://www.slf4j.org/codes.html#noProviders for further details.
19:56:45.369 [main] INFO  com.saucedemo.base.BaseTest - Setting up test environment
19:56:45.376 [main] INFO  com.saucedemo.config.ConfigReader - Configuration properties loaded successfully
19:56:45.379 [main] INFO  com.saucedemo.base.BaseTest - Initializing chrome driver (headless: false)
Feb 06, 2026 7:56:47 PM org.openqa.selenium.devtools.CdpVersionFinder findNearestMatch
WARNING: Unable to find CDP implementation matching 144
Feb 06, 2026 7:56:47 PM org.openqa.selenium.chromium.ChromiumDriver lambda$new$5
WARNING: Unable to find version of CDP to use for 144.0.7559.112. You may need to include a dependency on a specific version of the CDP using something similar to `org.seleniumhq.selenium:selenium-devtools-v86:4.27.0` where the version ("v86") matches the version of the chromium-based browser you're using and the version number of the artifact is the same as Selenium's.
19:56:47.983 [main] INFO  com.saucedemo.base.BaseTest - WebDriver initialized successfully
19:56:48.050 [main] INFO  com.saucedemo.base.BaseTest - WebDriver configured with timeouts and maximized window
19:56:48.051 [main] INFO  com.saucedemo.base.BaseTest - Navigating to application URL: https://www.saucedemo.com/
19:56:49.181 [main] INFO  com.saucedemo.base.BaseTest - Starting testValidLogin
19:56:49.333 [main] INFO  com.saucedemo.pages.BasePage - LoginPage initialized
19:56:49.368 [main] DEBUG com.saucedemo.pages.BasePage - Current URL: https://www.saucedemo.com/
19:56:49.419 [main] DEBUG com.saucedemo.pages.BasePage - Element displayed: true
19:56:49.419 [main] INFO  com.saucedemo.pages.BasePage - Login button displayed: true
19:56:49.419 [main] INFO  com.saucedemo.pages.BasePage - On login page: true
19:56:49.435 [main] INFO  com.saucedemo.pages.BasePage - Performing login with username: standard_user
19:56:49.435 [main] INFO  com.saucedemo.pages.BasePage - Entering username: standard_user
19:56:49.450 [main] DEBUG com.saucedemo.pages.BasePage - Waiting for element to be visible
19:56:49.681 [main] DEBUG com.saucedemo.pages.BasePage - Entered text: standard_user
19:56:49.682 [main] INFO  com.saucedemo.pages.BasePage - Entering password
19:56:49.700 [main] DEBUG com.saucedemo.pages.BasePage - Waiting for element to be visible
19:56:49.898 [main] DEBUG com.saucedemo.pages.BasePage - Entered text: secret_sauce
19:56:49.899 [main] INFO  com.saucedemo.pages.BasePage - Clicking login button
19:56:49.911 [main] DEBUG com.saucedemo.pages.BasePage - Waiting for element to be clickable
19:56:50.097 [main] DEBUG com.saucedemo.pages.BasePage - Clicked on element
19:56:50.120 [main] INFO  com.saucedemo.pages.BasePage - ProductsPage initialized
19:56:50.146 [main] DEBUG com.saucedemo.pages.BasePage - Current URL: https://www.saucedemo.com/inventory.html
19:56:50.147 [main] DEBUG com.saucedemo.pages.BasePage - Waiting for element to be visible
19:56:50.215 [main] DEBUG com.saucedemo.pages.BasePage - Retrieved text: Products
19:56:50.216 [main] INFO  com.saucedemo.pages.BasePage - Page title: Products
19:56:50.218 [main] INFO  com.saucedemo.pages.BasePage - On products page: true
19:56:50.219 [main] DEBUG com.saucedemo.pages.BasePage - Waiting for element to be visible
19:56:50.284 [main] DEBUG com.saucedemo.pages.BasePage - Retrieved text: Products
19:56:50.285 [main] INFO  com.saucedemo.pages.BasePage - Page title: Products
19:56:50.285 [main] INFO  com.saucedemo.base.BaseTest - testValidLogin completed successfully
19:56:50.314 [main] INFO  com.saucedemo.base.BaseTest - Test passed: testValidLogin
19:56:50.314 [main] INFO  com.saucedemo.base.BaseTest - Closing browser
19:56:50.585 [main] INFO  com.saucedemo.base.BaseTest - Setting up test environment
19:56:50.586 [main] INFO  com.saucedemo.base.BaseTest - Initializing chrome driver (headless: false)
Feb 06, 2026 7:56:51 PM org.openqa.selenium.devtools.CdpVersionFinder findNearestMatch
WARNING: Unable to find CDP implementation matching 144
Feb 06, 2026 7:56:51 PM org.openqa.selenium.chromium.ChromiumDriver lambda$new$5
WARNING: Unable to find version of CDP to use for 144.0.7559.112. You may need to include a dependency on a specific version of the CDP using something similar to `org.seleniumhq.selenium:selenium-devtools-v86:4.27.0` where the version ("v86") matches the version of the chromium-based browser you're using and the version number of the artifact is the same as Selenium's.
19:56:51.572 [main] INFO  com.saucedemo.base.BaseTest - WebDriver initialized successfully
19:56:51.640 [main] INFO  com.saucedemo.base.BaseTest - WebDriver configured with timeouts and maximized window
19:56:51.641 [main] INFO  com.saucedemo.base.BaseTest - Navigating to application URL: https://www.saucedemo.com/
19:56:52.794 [main] INFO  com.saucedemo.base.BaseTest - Starting testInvalidUsername
19:56:52.797 [main] INFO  com.saucedemo.pages.BasePage - LoginPage initialized
19:56:52.799 [main] INFO  com.saucedemo.pages.BasePage - Attempting login with username: invalid_user
19:56:52.799 [main] INFO  com.saucedemo.pages.BasePage - Entering username: invalid_user
19:56:52.851 [main] DEBUG com.saucedemo.pages.BasePage - Waiting for element to be visible
19:56:53.188 [main] DEBUG com.saucedemo.pages.BasePage - Entered text: invalid_user
19:56:53.189 [main] INFO  com.saucedemo.pages.BasePage - Entering password
19:56:53.217 [main] DEBUG com.saucedemo.pages.BasePage - Waiting for element to be visible
19:56:53.428 [main] DEBUG com.saucedemo.pages.BasePage - Entered text: secret_sauce
19:56:53.445 [main] DEBUG com.saucedemo.pages.BasePage - Waiting for element to be clickable
19:56:53.643 [main] DEBUG com.saucedemo.pages.BasePage - Clicked on element
19:56:53.673 [main] DEBUG com.saucedemo.pages.BasePage - Element displayed: true
19:56:53.674 [main] INFO  com.saucedemo.pages.BasePage - Error message displayed: true
19:56:53.674 [main] DEBUG com.saucedemo.pages.BasePage - Waiting for element to be visible
19:56:53.743 [main] DEBUG com.saucedemo.pages.BasePage - Retrieved text: Epic sadface: Username and password do not match any user in this service
19:56:53.743 [main] INFO  com.saucedemo.pages.BasePage - Error message: Epic sadface: Username and password do not match any user in this service
19:56:53.744 [main] INFO  com.saucedemo.base.BaseTest - testInvalidUsername completed successfully
19:56:53.768 [main] INFO  com.saucedemo.base.BaseTest - Test passed: testInvalidUsername
19:56:53.769 [main] INFO  com.saucedemo.base.BaseTest - Closing browser
19:56:53.984 [main] INFO  com.saucedemo.base.BaseTest - Setting up test environment
19:56:53.984 [main] INFO  com.saucedemo.base.BaseTest - Initializing chrome driver (headless: false)
Feb 06, 2026 7:56:55 PM org.openqa.selenium.devtools.CdpVersionFinder findNearestMatch
WARNING: Unable to find CDP implementation matching 144
Feb 06, 2026 7:56:55 PM org.openqa.selenium.chromium.ChromiumDriver lambda$new$5
WARNING: Unable to find version of CDP to use for 144.0.7559.112. You may need to include a dependency on a specific version of the CDP using something similar to `org.seleniumhq.selenium:selenium-devtools-v86:4.27.0` where the version ("v86") matches the version of the chromium-based browser you're using and the version number of the artifact is the same as Selenium's.
19:56:55.058 [main] INFO  com.saucedemo.base.BaseTest - WebDriver initialized successfully
19:56:55.109 [main] INFO  com.saucedemo.base.BaseTest - WebDriver configured with timeouts and maximized window
19:56:55.110 [main] INFO  com.saucedemo.base.BaseTest - Navigating to application URL: https://www.saucedemo.com/
19:56:55.870 [main] INFO  com.saucedemo.base.BaseTest - Starting testInvalidPassword
19:56:55.870 [main] INFO  com.saucedemo.pages.BasePage - LoginPage initialized
19:56:55.871 [main] INFO  com.saucedemo.pages.BasePage - Attempting login with username: standard_user
19:56:55.871 [main] INFO  com.saucedemo.pages.BasePage - Entering username: standard_user
19:56:55.907 [main] DEBUG com.saucedemo.pages.BasePage - Waiting for element to be visible
19:56:56.306 [main] DEBUG com.saucedemo.pages.BasePage - Entered text: standard_user
19:56:56.307 [main] INFO  com.saucedemo.pages.BasePage - Entering password
19:56:56.331 [main] DEBUG com.saucedemo.pages.BasePage - Waiting for element to be visible
19:56:56.586 [main] DEBUG com.saucedemo.pages.BasePage - Entered text: invalid_password
19:56:56.615 [main] DEBUG com.saucedemo.pages.BasePage - Waiting for element to be clickable
19:56:56.759 [main] DEBUG com.saucedemo.pages.BasePage - Clicked on element
19:56:56.792 [main] DEBUG com.saucedemo.pages.BasePage - Element displayed: true
19:56:56.792 [main] INFO  com.saucedemo.pages.BasePage - Error message displayed: true
19:56:56.792 [main] DEBUG com.saucedemo.pages.BasePage - Waiting for element to be visible
19:56:56.877 [main] DEBUG com.saucedemo.pages.BasePage - Retrieved text: Epic sadface: Username and password do not match any user in this service
19:56:56.877 [main] INFO  com.saucedemo.pages.BasePage - Error message: Epic sadface: Username and password do not match any user in this service
19:56:56.878 [main] INFO  com.saucedemo.base.BaseTest - testInvalidPassword completed successfully
19:56:56.881 [main] INFO  com.saucedemo.base.BaseTest - Test passed: testInvalidPassword
19:56:56.881 [main] INFO  com.saucedemo.base.BaseTest - Closing browser
19:56:57.200 [main] INFO  com.saucedemo.base.BaseTest - Setting up test environment
19:56:57.200 [main] INFO  com.saucedemo.base.BaseTest - Initializing chrome driver (headless: false)
Feb 06, 2026 7:56:58 PM org.openqa.selenium.devtools.CdpVersionFinder findNearestMatch
WARNING: Unable to find CDP implementation matching 144
Feb 06, 2026 7:56:58 PM org.openqa.selenium.chromium.ChromiumDriver lambda$new$5
WARNING: Unable to find version of CDP to use for 144.0.7559.112. You may need to include a dependency on a specific version of the CDP using something similar to `org.seleniumhq.selenium:selenium-devtools-v86:4.27.0` where the version ("v86") matches the version of the chromium-based browser you're using and the version number of the artifact is the same as Selenium's.
19:56:58.207 [main] INFO  com.saucedemo.base.BaseTest - WebDriver initialized successfully
19:56:58.279 [main] INFO  com.saucedemo.base.BaseTest - WebDriver configured with timeouts and maximized window
19:56:58.280 [main] INFO  com.saucedemo.base.BaseTest - Navigating to application URL: https://www.saucedemo.com/
19:56:59.894 [main] INFO  com.saucedemo.base.BaseTest - Starting testEmptyCredentials
19:56:59.895 [main] INFO  com.saucedemo.pages.BasePage - LoginPage initialized
19:56:59.895 [main] INFO  com.saucedemo.pages.BasePage - Attempting login with username:
19:56:59.895 [main] INFO  com.saucedemo.pages.BasePage - Entering username:
19:56:59.924 [main] DEBUG com.saucedemo.pages.BasePage - Waiting for element to be visible
19:57:00.303 [main] DEBUG com.saucedemo.pages.BasePage - Entered text:
19:57:00.307 [main] INFO  com.saucedemo.pages.BasePage - Entering password
19:57:00.335 [main] DEBUG com.saucedemo.pages.BasePage - Waiting for element to be visible
19:57:00.490 [main] DEBUG com.saucedemo.pages.BasePage - Entered text:
19:57:00.515 [main] DEBUG com.saucedemo.pages.BasePage - Waiting for element to be clickable
19:57:00.725 [main] DEBUG com.saucedemo.pages.BasePage - Clicked on element
19:57:00.757 [main] DEBUG com.saucedemo.pages.BasePage - Element displayed: true
19:57:00.757 [main] INFO  com.saucedemo.pages.BasePage - Error message displayed: true
19:57:00.757 [main] DEBUG com.saucedemo.pages.BasePage - Waiting for element to be visible
19:57:00.813 [main] DEBUG com.saucedemo.pages.BasePage - Retrieved text: Epic sadface: Username is required
19:57:00.813 [main] INFO  com.saucedemo.pages.BasePage - Error message: Epic sadface: Username is required
19:57:00.813 [main] INFO  com.saucedemo.base.BaseTest - testEmptyCredentials completed successfully
19:57:00.816 [main] INFO  com.saucedemo.base.BaseTest - Test passed: testEmptyCredentials
19:57:00.816 [main] INFO  com.saucedemo.base.BaseTest - Closing browser
19:57:01.198 [main] INFO  com.saucedemo.base.BaseTest - Setting up test environment
19:57:01.198 [main] INFO  com.saucedemo.base.BaseTest - Initializing chrome driver (headless: false)
Feb 06, 2026 7:57:02 PM org.openqa.selenium.devtools.CdpVersionFinder findNearestMatch
WARNING: Unable to find CDP implementation matching 144
Feb 06, 2026 7:57:02 PM org.openqa.selenium.chromium.ChromiumDriver lambda$new$5
WARNING: Unable to find version of CDP to use for 144.0.7559.112. You may need to include a dependency on a specific version of the CDP using something similar to `org.seleniumhq.selenium:selenium-devtools-v86:4.27.0` where the version ("v86") matches the version of the chromium-based browser you're using and the version number of the artifact is the same as Selenium's.
19:57:02.206 [main] INFO  com.saucedemo.base.BaseTest - WebDriver initialized successfully
19:57:02.276 [main] INFO  com.saucedemo.base.BaseTest - WebDriver configured with timeouts and maximized window
19:57:02.276 [main] INFO  com.saucedemo.base.BaseTest - Navigating to application URL: https://www.saucedemo.com/
19:57:03.450 [main] INFO  com.saucedemo.base.BaseTest - Starting testLockedOutUser
19:57:03.450 [main] INFO  com.saucedemo.pages.BasePage - LoginPage initialized
19:57:03.451 [main] INFO  com.saucedemo.pages.BasePage - Attempting login with username: locked_out_user
19:57:03.451 [main] INFO  com.saucedemo.pages.BasePage - Entering username: locked_out_user
19:57:03.468 [main] DEBUG com.saucedemo.pages.BasePage - Waiting for element to be visible
19:57:03.731 [main] DEBUG com.saucedemo.pages.BasePage - Entered text: locked_out_user
19:57:03.732 [main] INFO  com.saucedemo.pages.BasePage - Entering password
19:57:03.750 [main] DEBUG com.saucedemo.pages.BasePage - Waiting for element to be visible
19:57:03.934 [main] DEBUG com.saucedemo.pages.BasePage - Entered text: secret_sauce
19:57:03.949 [main] DEBUG com.saucedemo.pages.BasePage - Waiting for element to be clickable
19:57:04.080 [main] DEBUG com.saucedemo.pages.BasePage - Clicked on element
19:57:04.103 [main] DEBUG com.saucedemo.pages.BasePage - Element displayed: true
19:57:04.103 [main] INFO  com.saucedemo.pages.BasePage - Error message displayed: true
19:57:04.103 [main] DEBUG com.saucedemo.pages.BasePage - Waiting for element to be visible
19:57:04.142 [main] DEBUG com.saucedemo.pages.BasePage - Retrieved text: Epic sadface: Sorry, this user has been locked out.
19:57:04.142 [main] INFO  com.saucedemo.pages.BasePage - Error message: Epic sadface: Sorry, this user has been locked out.
19:57:04.142 [main] INFO  com.saucedemo.base.BaseTest - testLockedOutUser completed successfully
19:57:04.146 [main] INFO  com.saucedemo.base.BaseTest - Test passed: testLockedOutUser
19:57:04.147 [main] INFO  com.saucedemo.base.BaseTest - Closing browser
19:57:04.362 [main] INFO  com.saucedemo.base.BaseTest - Setting up test environment
19:57:04.362 [main] INFO  com.saucedemo.base.BaseTest - Initializing chrome driver (headless: false)
Feb 06, 2026 7:57:05 PM org.openqa.selenium.devtools.CdpVersionFinder findNearestMatch
WARNING: Unable to find CDP implementation matching 144
Feb 06, 2026 7:57:05 PM org.openqa.selenium.chromium.ChromiumDriver lambda$new$5
WARNING: Unable to find version of CDP to use for 144.0.7559.112. You may need to include a dependency on a specific version of the CDP using something similar to `org.seleniumhq.selenium:selenium-devtools-v86:4.27.0` where the version ("v86") matches the version of the chromium-based browser you're using and the version number of the artifact is the same as Selenium's.
19:57:05.421 [main] INFO  com.saucedemo.base.BaseTest - WebDriver initialized successfully
19:57:05.465 [main] INFO  com.saucedemo.base.BaseTest - WebDriver configured with timeouts and maximized window
19:57:05.465 [main] INFO  com.saucedemo.base.BaseTest - Navigating to application URL: https://www.saucedemo.com/
19:57:08.466 [main] INFO  com.saucedemo.base.BaseTest - Starting testEmptyPassword
19:57:08.467 [main] INFO  com.saucedemo.pages.BasePage - LoginPage initialized
19:57:08.468 [main] INFO  com.saucedemo.pages.BasePage - Attempting login with username: standard_user
19:57:08.468 [main] INFO  com.saucedemo.pages.BasePage - Entering username: standard_user
19:57:08.498 [main] DEBUG com.saucedemo.pages.BasePage - Waiting for element to be visible
19:57:08.697 [main] DEBUG com.saucedemo.pages.BasePage - Entered text: standard_user
19:57:08.698 [main] INFO  com.saucedemo.pages.BasePage - Entering password
19:57:08.725 [main] DEBUG com.saucedemo.pages.BasePage - Waiting for element to be visible
19:57:08.847 [main] DEBUG com.saucedemo.pages.BasePage - Entered text:
19:57:08.861 [main] DEBUG com.saucedemo.pages.BasePage - Waiting for element to be clickable
19:57:08.978 [main] DEBUG com.saucedemo.pages.BasePage - Clicked on element
19:57:09.002 [main] DEBUG com.saucedemo.pages.BasePage - Element displayed: true
19:57:09.003 [main] INFO  com.saucedemo.pages.BasePage - Error message displayed: true
19:57:09.004 [main] DEBUG com.saucedemo.pages.BasePage - Waiting for element to be visible
19:57:09.044 [main] DEBUG com.saucedemo.pages.BasePage - Retrieved text: Epic sadface: Password is required
19:57:09.044 [main] INFO  com.saucedemo.pages.BasePage - Error message: Epic sadface: Password is required
19:57:09.044 [main] INFO  com.saucedemo.base.BaseTest - testEmptyPassword completed successfully
19:57:09.047 [main] INFO  com.saucedemo.base.BaseTest - Test passed: testEmptyPassword
19:57:09.047 [main] INFO  com.saucedemo.base.BaseTest - Closing browser
19:57:09.308 [main] INFO  com.saucedemo.base.BaseTest - Setting up test environment
19:57:09.309 [main] INFO  com.saucedemo.base.BaseTest - Initializing chrome driver (headless: false)
Feb 06, 2026 7:57:10 PM org.openqa.selenium.devtools.CdpVersionFinder findNearestMatch
WARNING: Unable to find CDP implementation matching 144
Feb 06, 2026 7:57:10 PM org.openqa.selenium.chromium.ChromiumDriver lambda$new$5
WARNING: Unable to find version of CDP to use for 144.0.7559.112. You may need to include a dependency on a specific version of the CDP using something similar to `org.seleniumhq.selenium:selenium-devtools-v86:4.27.0` where the version ("v86") matches the version of the chromium-based browser you're using and the version number of the artifact is the same as Selenium's.
19:57:10.545 [main] INFO  com.saucedemo.base.BaseTest - WebDriver initialized successfully
19:57:10.600 [main] INFO  com.saucedemo.base.BaseTest - WebDriver configured with timeouts and maximized window
19:57:10.600 [main] INFO  com.saucedemo.base.BaseTest - Navigating to application URL: https://www.saucedemo.com/
19:57:11.736 [main] INFO  com.saucedemo.base.BaseTest - Starting testSuccessfulLogout
19:57:11.737 [main] INFO  com.saucedemo.pages.BasePage - LoginPage initialized
19:57:11.737 [main] INFO  com.saucedemo.pages.BasePage - Performing login with username: standard_user
19:57:11.738 [main] INFO  com.saucedemo.pages.BasePage - Entering username: standard_user
19:57:12.367 [main] DEBUG com.saucedemo.pages.BasePage - Waiting for element to be visible
19:57:12.638 [main] DEBUG com.saucedemo.pages.BasePage - Entered text: standard_user
19:57:12.638 [main] INFO  com.saucedemo.pages.BasePage - Entering password
19:57:12.653 [main] DEBUG com.saucedemo.pages.BasePage - Waiting for element to be visible
19:57:12.838 [main] DEBUG com.saucedemo.pages.BasePage - Entered text: secret_sauce
19:57:12.839 [main] INFO  com.saucedemo.pages.BasePage - Clicking login button
19:57:12.859 [main] DEBUG com.saucedemo.pages.BasePage - Waiting for element to be clickable
19:57:13.074 [main] DEBUG com.saucedemo.pages.BasePage - Clicked on element
19:57:13.076 [main] INFO  com.saucedemo.pages.BasePage - ProductsPage initialized
19:57:13.091 [main] DEBUG com.saucedemo.pages.BasePage - Current URL: https://www.saucedemo.com/inventory.html
19:57:13.091 [main] DEBUG com.saucedemo.pages.BasePage - Waiting for element to be visible
19:57:13.154 [main] DEBUG com.saucedemo.pages.BasePage - Retrieved text: Products
19:57:13.154 [main] INFO  com.saucedemo.pages.BasePage - Page title: Products
19:57:13.155 [main] INFO  com.saucedemo.pages.BasePage - On products page: true
19:57:13.155 [main] INFO  com.saucedemo.pages.BasePage - Clicking logout
19:57:13.175 [main] DEBUG com.saucedemo.pages.BasePage - Element displayed: false
19:57:13.176 [main] INFO  com.saucedemo.pages.BasePage - Opening hamburger menu
19:57:13.185 [main] DEBUG com.saucedemo.pages.BasePage - Waiting for element to be clickable
19:57:13.289 [main] DEBUG com.saucedemo.pages.BasePage - Clicked on element
19:57:13.289 [main] DEBUG com.saucedemo.pages.BasePage - Waiting for element to be visible
19:57:13.883 [main] DEBUG com.saucedemo.pages.BasePage - Waiting for element to be clickable
19:57:13.987 [main] DEBUG com.saucedemo.pages.BasePage - Clicked on element
19:57:13.987 [main] INFO  com.saucedemo.pages.BasePage - LoginPage initialized
19:57:13.993 [main] DEBUG com.saucedemo.pages.BasePage - Current URL: https://www.saucedemo.com/inventory.html
19:57:24.018 [main] DEBUG com.saucedemo.pages.BasePage - Element not displayed
19:57:24.019 [main] INFO  com.saucedemo.pages.BasePage - Login button displayed: false
19:57:24.019 [main] INFO  com.saucedemo.pages.BasePage - On login page: false
19:57:24.047 [main] ERROR com.saucedemo.base.BaseTest - Test failed: testSuccessfulLogout
19:57:24.395 [main] INFO  com.saucedemo.base.BaseTest - Screenshot captured: testSuccessfulLogout
19:57:24.395 [main] INFO  com.saucedemo.base.BaseTest - Closing browser
19:57:25.464 [main] INFO  com.saucedemo.base.BaseTest - Setting up test environment
19:57:25.464 [main] INFO  com.saucedemo.base.BaseTest - Initializing chrome driver (headless: false)
Feb 06, 2026 7:57:26 PM org.openqa.selenium.devtools.CdpVersionFinder findNearestMatch
WARNING: Unable to find CDP implementation matching 144
Feb 06, 2026 7:57:26 PM org.openqa.selenium.chromium.ChromiumDriver lambda$new$5
WARNING: Unable to find version of CDP to use for 144.0.7559.112. You may need to include a dependency on a specific version of the CDP using something similar to `org.seleniumhq.selenium:selenium-devtools-v86:4.27.0` where the version ("v86") matches the version of the chromium-based browser you're using and the version number of the artifact is the same as Selenium's.
19:57:26.606 [main] INFO  com.saucedemo.base.BaseTest - WebDriver initialized successfully
19:57:26.657 [main] INFO  com.saucedemo.base.BaseTest - WebDriver configured with timeouts and maximized window
19:57:26.657 [main] INFO  com.saucedemo.base.BaseTest - Navigating to application URL: https://www.saucedemo.com/
19:57:28.113 [main] INFO  com.saucedemo.base.BaseTest - Starting testLogoutRedirectsToLogin
19:57:28.114 [main] INFO  com.saucedemo.pages.BasePage - LoginPage initialized
19:57:28.115 [main] INFO  com.saucedemo.pages.BasePage - Performing login with username: standard_user
19:57:28.115 [main] INFO  com.saucedemo.pages.BasePage - Entering username: standard_user
19:57:28.153 [main] DEBUG com.saucedemo.pages.BasePage - Waiting for element to be visible
19:57:28.685 [main] DEBUG com.saucedemo.pages.BasePage - Entered text: standard_user
19:57:28.686 [main] INFO  com.saucedemo.pages.BasePage - Entering password
19:57:28.703 [main] DEBUG com.saucedemo.pages.BasePage - Waiting for element to be visible
19:57:28.870 [main] DEBUG com.saucedemo.pages.BasePage - Entered text: secret_sauce
19:57:28.871 [main] INFO  com.saucedemo.pages.BasePage - Clicking login button
19:57:28.882 [main] DEBUG com.saucedemo.pages.BasePage - Waiting for element to be clickable
19:57:29.186 [main] DEBUG com.saucedemo.pages.BasePage - Clicked on element
19:57:29.189 [main] INFO  com.saucedemo.pages.BasePage - ProductsPage initialized
19:57:29.194 [main] INFO  com.saucedemo.pages.BasePage - Clicking logout
19:57:29.259 [main] DEBUG com.saucedemo.pages.BasePage - Element displayed: false
19:57:29.259 [main] INFO  com.saucedemo.pages.BasePage - Opening hamburger menu
19:57:29.286 [main] DEBUG com.saucedemo.pages.BasePage - Waiting for element to be clickable
19:57:29.406 [main] DEBUG com.saucedemo.pages.BasePage - Clicked on element
19:57:29.406 [main] DEBUG com.saucedemo.pages.BasePage - Waiting for element to be visible
19:57:30.001 [main] DEBUG com.saucedemo.pages.BasePage - Waiting for element to be clickable
19:57:30.186 [main] DEBUG com.saucedemo.pages.BasePage - Clicked on element
19:57:30.187 [main] INFO  com.saucedemo.pages.BasePage - LoginPage initialized
19:57:40.221 [main] DEBUG com.saucedemo.pages.BasePage - Element not displayed
19:57:40.222 [main] INFO  com.saucedemo.pages.BasePage - Username field displayed: false
19:57:40.229 [main] ERROR com.saucedemo.base.BaseTest - Test failed: testLogoutRedirectsToLogin
19:57:40.548 [main] INFO  com.saucedemo.base.BaseTest - Screenshot captured: testLogoutRedirectsToLogin
19:57:40.549 [main] INFO  com.saucedemo.base.BaseTest - Closing browser
19:57:41.682 [main] INFO  com.saucedemo.base.BaseTest - Setting up test environment
19:57:41.682 [main] INFO  com.saucedemo.base.BaseTest - Initializing chrome driver (headless: false)
Feb 06, 2026 7:57:42 PM org.openqa.selenium.devtools.CdpVersionFinder findNearestMatch
WARNING: Unable to find CDP implementation matching 144
Feb 06, 2026 7:57:42 PM org.openqa.selenium.chromium.ChromiumDriver lambda$new$5
WARNING: Unable to find version of CDP to use for 144.0.7559.112. You may need to include a dependency on a specific version of the CDP using something similar to `org.seleniumhq.selenium:selenium-devtools-v86:4.27.0` where the version ("v86") matches the version of the chromium-based browser you're using and the version number of the artifact is the same as Selenium's.
19:57:42.550 [main] INFO  com.saucedemo.base.BaseTest - WebDriver initialized successfully
19:57:42.625 [main] INFO  com.saucedemo.base.BaseTest - WebDriver configured with timeouts and maximized window
19:57:42.626 [main] INFO  com.saucedemo.base.BaseTest - Navigating to application URL: https://www.saucedemo.com/
19:57:44.462 [main] INFO  com.saucedemo.base.BaseTest - Starting testCannotAccessPagesAfterLogout
19:57:44.463 [main] INFO  com.saucedemo.pages.BasePage - LoginPage initialized
19:57:44.463 [main] INFO  com.saucedemo.pages.BasePage - Performing login with username: standard_user
19:57:44.466 [main] INFO  com.saucedemo.pages.BasePage - Entering username: standard_user
19:57:44.496 [main] DEBUG com.saucedemo.pages.BasePage - Waiting for element to be visible
19:57:44.907 [main] DEBUG com.saucedemo.pages.BasePage - Entered text: standard_user
19:57:44.907 [main] INFO  com.saucedemo.pages.BasePage - Entering password
19:57:44.961 [main] DEBUG com.saucedemo.pages.BasePage - Waiting for element to be visible
19:57:45.234 [main] DEBUG com.saucedemo.pages.BasePage - Entered text: secret_sauce
19:57:45.235 [main] INFO  com.saucedemo.pages.BasePage - Clicking login button
19:57:45.263 [main] DEBUG com.saucedemo.pages.BasePage - Waiting for element to be clickable
19:57:45.536 [main] DEBUG com.saucedemo.pages.BasePage - Clicked on element
19:57:45.539 [main] INFO  com.saucedemo.pages.BasePage - ProductsPage initialized
19:57:45.540 [main] INFO  com.saucedemo.pages.BasePage - Clicking logout
19:57:45.632 [main] DEBUG com.saucedemo.pages.BasePage - Element displayed: false
19:57:45.632 [main] INFO  com.saucedemo.pages.BasePage - Opening hamburger menu
19:57:45.644 [main] DEBUG com.saucedemo.pages.BasePage - Waiting for element to be clickable
19:57:45.753 [main] DEBUG com.saucedemo.pages.BasePage - Clicked on element
19:57:45.753 [main] DEBUG com.saucedemo.pages.BasePage - Waiting for element to be visible
19:57:46.312 [main] DEBUG com.saucedemo.pages.BasePage - Waiting for element to be clickable
19:57:46.401 [main] DEBUG com.saucedemo.pages.BasePage - Clicked on element
19:57:46.402 [main] INFO  com.saucedemo.pages.BasePage - LoginPage initialized
19:57:49.308 [main] INFO  com.saucedemo.pages.BasePage - LoginPage initialized
19:57:49.369 [main] DEBUG com.saucedemo.pages.BasePage - Current URL: https://www.saucedemo.com/inventory.html
19:57:59.405 [main] DEBUG com.saucedemo.pages.BasePage - Element not displayed
19:57:59.406 [main] INFO  com.saucedemo.pages.BasePage - Login button displayed: false
19:57:59.406 [main] INFO  com.saucedemo.pages.BasePage - On login page: false
19:58:09.455 [main] DEBUG com.saucedemo.pages.BasePage - Element not displayed
19:58:09.458 [main] INFO  com.saucedemo.pages.BasePage - Error message displayed: false
19:58:09.467 [main] ERROR com.saucedemo.base.BaseTest - Test failed: testCannotAccessPagesAfterLogout
19:58:09.825 [main] INFO  com.saucedemo.base.BaseTest - Screenshot captured: testCannotAccessPagesAfterLogout
19:58:09.825 [main] INFO  com.saucedemo.base.BaseTest - Closing browser
19:58:10.155 [main] INFO  com.saucedemo.base.BaseTest - Setting up test environment
19:58:10.155 [main] INFO  com.saucedemo.base.BaseTest - Initializing chrome driver (headless: false)
Feb 06, 2026 7:58:11 PM org.openqa.selenium.devtools.CdpVersionFinder findNearestMatch
WARNING: Unable to find CDP implementation matching 144
Feb 06, 2026 7:58:11 PM org.openqa.selenium.chromium.ChromiumDriver lambda$new$5
WARNING: Unable to find version of CDP to use for 144.0.7559.112. You may need to include a dependency on a specific version of the CDP using something similar to `org.seleniumhq.selenium:selenium-devtools-v86:4.27.0` where the version ("v86") matches the version of the chromium-based browser you're using and the version number of the artifact is the same as Selenium's.
19:58:11.272 [main] INFO  com.saucedemo.base.BaseTest - WebDriver initialized successfully
19:58:11.316 [main] INFO  com.saucedemo.base.BaseTest - WebDriver configured with timeouts and maximized window
19:58:11.316 [main] INFO  com.saucedemo.base.BaseTest - Navigating to application URL: https://www.saucedemo.com/
19:58:13.696 [main] INFO  com.saucedemo.pages.BasePage - LoginPage initialized
19:58:13.696 [main] INFO  com.saucedemo.pages.BasePage - Performing login with username: standard_user
19:58:13.697 [main] INFO  com.saucedemo.pages.BasePage - Entering username: standard_user
19:58:13.718 [main] DEBUG com.saucedemo.pages.BasePage - Waiting for element to be visible
19:58:13.989 [main] DEBUG com.saucedemo.pages.BasePage - Entered text: standard_user
19:58:13.989 [main] INFO  com.saucedemo.pages.BasePage - Entering password
19:58:14.003 [main] DEBUG com.saucedemo.pages.BasePage - Waiting for element to be visible
19:58:14.135 [main] DEBUG com.saucedemo.pages.BasePage - Entered text: secret_sauce
19:58:14.136 [main] INFO  com.saucedemo.pages.BasePage - Clicking login button
19:58:14.147 [main] DEBUG com.saucedemo.pages.BasePage - Waiting for element to be clickable
19:58:14.297 [main] DEBUG com.saucedemo.pages.BasePage - Clicked on element
19:58:14.301 [main] INFO  com.saucedemo.pages.BasePage - ProductsPage initialized
19:58:14.302 [main] INFO  com.saucedemo.base.BaseTest - Logged in successfully before test
19:58:14.309 [main] INFO  com.saucedemo.base.BaseTest - Starting testAddSingleItemToCart
19:58:14.309 [main] INFO  com.saucedemo.pages.BasePage - Adding item to cart: Sauce Labs Backpack
19:58:14.311 [main] DEBUG com.saucedemo.pages.BasePage - Waiting for element to be clickable: By.xpath: //div[text()='Sauce Labs Backpack']/ancestor::div[@class='inventory_item']//button[contains(text(),'Add to cart')]
19:58:14.409 [main] DEBUG com.saucedemo.pages.BasePage - Clicked on element: By.xpath: //div[text()='Sauce Labs Backpack']/ancestor::div[@class='inventory_item']//button[contains(text(),'Add to cart')]
19:58:14.409 [main] DEBUG com.saucedemo.pages.BasePage - Waiting for element to be visible: By.xpath: //div[text()='Sauce Labs Backpack']/ancestor::div[@class='inventory_item']//button[contains(text(),'Remove')]
19:58:14.437 [main] DEBUG com.saucedemo.pages.BasePage - Waiting for element to be visible
19:58:14.489 [main] DEBUG com.saucedemo.pages.BasePage - Retrieved text: 1
19:58:14.490 [main] INFO  com.saucedemo.pages.BasePage - Cart badge count: 1
19:58:14.515 [main] DEBUG com.saucedemo.pages.BasePage - Element By.xpath: //div[text()='Sauce Labs Backpack']/ancestor::div[@class='inventory_item']//button[contains(text(),'Remove')] displayed: true
19:58:14.516 [main] INFO  com.saucedemo.pages.BasePage - Remove button for 'Sauce Labs Backpack' displayed: true
19:58:14.517 [main] INFO  com.saucedemo.pages.BasePage - Clicking on cart icon
19:58:14.537 [main] DEBUG com.saucedemo.pages.BasePage - Waiting for element to be clickable
19:58:14.662 [main] DEBUG com.saucedemo.pages.BasePage - Clicked on element
19:58:14.696 [main] INFO  com.saucedemo.pages.BasePage - CartPage initialized
19:58:14.816 [main] DEBUG com.saucedemo.pages.BasePage - Element By.xpath: //div[text()='Sauce Labs Backpack'] displayed: true
19:58:14.817 [main] INFO  com.saucedemo.pages.BasePage - Product 'Sauce Labs Backpack' in cart: true
19:58:24.828 [main] INFO  com.saucedemo.pages.BasePage - Cart item count: 0
19:58:24.834 [main] ERROR com.saucedemo.base.BaseTest - Test failed: testAddSingleItemToCart
19:58:25.167 [main] INFO  com.saucedemo.base.BaseTest - Screenshot captured: testAddSingleItemToCart
19:58:25.167 [main] INFO  com.saucedemo.base.BaseTest - Closing browser
19:58:25.954 [main] INFO  com.saucedemo.base.BaseTest - Setting up test environment
19:58:25.954 [main] INFO  com.saucedemo.base.BaseTest - Initializing chrome driver (headless: false)
Feb 06, 2026 7:58:27 PM org.openqa.selenium.devtools.CdpVersionFinder findNearestMatch
WARNING: Unable to find CDP implementation matching 144
Feb 06, 2026 7:58:27 PM org.openqa.selenium.chromium.ChromiumDriver lambda$new$5
WARNING: Unable to find version of CDP to use for 144.0.7559.112. You may need to include a dependency on a specific version of the CDP using something similar to `org.seleniumhq.selenium:selenium-devtools-v86:4.27.0` where the version ("v86") matches the version of the chromium-based browser you're using and the version number of the artifact is the same as Selenium's.
19:58:27.151 [main] INFO  com.saucedemo.base.BaseTest - WebDriver initialized successfully
19:58:27.199 [main] INFO  com.saucedemo.base.BaseTest - WebDriver configured with timeouts and maximized window
19:58:27.199 [main] INFO  com.saucedemo.base.BaseTest - Navigating to application URL: https://www.saucedemo.com/
19:58:29.669 [main] INFO  com.saucedemo.pages.BasePage - LoginPage initialized
19:58:29.670 [main] INFO  com.saucedemo.pages.BasePage - Performing login with username: standard_user
19:58:29.670 [main] INFO  com.saucedemo.pages.BasePage - Entering username: standard_user
19:58:29.689 [main] DEBUG com.saucedemo.pages.BasePage - Waiting for element to be visible
19:58:29.905 [main] DEBUG com.saucedemo.pages.BasePage - Entered text: standard_user
19:58:29.906 [main] INFO  com.saucedemo.pages.BasePage - Entering password
19:58:29.921 [main] DEBUG com.saucedemo.pages.BasePage - Waiting for element to be visible
19:58:30.132 [main] DEBUG com.saucedemo.pages.BasePage - Entered text: secret_sauce
19:58:30.132 [main] INFO  com.saucedemo.pages.BasePage - Clicking login button
19:58:30.148 [main] DEBUG com.saucedemo.pages.BasePage - Waiting for element to be clickable
19:58:30.335 [main] DEBUG com.saucedemo.pages.BasePage - Clicked on element
19:58:30.336 [main] INFO  com.saucedemo.pages.BasePage - ProductsPage initialized
19:58:30.336 [main] INFO  com.saucedemo.base.BaseTest - Logged in successfully before test
19:58:30.342 [main] INFO  com.saucedemo.base.BaseTest - Starting testAddMultipleItemsToCart
19:58:30.343 [main] INFO  com.saucedemo.pages.BasePage - Adding item to cart: Sauce Labs Backpack
19:58:30.343 [main] DEBUG com.saucedemo.pages.BasePage - Waiting for element to be clickable: By.xpath: //div[text()='Sauce Labs Backpack']/ancestor::div[@class='inventory_item']//button[contains(text(),'Add to cart')]
19:58:30.436 [main] DEBUG com.saucedemo.pages.BasePage - Clicked on element: By.xpath: //div[text()='Sauce Labs Backpack']/ancestor::div[@class='inventory_item']//button[contains(text(),'Add to cart')]
19:58:30.436 [main] DEBUG com.saucedemo.pages.BasePage - Waiting for element to be visible: By.xpath: //div[text()='Sauce Labs Backpack']/ancestor::div[@class='inventory_item']//button[contains(text(),'Remove')]
19:58:30.458 [main] INFO  com.saucedemo.pages.BasePage - Adding item to cart: Sauce Labs Bike Light
19:58:30.458 [main] DEBUG com.saucedemo.pages.BasePage - Waiting for element to be clickable: By.xpath: //div[text()='Sauce Labs Bike Light']/ancestor::div[@class='inventory_item']//button[contains(text(),'Add to cart')]
19:58:30.532 [main] DEBUG com.saucedemo.pages.BasePage - Clicked on element: By.xpath: //div[text()='Sauce Labs Bike Light']/ancestor::div[@class='inventory_item']//button[contains(text(),'Add to cart')]
19:58:30.533 [main] DEBUG com.saucedemo.pages.BasePage - Waiting for element to be visible: By.xpath: //div[text()='Sauce Labs Bike Light']/ancestor::div[@class='inventory_item']//button[contains(text(),'Remove')]
19:58:30.553 [main] INFO  com.saucedemo.pages.BasePage - Adding item to cart: Sauce Labs Bolt T-Shirt
19:58:30.553 [main] DEBUG com.saucedemo.pages.BasePage - Waiting for element to be clickable: By.xpath: //div[text()='Sauce Labs Bolt T-Shirt']/ancestor::div[@class='inventory_item']//button[contains(text(),'Add to cart')]
19:58:30.660 [main] DEBUG com.saucedemo.pages.BasePage - Clicked on element: By.xpath: //div[text()='Sauce Labs Bolt T-Shirt']/ancestor::div[@class='inventory_item']//button[contains(text(),'Add to cart')]
19:58:30.660 [main] DEBUG com.saucedemo.pages.BasePage - Waiting for element to be visible: By.xpath: //div[text()='Sauce Labs Bolt T-Shirt']/ancestor::div[@class='inventory_item']//button[contains(text(),'Remove')]
19:58:51.233 [main] ERROR com.saucedemo.base.BaseTest - Test failed: testAddMultipleItemsToCart
19:58:51.763 [main] INFO  com.saucedemo.base.BaseTest - Screenshot captured: testAddMultipleItemsToCart
19:58:51.764 [main] INFO  com.saucedemo.base.BaseTest - Closing browser
19:58:53.938 [main] INFO  com.saucedemo.base.BaseTest - Setting up test environment
19:58:53.938 [main] INFO  com.saucedemo.base.BaseTest - Initializing chrome driver (headless: false)
Feb 06, 2026 7:58:55 PM org.openqa.selenium.devtools.CdpVersionFinder findNearestMatch
WARNING: Unable to find CDP implementation matching 144
Feb 06, 2026 7:58:55 PM org.openqa.selenium.chromium.ChromiumDriver lambda$new$5
WARNING: Unable to find version of CDP to use for 144.0.7559.112. You may need to include a dependency on a specific version of the CDP using something similar to `org.seleniumhq.selenium:selenium-devtools-v86:4.27.0` where the version ("v86") matches the version of the chromium-based browser you're using and the version number of the artifact is the same as Selenium's.
19:58:55.026 [main] INFO  com.saucedemo.base.BaseTest - WebDriver initialized successfully
19:58:55.088 [main] INFO  com.saucedemo.base.BaseTest - WebDriver configured with timeouts and maximized window
19:58:55.088 [main] INFO  com.saucedemo.base.BaseTest - Navigating to application URL: https://www.saucedemo.com/
19:58:56.410 [main] INFO  com.saucedemo.pages.BasePage - LoginPage initialized
19:58:56.411 [main] INFO  com.saucedemo.pages.BasePage - Performing login with username: standard_user
19:58:56.412 [main] INFO  com.saucedemo.pages.BasePage - Entering username: standard_user
19:58:56.439 [main] DEBUG com.saucedemo.pages.BasePage - Waiting for element to be visible
19:58:56.690 [main] DEBUG com.saucedemo.pages.BasePage - Entered text: standard_user
19:58:56.690 [main] INFO  com.saucedemo.pages.BasePage - Entering password
19:58:56.705 [main] DEBUG com.saucedemo.pages.BasePage - Waiting for element to be visible
19:58:56.917 [main] DEBUG com.saucedemo.pages.BasePage - Entered text: secret_sauce
19:58:56.918 [main] INFO  com.saucedemo.pages.BasePage - Clicking login button
19:58:56.943 [main] DEBUG com.saucedemo.pages.BasePage - Waiting for element to be clickable
19:58:57.179 [main] DEBUG com.saucedemo.pages.BasePage - Clicked on element
19:58:57.182 [main] INFO  com.saucedemo.pages.BasePage - ProductsPage initialized
19:58:57.186 [main] INFO  com.saucedemo.base.BaseTest - Logged in successfully before test
19:58:57.361 [main] INFO  com.saucedemo.base.BaseTest - Starting testRemoveItemFromProductsPage
19:58:57.363 [main] INFO  com.saucedemo.pages.BasePage - Adding item to cart: Sauce Labs Backpack
19:58:57.363 [main] DEBUG com.saucedemo.pages.BasePage - Waiting for element to be clickable: By.xpath: //div[text()='Sauce Labs Backpack']/ancestor::div[@class='inventory_item']//button[contains(text(),'Add to cart')]
19:58:57.632 [main] DEBUG com.saucedemo.pages.BasePage - Clicked on element: By.xpath: //div[text()='Sauce Labs Backpack']/ancestor::div[@class='inventory_item']//button[contains(text(),'Add to cart')]
19:58:57.635 [main] DEBUG com.saucedemo.pages.BasePage - Waiting for element to be visible: By.xpath: //div[text()='Sauce Labs Backpack']/ancestor::div[@class='inventory_item']//button[contains(text(),'Remove')]
19:59:18.360 [main] ERROR com.saucedemo.base.BaseTest - Test failed: testRemoveItemFromProductsPage
19:59:18.738 [main] INFO  com.saucedemo.base.BaseTest - Screenshot captured: testRemoveItemFromProductsPage
19:59:18.738 [main] INFO  com.saucedemo.base.BaseTest - Closing browser
19:59:19.030 [main] INFO  com.saucedemo.base.BaseTest - Setting up test environment
19:59:19.030 [main] INFO  com.saucedemo.base.BaseTest - Initializing chrome driver (headless: false)
Feb 06, 2026 7:59:20 PM org.openqa.selenium.devtools.CdpVersionFinder findNearestMatch
WARNING: Unable to find CDP implementation matching 144
Feb 06, 2026 7:59:20 PM org.openqa.selenium.chromium.ChromiumDriver lambda$new$5
WARNING: Unable to find version of CDP to use for 144.0.7559.112. You may need to include a dependency on a specific version of the CDP using something similar to `org.seleniumhq.selenium:selenium-devtools-v86:4.27.0` where the version ("v86") matches the version of the chromium-based browser you're using and the version number of the artifact is the same as Selenium's.
19:59:20.192 [main] INFO  com.saucedemo.base.BaseTest - WebDriver initialized successfully
19:59:20.259 [main] INFO  com.saucedemo.base.BaseTest - WebDriver configured with timeouts and maximized window
19:59:20.260 [main] INFO  com.saucedemo.base.BaseTest - Navigating to application URL: https://www.saucedemo.com/
19:59:21.827 [main] INFO  com.saucedemo.pages.BasePage - LoginPage initialized
19:59:21.827 [main] INFO  com.saucedemo.pages.BasePage - Performing login with username: standard_user
19:59:21.828 [main] INFO  com.saucedemo.pages.BasePage - Entering username: standard_user
19:59:21.844 [main] DEBUG com.saucedemo.pages.BasePage - Waiting for element to be visible
19:59:22.003 [main] DEBUG com.saucedemo.pages.BasePage - Entered text: standard_user
19:59:22.004 [main] INFO  com.saucedemo.pages.BasePage - Entering password
19:59:22.015 [main] DEBUG com.saucedemo.pages.BasePage - Waiting for element to be visible
19:59:22.126 [main] DEBUG com.saucedemo.pages.BasePage - Entered text: secret_sauce
19:59:22.127 [main] INFO  com.saucedemo.pages.BasePage - Clicking login button
19:59:22.140 [main] DEBUG com.saucedemo.pages.BasePage - Waiting for element to be clickable
19:59:22.364 [main] DEBUG com.saucedemo.pages.BasePage - Clicked on element
19:59:22.365 [main] INFO  com.saucedemo.pages.BasePage - ProductsPage initialized
19:59:22.366 [main] INFO  com.saucedemo.base.BaseTest - Logged in successfully before test
19:59:22.372 [main] INFO  com.saucedemo.base.BaseTest - Starting testRemoveItemFromCartPage
19:59:22.373 [main] INFO  com.saucedemo.pages.BasePage - Adding item to cart: Sauce Labs Backpack
19:59:22.373 [main] DEBUG com.saucedemo.pages.BasePage - Waiting for element to be clickable: By.xpath: //div[text()='Sauce Labs Backpack']/ancestor::div[@class='inventory_item']//button[contains(text(),'Add to cart')]
19:59:22.469 [main] DEBUG com.saucedemo.pages.BasePage - Clicked on element: By.xpath: //div[text()='Sauce Labs Backpack']/ancestor::div[@class='inventory_item']//button[contains(text(),'Add to cart')]
19:59:22.469 [main] DEBUG com.saucedemo.pages.BasePage - Waiting for element to be visible: By.xpath: //div[text()='Sauce Labs Backpack']/ancestor::div[@class='inventory_item']//button[contains(text(),'Remove')]
19:59:22.494 [main] INFO  com.saucedemo.pages.BasePage - Clicking on cart icon
19:59:22.509 [main] DEBUG com.saucedemo.pages.BasePage - Waiting for element to be clickable
19:59:22.594 [main] DEBUG com.saucedemo.pages.BasePage - Clicked on element
19:59:22.597 [main] INFO  com.saucedemo.pages.BasePage - CartPage initialized
19:59:22.613 [main] INFO  com.saucedemo.pages.BasePage - Cart item count: 1
19:59:22.613 [main] INFO  com.saucedemo.pages.BasePage - Removing item from cart: Sauce Labs Backpack
19:59:22.614 [main] DEBUG com.saucedemo.pages.BasePage - Waiting for element to be clickable: By.xpath: //div[text()='Sauce Labs Backpack']/ancestor::div[@class='cart_item']//button[contains(text(),'Remove')]
19:59:22.700 [main] DEBUG com.saucedemo.pages.BasePage - Clicked on element: By.xpath: //div[text()='Sauce Labs Backpack']/ancestor::div[@class='cart_item']//button[contains(text(),'Remove')]
19:59:22.708 [main] INFO  com.saucedemo.pages.BasePage - Cart is empty: false
19:59:22.712 [main] ERROR com.saucedemo.base.BaseTest - Test failed: testRemoveItemFromCartPage
19:59:23.037 [main] INFO  com.saucedemo.base.BaseTest - Screenshot captured: testRemoveItemFromCartPage
19:59:23.037 [main] INFO  com.saucedemo.base.BaseTest - Closing browser
19:59:23.248 [main] INFO  com.saucedemo.base.BaseTest - Setting up test environment
19:59:23.248 [main] INFO  com.saucedemo.base.BaseTest - Initializing chrome driver (headless: false)
Feb 06, 2026 7:59:24 PM org.openqa.selenium.devtools.CdpVersionFinder findNearestMatch
WARNING: Unable to find CDP implementation matching 144
Feb 06, 2026 7:59:24 PM org.openqa.selenium.chromium.ChromiumDriver lambda$new$5
WARNING: Unable to find version of CDP to use for 144.0.7559.112. You may need to include a dependency on a specific version of the CDP using something similar to `org.seleniumhq.selenium:selenium-devtools-v86:4.27.0` where the version ("v86") matches the version of the chromium-based browser you're using and the version number of the artifact is the same as Selenium's.
19:59:24.447 [main] INFO  com.saucedemo.base.BaseTest - WebDriver initialized successfully
19:59:24.507 [main] INFO  com.saucedemo.base.BaseTest - WebDriver configured with timeouts and maximized window
19:59:24.507 [main] INFO  com.saucedemo.base.BaseTest - Navigating to application URL: https://www.saucedemo.com/
19:59:25.251 [main] INFO  com.saucedemo.pages.BasePage - LoginPage initialized
19:59:25.251 [main] INFO  com.saucedemo.pages.BasePage - Performing login with username: standard_user
19:59:25.251 [main] INFO  com.saucedemo.pages.BasePage - Entering username: standard_user
19:59:25.265 [main] DEBUG com.saucedemo.pages.BasePage - Waiting for element to be visible
19:59:25.403 [main] DEBUG com.saucedemo.pages.BasePage - Entered text: standard_user
19:59:25.404 [main] INFO  com.saucedemo.pages.BasePage - Entering password
19:59:25.416 [main] DEBUG com.saucedemo.pages.BasePage - Waiting for element to be visible
19:59:25.517 [main] DEBUG com.saucedemo.pages.BasePage - Entered text: secret_sauce
19:59:25.518 [main] INFO  com.saucedemo.pages.BasePage - Clicking login button
19:59:25.528 [main] DEBUG com.saucedemo.pages.BasePage - Waiting for element to be clickable
19:59:25.696 [main] DEBUG com.saucedemo.pages.BasePage - Clicked on element
19:59:25.699 [main] INFO  com.saucedemo.pages.BasePage - ProductsPage initialized
19:59:25.699 [main] INFO  com.saucedemo.base.BaseTest - Logged in successfully before test
19:59:25.708 [main] INFO  com.saucedemo.base.BaseTest - Starting testCartBadgeCount
19:59:35.767 [main] DEBUG com.saucedemo.pages.BasePage - Element not displayed
19:59:35.767 [main] INFO  com.saucedemo.pages.BasePage - Cart badge displayed: false
19:59:35.767 [main] INFO  com.saucedemo.pages.BasePage - Adding item to cart: Sauce Labs Backpack
19:59:35.768 [main] DEBUG com.saucedemo.pages.BasePage - Waiting for element to be clickable: By.xpath: //div[text()='Sauce Labs Backpack']/ancestor::div[@class='inventory_item']//button[contains(text(),'Add to cart')]
19:59:35.923 [main] DEBUG com.saucedemo.pages.BasePage - Clicked on element: By.xpath: //div[text()='Sauce Labs Backpack']/ancestor::div[@class='inventory_item']//button[contains(text(),'Add to cart')]
19:59:35.924 [main] DEBUG com.saucedemo.pages.BasePage - Waiting for element to be visible: By.xpath: //div[text()='Sauce Labs Backpack']/ancestor::div[@class='inventory_item']//button[contains(text(),'Remove')]
19:59:56.548 [main] ERROR com.saucedemo.base.BaseTest - Test failed: testCartBadgeCount
19:59:57.032 [main] INFO  com.saucedemo.base.BaseTest - Screenshot captured: testCartBadgeCount
19:59:57.032 [main] INFO  com.saucedemo.base.BaseTest - Closing browser
19:59:57.311 [main] INFO  com.saucedemo.base.BaseTest - Setting up test environment
19:59:57.311 [main] INFO  com.saucedemo.base.BaseTest - Initializing chrome driver (headless: false)
Feb 06, 2026 7:59:58 PM org.openqa.selenium.devtools.CdpVersionFinder findNearestMatch
WARNING: Unable to find CDP implementation matching 144
Feb 06, 2026 7:59:58 PM org.openqa.selenium.chromium.ChromiumDriver lambda$new$5
WARNING: Unable to find version of CDP to use for 144.0.7559.112. You may need to include a dependency on a specific version of the CDP using something similar to `org.seleniumhq.selenium:selenium-devtools-v86:4.27.0` where the version ("v86") matches the version of the chromium-based browser you're using and the version number of the artifact is the same as Selenium's.
19:59:58.627 [main] INFO  com.saucedemo.base.BaseTest - WebDriver initialized successfully
19:59:58.848 [main] INFO  com.saucedemo.base.BaseTest - WebDriver configured with timeouts and maximized window
19:59:58.849 [main] INFO  com.saucedemo.base.BaseTest - Navigating to application URL: https://www.saucedemo.com/
19:59:59.527 [main] INFO  com.saucedemo.pages.BasePage - LoginPage initialized
19:59:59.527 [main] INFO  com.saucedemo.pages.BasePage - Performing login with username: standard_user
19:59:59.528 [main] INFO  com.saucedemo.pages.BasePage - Entering username: standard_user
19:59:59.542 [main] DEBUG com.saucedemo.pages.BasePage - Waiting for element to be visible
19:59:59.797 [main] DEBUG com.saucedemo.pages.BasePage - Entered text: standard_user
19:59:59.797 [main] INFO  com.saucedemo.pages.BasePage - Entering password
19:59:59.821 [main] DEBUG com.saucedemo.pages.BasePage - Waiting for element to be visible
19:59:59.994 [main] DEBUG com.saucedemo.pages.BasePage - Entered text: secret_sauce
19:59:59.994 [main] INFO  com.saucedemo.pages.BasePage - Clicking login button
20:00:00.017 [main] DEBUG com.saucedemo.pages.BasePage - Waiting for element to be clickable
20:00:00.213 [main] DEBUG com.saucedemo.pages.BasePage - Clicked on element
20:00:00.214 [main] INFO  com.saucedemo.pages.BasePage - ProductsPage initialized
20:00:00.214 [main] INFO  com.saucedemo.base.BaseTest - Logged in successfully before test
20:00:00.220 [main] INFO  com.saucedemo.base.BaseTest - Starting testContinueShopping
20:00:00.222 [main] INFO  com.saucedemo.pages.BasePage - Adding item to cart: Sauce Labs Backpack
20:00:00.222 [main] DEBUG com.saucedemo.pages.BasePage - Waiting for element to be clickable: By.xpath: //div[text()='Sauce Labs Backpack']/ancestor::div[@class='inventory_item']//button[contains(text(),'Add to cart')]
20:00:00.416 [main] DEBUG com.saucedemo.pages.BasePage - Clicked on element: By.xpath: //div[text()='Sauce Labs Backpack']/ancestor::div[@class='inventory_item']//button[contains(text(),'Add to cart')]
20:00:00.416 [main] DEBUG com.saucedemo.pages.BasePage - Waiting for element to be visible: By.xpath: //div[text()='Sauce Labs Backpack']/ancestor::div[@class='inventory_item']//button[contains(text(),'Remove')]
20:00:00.449 [main] INFO  com.saucedemo.pages.BasePage - Clicking on cart icon
20:00:00.462 [main] DEBUG com.saucedemo.pages.BasePage - Waiting for element to be clickable
20:00:00.588 [main] DEBUG com.saucedemo.pages.BasePage - Clicked on element
20:00:00.589 [main] INFO  com.saucedemo.pages.BasePage - CartPage initialized
20:00:00.589 [main] INFO  com.saucedemo.pages.BasePage - Clicking Continue Shopping button
20:00:10.643 [main] DEBUG com.saucedemo.pages.BasePage - Waiting for element to be clickable
20:00:41.312 [main] ERROR com.saucedemo.base.BaseTest - Test failed: testContinueShopping
20:00:41.673 [main] INFO  com.saucedemo.base.BaseTest - Screenshot captured: testContinueShopping
20:00:41.673 [main] INFO  com.saucedemo.base.BaseTest - Closing browser
20:00:41.975 [main] INFO  com.saucedemo.base.BaseTest - Setting up test environment
20:00:41.976 [main] INFO  com.saucedemo.base.BaseTest - Initializing chrome driver (headless: false)
Feb 06, 2026 8:00:43 PM org.openqa.selenium.devtools.CdpVersionFinder findNearestMatch
WARNING: Unable to find CDP implementation matching 144
Feb 06, 2026 8:00:43 PM org.openqa.selenium.chromium.ChromiumDriver lambda$new$5
WARNING: Unable to find version of CDP to use for 144.0.7559.112. You may need to include a dependency on a specific version of the CDP using something similar to `org.seleniumhq.selenium:selenium-devtools-v86:4.27.0` where the version ("v86") matches the version of the chromium-based browser you're using and the version number of the artifact is the same as Selenium's.
20:00:43.200 [main] INFO  com.saucedemo.base.BaseTest - WebDriver initialized successfully
20:00:43.260 [main] INFO  com.saucedemo.base.BaseTest - WebDriver configured with timeouts and maximized window
20:00:43.260 [main] INFO  com.saucedemo.base.BaseTest - Navigating to application URL: https://www.saucedemo.com/
20:00:45.244 [main] INFO  com.saucedemo.pages.BasePage - LoginPage initialized
20:00:45.244 [main] INFO  com.saucedemo.pages.BasePage - Performing login with username: standard_user
20:00:45.245 [main] INFO  com.saucedemo.pages.BasePage - Entering username: standard_user
20:00:45.266 [main] DEBUG com.saucedemo.pages.BasePage - Waiting for element to be visible
20:00:45.457 [main] DEBUG com.saucedemo.pages.BasePage - Entered text: standard_user
20:00:45.458 [main] INFO  com.saucedemo.pages.BasePage - Entering password
20:00:45.471 [main] DEBUG com.saucedemo.pages.BasePage - Waiting for element to be visible
20:00:45.665 [main] DEBUG com.saucedemo.pages.BasePage - Entered text: secret_sauce
20:00:45.665 [main] INFO  com.saucedemo.pages.BasePage - Clicking login button
20:00:45.679 [main] DEBUG com.saucedemo.pages.BasePage - Waiting for element to be clickable
20:00:45.885 [main] DEBUG com.saucedemo.pages.BasePage - Clicked on element
20:00:45.886 [main] INFO  com.saucedemo.pages.BasePage - ProductsPage initialized
20:00:45.886 [main] INFO  com.saucedemo.pages.BasePage - Adding item to cart: Sauce Labs Backpack
20:00:45.886 [main] DEBUG com.saucedemo.pages.BasePage - Waiting for element to be clickable: By.xpath: //div[text()='Sauce Labs Backpack']/ancestor::div[@class='inventory_item']//button[contains(text(),'Add to cart')]
20:00:45.969 [main] DEBUG com.saucedemo.pages.BasePage - Clicked on element: By.xpath: //div[text()='Sauce Labs Backpack']/ancestor::div[@class='inventory_item']//button[contains(text(),'Add to cart')]
20:00:45.969 [main] DEBUG com.saucedemo.pages.BasePage - Waiting for element to be visible: By.xpath: //div[text()='Sauce Labs Backpack']/ancestor::div[@class='inventory_item']//button[contains(text(),'Remove')]
20:00:45.993 [main] INFO  com.saucedemo.base.BaseTest - Logged in and added item to cart before test
20:00:45.998 [main] INFO  com.saucedemo.base.BaseTest - Starting testCompleteCheckoutFlow
20:00:45.998 [main] INFO  com.saucedemo.pages.BasePage - Clicking on cart icon
20:00:46.013 [main] DEBUG com.saucedemo.pages.BasePage - Waiting for element to be clickable
20:00:46.124 [main] DEBUG com.saucedemo.pages.BasePage - Clicked on element
20:00:46.125 [main] INFO  com.saucedemo.pages.BasePage - CartPage initialized
20:00:46.134 [main] DEBUG com.saucedemo.pages.BasePage - Current URL: https://www.saucedemo.com/cart.html
20:00:46.136 [main] DEBUG com.saucedemo.pages.BasePage - Waiting for element to be visible
20:00:46.246 [main] DEBUG com.saucedemo.pages.BasePage - Retrieved text: Your Cart
20:00:46.246 [main] INFO  com.saucedemo.pages.BasePage - Page title: Your Cart
20:00:46.246 [main] INFO  com.saucedemo.pages.BasePage - On cart page: true
20:00:46.247 [main] INFO  com.saucedemo.pages.BasePage - Clicking Checkout button
20:00:46.270 [main] DEBUG com.saucedemo.pages.BasePage - Waiting for element to be clickable
20:00:46.487 [main] DEBUG com.saucedemo.pages.BasePage - Clicked on element
20:00:46.505 [main] INFO  com.saucedemo.pages.BasePage - CheckoutInfoPage initialized
20:00:46.511 [main] DEBUG com.saucedemo.pages.BasePage - Current URL: https://www.saucedemo.com/cart.html
20:00:46.512 [main] INFO  com.saucedemo.pages.BasePage - On checkout info page: false
20:00:46.524 [main] ERROR com.saucedemo.base.BaseTest - Test failed: testCompleteCheckoutFlow
20:00:46.901 [main] INFO  com.saucedemo.base.BaseTest - Screenshot captured: testCompleteCheckoutFlow
20:00:46.901 [main] INFO  com.saucedemo.base.BaseTest - Closing browser
20:00:47.942 [main] INFO  com.saucedemo.base.BaseTest - Setting up test environment
20:00:47.943 [main] INFO  com.saucedemo.base.BaseTest - Initializing chrome driver (headless: false)
Feb 06, 2026 8:00:49 PM org.openqa.selenium.devtools.CdpVersionFinder findNearestMatch
WARNING: Unable to find CDP implementation matching 144
Feb 06, 2026 8:00:49 PM org.openqa.selenium.chromium.ChromiumDriver lambda$new$5
WARNING: Unable to find version of CDP to use for 144.0.7559.112. You may need to include a dependency on a specific version of the CDP using something similar to `org.seleniumhq.selenium:selenium-devtools-v86:4.27.0` where the version ("v86") matches the version of the chromium-based browser you're using and the version number of the artifact is the same as Selenium's.
20:00:49.108 [main] INFO  com.saucedemo.base.BaseTest - WebDriver initialized successfully
20:00:49.167 [main] INFO  com.saucedemo.base.BaseTest - WebDriver configured with timeouts and maximized window
20:00:49.168 [main] INFO  com.saucedemo.base.BaseTest - Navigating to application URL: https://www.saucedemo.com/
20:00:51.053 [main] INFO  com.saucedemo.pages.BasePage - LoginPage initialized
20:00:51.054 [main] INFO  com.saucedemo.pages.BasePage - Performing login with username: standard_user
20:00:51.055 [main] INFO  com.saucedemo.pages.BasePage - Entering username: standard_user
20:00:52.646 [main] DEBUG com.saucedemo.pages.BasePage - Waiting for element to be visible
20:00:52.886 [main] DEBUG com.saucedemo.pages.BasePage - Entered text: standard_user
20:00:52.887 [main] INFO  com.saucedemo.pages.BasePage - Entering password
20:00:52.903 [main] DEBUG com.saucedemo.pages.BasePage - Waiting for element to be visible
20:00:53.011 [main] DEBUG com.saucedemo.pages.BasePage - Entered text: secret_sauce
20:00:53.011 [main] INFO  com.saucedemo.pages.BasePage - Clicking login button
20:00:53.023 [main] DEBUG com.saucedemo.pages.BasePage - Waiting for element to be clickable
20:00:53.153 [main] DEBUG com.saucedemo.pages.BasePage - Clicked on element
20:00:53.154 [main] INFO  com.saucedemo.pages.BasePage - ProductsPage initialized
20:00:53.154 [main] INFO  com.saucedemo.pages.BasePage - Adding item to cart: Sauce Labs Backpack
20:00:53.155 [main] DEBUG com.saucedemo.pages.BasePage - Waiting for element to be clickable: By.xpath: //div[text()='Sauce Labs Backpack']/ancestor::div[@class='inventory_item']//button[contains(text(),'Add to cart')]
20:00:53.247 [main] DEBUG com.saucedemo.pages.BasePage - Clicked on element: By.xpath: //div[text()='Sauce Labs Backpack']/ancestor::div[@class='inventory_item']//button[contains(text(),'Add to cart')]
20:00:53.247 [main] DEBUG com.saucedemo.pages.BasePage - Waiting for element to be visible: By.xpath: //div[text()='Sauce Labs Backpack']/ancestor::div[@class='inventory_item']//button[contains(text(),'Remove')]
20:00:53.269 [main] INFO  com.saucedemo.base.BaseTest - Logged in and added item to cart before test
20:00:53.276 [main] INFO  com.saucedemo.base.BaseTest - Starting testCheckoutWithEmptyFields
20:00:53.277 [main] INFO  com.saucedemo.pages.BasePage - Clicking on cart icon
20:00:53.288 [main] DEBUG com.saucedemo.pages.BasePage - Waiting for element to be clickable
20:00:53.374 [main] DEBUG com.saucedemo.pages.BasePage - Clicked on element
20:00:53.374 [main] INFO  com.saucedemo.pages.BasePage - CartPage initialized
20:00:53.375 [main] INFO  com.saucedemo.pages.BasePage - Clicking Checkout button
20:00:53.388 [main] DEBUG com.saucedemo.pages.BasePage - Waiting for element to be clickable
20:00:53.491 [main] DEBUG com.saucedemo.pages.BasePage - Clicked on element
20:00:53.491 [main] INFO  com.saucedemo.pages.BasePage - CheckoutInfoPage initialized
20:00:53.492 [main] INFO  com.saucedemo.pages.BasePage - Attempting to continue with invalid information
20:01:03.536 [main] DEBUG com.saucedemo.pages.BasePage - Waiting for element to be clickable
20:01:34.226 [main] ERROR com.saucedemo.base.BaseTest - Test failed: testCheckoutWithEmptyFields
20:01:34.465 [main] INFO  com.saucedemo.base.BaseTest - Screenshot captured: testCheckoutWithEmptyFields
20:01:34.465 [main] INFO  com.saucedemo.base.BaseTest - Closing browser
20:01:34.740 [main] INFO  com.saucedemo.base.BaseTest - Setting up test environment
20:01:34.740 [main] INFO  com.saucedemo.base.BaseTest - Initializing chrome driver (headless: false)
Feb 06, 2026 8:01:35 PM org.openqa.selenium.devtools.CdpVersionFinder findNearestMatch
WARNING: Unable to find CDP implementation matching 144
Feb 06, 2026 8:01:36 PM org.openqa.selenium.chromium.ChromiumDriver lambda$new$5
WARNING: Unable to find version of CDP to use for 144.0.7559.112. You may need to include a dependency on a specific version of the CDP using something similar to `org.seleniumhq.selenium:selenium-devtools-v86:4.27.0` where the version ("v86") matches the version of the chromium-based browser you're using and the version number of the artifact is the same as Selenium's.
20:01:36.000 [main] INFO  com.saucedemo.base.BaseTest - WebDriver initialized successfully
20:01:36.051 [main] INFO  com.saucedemo.base.BaseTest - WebDriver configured with timeouts and maximized window
20:01:36.051 [main] INFO  com.saucedemo.base.BaseTest - Navigating to application URL: https://www.saucedemo.com/
20:01:36.333 [main] INFO  com.saucedemo.pages.BasePage - LoginPage initialized
20:01:36.334 [main] INFO  com.saucedemo.pages.BasePage - Performing login with username: standard_user
20:01:36.334 [main] INFO  com.saucedemo.pages.BasePage - Entering username: standard_user
20:01:37.954 [main] DEBUG com.saucedemo.pages.BasePage - Waiting for element to be visible
20:01:38.121 [main] DEBUG com.saucedemo.pages.BasePage - Entered text: standard_user
20:01:38.121 [main] INFO  com.saucedemo.pages.BasePage - Entering password
20:01:38.135 [main] DEBUG com.saucedemo.pages.BasePage - Waiting for element to be visible
20:01:38.304 [main] DEBUG com.saucedemo.pages.BasePage - Entered text: secret_sauce
20:01:38.305 [main] INFO  com.saucedemo.pages.BasePage - Clicking login button
20:01:38.318 [main] DEBUG com.saucedemo.pages.BasePage - Waiting for element to be clickable
20:01:38.549 [main] DEBUG com.saucedemo.pages.BasePage - Clicked on element
20:01:38.550 [main] INFO  com.saucedemo.pages.BasePage - ProductsPage initialized
20:01:38.551 [main] INFO  com.saucedemo.pages.BasePage - Adding item to cart: Sauce Labs Backpack
20:01:38.551 [main] DEBUG com.saucedemo.pages.BasePage - Waiting for element to be clickable: By.xpath: //div[text()='Sauce Labs Backpack']/ancestor::div[@class='inventory_item']//button[contains(text(),'Add to cart')]
20:01:38.661 [main] DEBUG com.saucedemo.pages.BasePage - Clicked on element: By.xpath: //div[text()='Sauce Labs Backpack']/ancestor::div[@class='inventory_item']//button[contains(text(),'Add to cart')]
20:01:38.662 [main] DEBUG com.saucedemo.pages.BasePage - Waiting for element to be visible: By.xpath: //div[text()='Sauce Labs Backpack']/ancestor::div[@class='inventory_item']//button[contains(text(),'Remove')]
20:01:38.688 [main] INFO  com.saucedemo.base.BaseTest - Logged in and added item to cart before test
20:01:38.693 [main] INFO  com.saucedemo.base.BaseTest - Starting testCheckoutWithMissingFirstName
20:01:38.693 [main] INFO  com.saucedemo.pages.BasePage - Clicking on cart icon
20:01:38.707 [main] DEBUG com.saucedemo.pages.BasePage - Waiting for element to be clickable
20:01:38.816 [main] DEBUG com.saucedemo.pages.BasePage - Clicked on element
20:01:38.817 [main] INFO  com.saucedemo.pages.BasePage - CartPage initialized
20:01:38.817 [main] INFO  com.saucedemo.pages.BasePage - Clicking Checkout button
20:01:38.837 [main] DEBUG com.saucedemo.pages.BasePage - Waiting for element to be clickable
20:01:39.008 [main] DEBUG com.saucedemo.pages.BasePage - Clicked on element
20:01:39.009 [main] INFO  com.saucedemo.pages.BasePage - CheckoutInfoPage initialized
20:01:39.009 [main] INFO  com.saucedemo.pages.BasePage - Entering last name: Doe
20:01:39.030 [main] DEBUG com.saucedemo.pages.BasePage - Waiting for element to be visible
20:01:39.136 [main] DEBUG com.saucedemo.pages.BasePage - Entered text: Doe
20:01:39.137 [main] INFO  com.saucedemo.pages.BasePage - Entering postal code: 12345
20:01:39.148 [main] DEBUG com.saucedemo.pages.BasePage - Waiting for element to be visible
20:01:39.266 [main] DEBUG com.saucedemo.pages.BasePage - Entered text: 12345
20:01:39.266 [main] INFO  com.saucedemo.pages.BasePage - Attempting to continue with invalid information
20:01:39.282 [main] DEBUG com.saucedemo.pages.BasePage - Waiting for element to be clickable
20:01:39.398 [main] DEBUG com.saucedemo.pages.BasePage - Clicked on element
20:01:39.422 [main] DEBUG com.saucedemo.pages.BasePage - Element displayed: true
20:01:39.422 [main] INFO  com.saucedemo.pages.BasePage - Error message displayed: true
20:01:39.423 [main] DEBUG com.saucedemo.pages.BasePage - Waiting for element to be visible
20:01:39.467 [main] DEBUG com.saucedemo.pages.BasePage - Retrieved text: Error: First Name is required
20:01:39.467 [main] INFO  com.saucedemo.pages.BasePage - Error message: Error: First Name is required
20:01:39.467 [main] INFO  com.saucedemo.base.BaseTest - testCheckoutWithMissingFirstName completed successfully
20:01:39.469 [main] INFO  com.saucedemo.base.BaseTest - Test passed: testCheckoutWithMissingFirstName
20:01:39.471 [main] INFO  com.saucedemo.base.BaseTest - Closing browser
20:01:39.649 [main] INFO  com.saucedemo.base.BaseTest - Setting up test environment
20:01:39.649 [main] INFO  com.saucedemo.base.BaseTest - Initializing chrome driver (headless: false)
Feb 06, 2026 8:01:41 PM org.openqa.selenium.devtools.CdpVersionFinder findNearestMatch
WARNING: Unable to find CDP implementation matching 144
Feb 06, 2026 8:01:41 PM org.openqa.selenium.chromium.ChromiumDriver lambda$new$5
WARNING: Unable to find version of CDP to use for 144.0.7559.112. You may need to include a dependency on a specific version of the CDP using something similar to `org.seleniumhq.selenium:selenium-devtools-v86:4.27.0` where the version ("v86") matches the version of the chromium-based browser you're using and the version number of the artifact is the same as Selenium's.
20:01:41.061 [main] INFO  com.saucedemo.base.BaseTest - WebDriver initialized successfully
20:01:41.104 [main] INFO  com.saucedemo.base.BaseTest - WebDriver configured with timeouts and maximized window
20:01:41.104 [main] INFO  com.saucedemo.base.BaseTest - Navigating to application URL: https://www.saucedemo.com/
20:01:43.580 [main] INFO  com.saucedemo.pages.BasePage - LoginPage initialized
20:01:43.581 [main] INFO  com.saucedemo.pages.BasePage - Performing login with username: standard_user
20:01:43.581 [main] INFO  com.saucedemo.pages.BasePage - Entering username: standard_user
20:01:43.598 [main] DEBUG com.saucedemo.pages.BasePage - Waiting for element to be visible
20:01:43.805 [main] DEBUG com.saucedemo.pages.BasePage - Entered text: standard_user
20:01:43.805 [main] INFO  com.saucedemo.pages.BasePage - Entering password
20:01:43.826 [main] DEBUG com.saucedemo.pages.BasePage - Waiting for element to be visible
20:01:43.935 [main] DEBUG com.saucedemo.pages.BasePage - Entered text: secret_sauce
20:01:43.935 [main] INFO  com.saucedemo.pages.BasePage - Clicking login button
20:01:43.945 [main] DEBUG com.saucedemo.pages.BasePage - Waiting for element to be clickable
20:01:44.100 [main] DEBUG com.saucedemo.pages.BasePage - Clicked on element
20:01:44.100 [main] INFO  com.saucedemo.pages.BasePage - ProductsPage initialized
20:01:44.100 [main] INFO  com.saucedemo.pages.BasePage - Adding item to cart: Sauce Labs Backpack
20:01:44.100 [main] DEBUG com.saucedemo.pages.BasePage - Waiting for element to be clickable: By.xpath: //div[text()='Sauce Labs Backpack']/ancestor::div[@class='inventory_item']//button[contains(text(),'Add to cart')]
20:01:44.176 [main] DEBUG com.saucedemo.pages.BasePage - Clicked on element: By.xpath: //div[text()='Sauce Labs Backpack']/ancestor::div[@class='inventory_item']//button[contains(text(),'Add to cart')]
20:01:44.176 [main] DEBUG com.saucedemo.pages.BasePage - Waiting for element to be visible: By.xpath: //div[text()='Sauce Labs Backpack']/ancestor::div[@class='inventory_item']//button[contains(text(),'Remove')]
20:01:44.194 [main] INFO  com.saucedemo.base.BaseTest - Logged in and added item to cart before test
20:01:44.197 [main] INFO  com.saucedemo.base.BaseTest - Starting testCheckoutWithMissingLastName
20:01:44.197 [main] INFO  com.saucedemo.pages.BasePage - Clicking on cart icon
20:01:44.212 [main] DEBUG com.saucedemo.pages.BasePage - Waiting for element to be clickable
20:01:44.317 [main] DEBUG com.saucedemo.pages.BasePage - Clicked on element
20:01:44.318 [main] INFO  com.saucedemo.pages.BasePage - CartPage initialized
20:01:44.318 [main] INFO  com.saucedemo.pages.BasePage - Clicking Checkout button
20:01:44.330 [main] DEBUG com.saucedemo.pages.BasePage - Waiting for element to be clickable
20:01:44.431 [main] DEBUG com.saucedemo.pages.BasePage - Clicked on element
20:01:44.431 [main] INFO  com.saucedemo.pages.BasePage - CheckoutInfoPage initialized
20:01:44.431 [main] INFO  com.saucedemo.pages.BasePage - Entering first name: John
20:01:54.465 [main] DEBUG com.saucedemo.pages.BasePage - Waiting for element to be visible
20:02:25.106 [main] ERROR com.saucedemo.base.BaseTest - Test failed: testCheckoutWithMissingLastName
20:02:25.347 [main] INFO  com.saucedemo.base.BaseTest - Screenshot captured: testCheckoutWithMissingLastName
20:02:25.347 [main] INFO  com.saucedemo.base.BaseTest - Closing browser
20:02:25.609 [main] INFO  com.saucedemo.base.BaseTest - Setting up test environment
20:02:25.609 [main] INFO  com.saucedemo.base.BaseTest - Initializing chrome driver (headless: false)
Feb 06, 2026 8:02:26 PM org.openqa.selenium.devtools.CdpVersionFinder findNearestMatch
WARNING: Unable to find CDP implementation matching 144
Feb 06, 2026 8:02:26 PM org.openqa.selenium.chromium.ChromiumDriver lambda$new$5
WARNING: Unable to find version of CDP to use for 144.0.7559.112. You may need to include a dependency on a specific version of the CDP using something similar to `org.seleniumhq.selenium:selenium-devtools-v86:4.27.0` where the version ("v86") matches the version of the chromium-based browser you're using and the version number of the artifact is the same as Selenium's.
20:02:26.815 [main] INFO  com.saucedemo.base.BaseTest - WebDriver initialized successfully
20:02:26.863 [main] INFO  com.saucedemo.base.BaseTest - WebDriver configured with timeouts and maximized window
20:02:26.864 [main] INFO  com.saucedemo.base.BaseTest - Navigating to application URL: https://www.saucedemo.com/
20:02:27.951 [main] INFO  com.saucedemo.pages.BasePage - LoginPage initialized
20:02:27.951 [main] INFO  com.saucedemo.pages.BasePage - Performing login with username: standard_user
20:02:27.951 [main] INFO  com.saucedemo.pages.BasePage - Entering username: standard_user
20:02:27.975 [main] DEBUG com.saucedemo.pages.BasePage - Waiting for element to be visible
20:02:28.276 [main] DEBUG com.saucedemo.pages.BasePage - Entered text: standard_user
20:02:28.278 [main] INFO  com.saucedemo.pages.BasePage - Entering password
20:02:28.290 [main] DEBUG com.saucedemo.pages.BasePage - Waiting for element to be visible
20:02:28.433 [main] DEBUG com.saucedemo.pages.BasePage - Entered text: secret_sauce
20:02:28.433 [main] INFO  com.saucedemo.pages.BasePage - Clicking login button
20:02:28.446 [main] DEBUG com.saucedemo.pages.BasePage - Waiting for element to be clickable
20:02:28.662 [main] DEBUG com.saucedemo.pages.BasePage - Clicked on element
20:02:28.664 [main] INFO  com.saucedemo.pages.BasePage - ProductsPage initialized
20:02:28.677 [main] INFO  com.saucedemo.pages.BasePage - Adding item to cart: Sauce Labs Backpack
20:02:28.677 [main] DEBUG com.saucedemo.pages.BasePage - Waiting for element to be clickable: By.xpath: //div[text()='Sauce Labs Backpack']/ancestor::div[@class='inventory_item']//button[contains(text(),'Add to cart')]
20:02:28.879 [main] DEBUG com.saucedemo.pages.BasePage - Clicked on element: By.xpath: //div[text()='Sauce Labs Backpack']/ancestor::div[@class='inventory_item']//button[contains(text(),'Add to cart')]
20:02:28.879 [main] DEBUG com.saucedemo.pages.BasePage - Waiting for element to be visible: By.xpath: //div[text()='Sauce Labs Backpack']/ancestor::div[@class='inventory_item']//button[contains(text(),'Remove')]
20:02:28.915 [main] INFO  com.saucedemo.base.BaseTest - Logged in and added item to cart before test
20:02:28.919 [main] INFO  com.saucedemo.base.BaseTest - Starting testCheckoutWithMissingZipCode
20:02:28.919 [main] INFO  com.saucedemo.pages.BasePage - Clicking on cart icon
20:02:28.937 [main] DEBUG com.saucedemo.pages.BasePage - Waiting for element to be clickable
20:02:29.111 [main] DEBUG com.saucedemo.pages.BasePage - Clicked on element
20:02:29.111 [main] INFO  com.saucedemo.pages.BasePage - CartPage initialized
20:02:29.111 [main] INFO  com.saucedemo.pages.BasePage - Clicking Checkout button
20:02:39.141 [main] DEBUG com.saucedemo.pages.BasePage - Waiting for element to be clickable
20:03:09.753 [main] ERROR com.saucedemo.base.BaseTest - Test failed: testCheckoutWithMissingZipCode
20:03:10.142 [main] INFO  com.saucedemo.base.BaseTest - Screenshot captured: testCheckoutWithMissingZipCode
20:03:10.142 [main] INFO  com.saucedemo.base.BaseTest - Closing browser
20:03:10.381 [main] INFO  com.saucedemo.base.BaseTest - Setting up test environment
20:03:10.381 [main] INFO  com.saucedemo.base.BaseTest - Initializing chrome driver (headless: false)
Feb 06, 2026 8:03:11 PM org.openqa.selenium.devtools.CdpVersionFinder findNearestMatch
WARNING: Unable to find CDP implementation matching 144
Feb 06, 2026 8:03:11 PM org.openqa.selenium.chromium.ChromiumDriver lambda$new$5
WARNING: Unable to find version of CDP to use for 144.0.7559.112. You may need to include a dependency on a specific version of the CDP using something similar to `org.seleniumhq.selenium:selenium-devtools-v86:4.27.0` where the version ("v86") matches the version of the chromium-based browser you're using and the version number of the artifact is the same as Selenium's.
20:03:11.624 [main] INFO  com.saucedemo.base.BaseTest - WebDriver initialized successfully
20:03:11.673 [main] INFO  com.saucedemo.base.BaseTest - WebDriver configured with timeouts and maximized window
20:03:11.673 [main] INFO  com.saucedemo.base.BaseTest - Navigating to application URL: https://www.saucedemo.com/
20:03:13.105 [main] INFO  com.saucedemo.pages.BasePage - LoginPage initialized
20:03:13.106 [main] INFO  com.saucedemo.pages.BasePage - Performing login with username: standard_user
20:03:13.106 [main] INFO  com.saucedemo.pages.BasePage - Entering username: standard_user
20:03:13.123 [main] DEBUG com.saucedemo.pages.BasePage - Waiting for element to be visible
20:03:13.292 [main] DEBUG com.saucedemo.pages.BasePage - Entered text: standard_user
20:03:13.292 [main] INFO  com.saucedemo.pages.BasePage - Entering password
20:03:13.305 [main] DEBUG com.saucedemo.pages.BasePage - Waiting for element to be visible
20:03:13.405 [main] DEBUG com.saucedemo.pages.BasePage - Entered text: secret_sauce
20:03:13.406 [main] INFO  com.saucedemo.pages.BasePage - Clicking login button
20:03:13.417 [main] DEBUG com.saucedemo.pages.BasePage - Waiting for element to be clickable
20:03:13.627 [main] DEBUG com.saucedemo.pages.BasePage - Clicked on element
20:03:13.628 [main] INFO  com.saucedemo.pages.BasePage - ProductsPage initialized
20:03:13.629 [main] INFO  com.saucedemo.pages.BasePage - Adding item to cart: Sauce Labs Backpack
20:03:13.629 [main] DEBUG com.saucedemo.pages.BasePage - Waiting for element to be clickable: By.xpath: //div[text()='Sauce Labs Backpack']/ancestor::div[@class='inventory_item']//button[contains(text(),'Add to cart')]
20:03:13.719 [main] DEBUG com.saucedemo.pages.BasePage - Clicked on element: By.xpath: //div[text()='Sauce Labs Backpack']/ancestor::div[@class='inventory_item']//button[contains(text(),'Add to cart')]
20:03:13.721 [main] DEBUG com.saucedemo.pages.BasePage - Waiting for element to be visible: By.xpath: //div[text()='Sauce Labs Backpack']/ancestor::div[@class='inventory_item']//button[contains(text(),'Remove')]
20:03:13.738 [main] INFO  com.saucedemo.base.BaseTest - Logged in and added item to cart before test
20:03:13.746 [main] INFO  com.saucedemo.base.BaseTest - Starting testCancelCheckout
20:03:13.746 [main] INFO  com.saucedemo.pages.BasePage - Clicking on cart icon
20:03:13.761 [main] DEBUG com.saucedemo.pages.BasePage - Waiting for element to be clickable
20:03:13.854 [main] DEBUG com.saucedemo.pages.BasePage - Clicked on element
20:03:13.855 [main] INFO  com.saucedemo.pages.BasePage - CartPage initialized
20:03:13.855 [main] INFO  com.saucedemo.pages.BasePage - Clicking Checkout button
20:03:13.871 [main] DEBUG com.saucedemo.pages.BasePage - Waiting for element to be clickable
20:03:13.978 [main] DEBUG com.saucedemo.pages.BasePage - Clicked on element
20:03:13.978 [main] INFO  com.saucedemo.pages.BasePage - CheckoutInfoPage initialized
20:03:13.979 [main] INFO  com.saucedemo.pages.BasePage - Clicking Cancel button
20:03:23.991 [main] DEBUG com.saucedemo.pages.BasePage - Waiting for element to be clickable
20:03:54.664 [main] ERROR com.saucedemo.base.BaseTest - Test failed: testCancelCheckout
20:03:54.878 [main] INFO  com.saucedemo.base.BaseTest - Screenshot captured: testCancelCheckout
20:03:54.878 [main] INFO  com.saucedemo.base.BaseTest - Closing browser
20:03:55.276 [main] INFO  com.saucedemo.base.BaseTest - Setting up test environment
20:03:55.277 [main] INFO  com.saucedemo.base.BaseTest - Initializing chrome driver (headless: false)
Feb 06, 2026 8:03:56 PM org.openqa.selenium.devtools.CdpVersionFinder findNearestMatch
WARNING: Unable to find CDP implementation matching 144
Feb 06, 2026 8:03:56 PM org.openqa.selenium.chromium.ChromiumDriver lambda$new$5
WARNING: Unable to find version of CDP to use for 144.0.7559.112. You may need to include a dependency on a specific version of the CDP using something similar to `org.seleniumhq.selenium:selenium-devtools-v86:4.27.0` where the version ("v86") matches the version of the chromium-based browser you're using and the version number of the artifact is the same as Selenium's.
20:03:56.566 [main] INFO  com.saucedemo.base.BaseTest - WebDriver initialized successfully
20:03:56.667 [main] INFO  com.saucedemo.base.BaseTest - WebDriver configured with timeouts and maximized window
20:03:56.667 [main] INFO  com.saucedemo.base.BaseTest - Navigating to application URL: https://www.saucedemo.com/
20:03:57.747 [main] INFO  com.saucedemo.pages.BasePage - LoginPage initialized
20:03:57.747 [main] INFO  com.saucedemo.pages.BasePage - Performing login with username: standard_user
20:03:57.748 [main] INFO  com.saucedemo.pages.BasePage - Entering username: standard_user
20:03:57.764 [main] DEBUG com.saucedemo.pages.BasePage - Waiting for element to be visible
20:03:58.165 [main] DEBUG com.saucedemo.pages.BasePage - Entered text: standard_user
20:03:58.165 [main] INFO  com.saucedemo.pages.BasePage - Entering password
20:03:58.188 [main] DEBUG com.saucedemo.pages.BasePage - Waiting for element to be visible
20:03:58.373 [main] DEBUG com.saucedemo.pages.BasePage - Entered text: secret_sauce
20:03:58.374 [main] INFO  com.saucedemo.pages.BasePage - Clicking login button
20:03:58.388 [main] DEBUG com.saucedemo.pages.BasePage - Waiting for element to be clickable
20:03:58.645 [main] DEBUG com.saucedemo.pages.BasePage - Clicked on element
20:03:58.647 [main] INFO  com.saucedemo.pages.BasePage - ProductsPage initialized
20:03:58.647 [main] INFO  com.saucedemo.pages.BasePage - Adding item to cart: Sauce Labs Backpack
20:03:58.648 [main] DEBUG com.saucedemo.pages.BasePage - Waiting for element to be clickable: By.xpath: //div[text()='Sauce Labs Backpack']/ancestor::div[@class='inventory_item']//button[contains(text(),'Add to cart')]
20:03:59.004 [main] DEBUG com.saucedemo.pages.BasePage - Clicked on element: By.xpath: //div[text()='Sauce Labs Backpack']/ancestor::div[@class='inventory_item']//button[contains(text(),'Add to cart')]
20:03:59.004 [main] DEBUG com.saucedemo.pages.BasePage - Waiting for element to be visible: By.xpath: //div[text()='Sauce Labs Backpack']/ancestor::div[@class='inventory_item']//button[contains(text(),'Remove')]
20:03:59.025 [main] INFO  com.saucedemo.base.BaseTest - Logged in and added item to cart before test
20:03:59.029 [main] INFO  com.saucedemo.base.BaseTest - Starting testOrderTotalCalculation
20:03:59.029 [main] INFO  com.saucedemo.pages.BasePage - Adding item to cart: Sauce Labs Bike Light
20:03:59.030 [main] DEBUG com.saucedemo.pages.BasePage - Waiting for element to be clickable: By.xpath: //div[text()='Sauce Labs Bike Light']/ancestor::div[@class='inventory_item']//button[contains(text(),'Add to cart')]
20:03:59.127 [main] DEBUG com.saucedemo.pages.BasePage - Clicked on element: By.xpath: //div[text()='Sauce Labs Bike Light']/ancestor::div[@class='inventory_item']//button[contains(text(),'Add to cart')]
20:03:59.127 [main] DEBUG com.saucedemo.pages.BasePage - Waiting for element to be visible: By.xpath: //div[text()='Sauce Labs Bike Light']/ancestor::div[@class='inventory_item']//button[contains(text(),'Remove')]
20:03:59.156 [main] INFO  com.saucedemo.pages.BasePage - Clicking on cart icon
20:03:59.171 [main] DEBUG com.saucedemo.pages.BasePage - Waiting for element to be clickable
20:03:59.331 [main] DEBUG com.saucedemo.pages.BasePage - Clicked on element
20:03:59.332 [main] INFO  com.saucedemo.pages.BasePage - CartPage initialized
20:03:59.332 [main] INFO  com.saucedemo.pages.BasePage - Clicking Checkout button
20:03:59.351 [main] DEBUG com.saucedemo.pages.BasePage - Waiting for element to be clickable
20:03:59.499 [main] DEBUG com.saucedemo.pages.BasePage - Clicked on element
20:03:59.500 [main] INFO  com.saucedemo.pages.BasePage - CheckoutInfoPage initialized
20:03:59.503 [main] INFO  com.saucedemo.pages.BasePage - Filling checkout information
20:03:59.503 [main] INFO  com.saucedemo.pages.BasePage - Entering first name: John
20:03:59.530 [main] DEBUG com.saucedemo.pages.BasePage - Waiting for element to be visible
20:03:59.698 [main] DEBUG com.saucedemo.pages.BasePage - Entered text: John
20:03:59.699 [main] INFO  com.saucedemo.pages.BasePage - Entering last name: Doe
20:03:59.712 [main] DEBUG com.saucedemo.pages.BasePage - Waiting for element to be visible
20:03:59.826 [main] DEBUG com.saucedemo.pages.BasePage - Entered text: Doe
20:03:59.827 [main] INFO  com.saucedemo.pages.BasePage - Entering postal code: 12345
20:03:59.838 [main] DEBUG com.saucedemo.pages.BasePage - Waiting for element to be visible
20:03:59.917 [main] DEBUG com.saucedemo.pages.BasePage - Entered text: 12345
20:03:59.918 [main] INFO  com.saucedemo.pages.BasePage - Clicking Continue button
20:03:59.930 [main] DEBUG com.saucedemo.pages.BasePage - Waiting for element to be clickable
20:04:00.040 [main] DEBUG com.saucedemo.pages.BasePage - Clicked on element
20:04:00.057 [main] INFO  com.saucedemo.pages.BasePage - CheckoutOverviewPage initialized
20:04:00.058 [main] DEBUG com.saucedemo.pages.BasePage - Waiting for element to be visible
20:04:30.770 [main] ERROR com.saucedemo.base.BaseTest - Test failed: testOrderTotalCalculation
20:04:30.981 [main] INFO  com.saucedemo.base.BaseTest - Screenshot captured: testOrderTotalCalculation
20:04:30.981 [main] INFO  com.saucedemo.base.BaseTest - Closing browser
20:04:31.251 [main] INFO  com.saucedemo.base.BaseTest - Setting up test environment
20:04:31.251 [main] INFO  com.saucedemo.base.BaseTest - Initializing chrome driver (headless: false)
Feb 06, 2026 8:04:32 PM org.openqa.selenium.devtools.CdpVersionFinder findNearestMatch
WARNING: Unable to find CDP implementation matching 144
Feb 06, 2026 8:04:32 PM org.openqa.selenium.chromium.ChromiumDriver lambda$new$5
WARNING: Unable to find version of CDP to use for 144.0.7559.112. You may need to include a dependency on a specific version of the CDP using something similar to `org.seleniumhq.selenium:selenium-devtools-v86:4.27.0` where the version ("v86") matches the version of the chromium-based browser you're using and the version number of the artifact is the same as Selenium's.
20:04:32.437 [main] INFO  com.saucedemo.base.BaseTest - WebDriver initialized successfully
20:04:32.479 [main] INFO  com.saucedemo.base.BaseTest - WebDriver configured with timeouts and maximized window
20:04:32.479 [main] INFO  com.saucedemo.base.BaseTest - Navigating to application URL: https://www.saucedemo.com/
20:04:33.587 [main] INFO  com.saucedemo.pages.BasePage - LoginPage initialized
20:04:33.589 [main] INFO  com.saucedemo.pages.BasePage - Performing login with username: standard_user
20:04:33.589 [main] INFO  com.saucedemo.pages.BasePage - Entering username: standard_user
20:04:33.609 [main] DEBUG com.saucedemo.pages.BasePage - Waiting for element to be visible
20:04:33.967 [main] DEBUG com.saucedemo.pages.BasePage - Entered text: standard_user
20:04:33.968 [main] INFO  com.saucedemo.pages.BasePage - Entering password
20:04:34.018 [main] DEBUG com.saucedemo.pages.BasePage - Waiting for element to be visible
20:04:34.166 [main] DEBUG com.saucedemo.pages.BasePage - Entered text: secret_sauce
20:04:34.167 [main] INFO  com.saucedemo.pages.BasePage - Clicking login button
20:04:34.190 [main] DEBUG com.saucedemo.pages.BasePage - Waiting for element to be clickable
20:04:34.469 [main] DEBUG com.saucedemo.pages.BasePage - Clicked on element
20:04:34.469 [main] INFO  com.saucedemo.pages.BasePage - ProductsPage initialized
20:04:34.469 [main] INFO  com.saucedemo.pages.BasePage - Adding item to cart: Sauce Labs Backpack
20:04:34.469 [main] DEBUG com.saucedemo.pages.BasePage - Waiting for element to be clickable: By.xpath: //div[text()='Sauce Labs Backpack']/ancestor::div[@class='inventory_item']//button[contains(text(),'Add to cart')]
20:04:34.570 [main] DEBUG com.saucedemo.pages.BasePage - Clicked on element: By.xpath: //div[text()='Sauce Labs Backpack']/ancestor::div[@class='inventory_item']//button[contains(text(),'Add to cart')]
20:04:34.571 [main] DEBUG com.saucedemo.pages.BasePage - Waiting for element to be visible: By.xpath: //div[text()='Sauce Labs Backpack']/ancestor::div[@class='inventory_item']//button[contains(text(),'Remove')]
20:04:34.629 [main] INFO  com.saucedemo.base.BaseTest - Logged in and added item to cart before test
20:04:34.636 [main] INFO  com.saucedemo.base.BaseTest - Starting testBackHomeAfterCheckout
20:04:34.636 [main] INFO  com.saucedemo.pages.BasePage - Clicking on cart icon
20:04:34.656 [main] DEBUG com.saucedemo.pages.BasePage - Waiting for element to be clickable
20:04:34.831 [main] DEBUG com.saucedemo.pages.BasePage - Clicked on element
20:04:34.833 [main] INFO  com.saucedemo.pages.BasePage - CartPage initialized
20:04:34.834 [main] INFO  com.saucedemo.pages.BasePage - Clicking Checkout button
20:04:34.852 [main] DEBUG com.saucedemo.pages.BasePage - Waiting for element to be clickable
20:04:34.990 [main] DEBUG com.saucedemo.pages.BasePage - Clicked on element
20:04:34.990 [main] INFO  com.saucedemo.pages.BasePage - CheckoutInfoPage initialized
20:04:34.991 [main] INFO  com.saucedemo.pages.BasePage - Filling checkout information
20:04:34.991 [main] INFO  com.saucedemo.pages.BasePage - Entering first name: John
20:04:45.001 [main] DEBUG com.saucedemo.pages.BasePage - Waiting for element to be visible
20:05:15.604 [main] ERROR com.saucedemo.base.BaseTest - Test failed: testBackHomeAfterCheckout
20:05:15.814 [main] INFO  com.saucedemo.base.BaseTest - Screenshot captured: testBackHomeAfterCheckout
20:05:15.814 [main] INFO  com.saucedemo.base.BaseTest - Closing browser
[ERROR] Tests run: 23, Failures: 16, Errors: 0, Skipped: 0, Time elapsed: 513.8 s <<< FAILURE! -- in TestSuite
[ERROR] com.saucedemo.tests.LogoutTests.testSuccessfulLogout -- Time elapsed: 12.32 s <<< FAILURE!
java.lang.AssertionError: Should be redirected to login page after logout expected [true] but found [false]
        at org.testng.Assert.fail(Assert.java:111)
        at org.testng.Assert.failNotEquals(Assert.java:1590)
        at org.testng.Assert.assertTrue(Assert.java:57)
        at com.saucedemo.tests.LogoutTests.testSuccessfulLogout(LogoutTests.java:39)
        at java.base/jdk.internal.reflect.NativeMethodAccessorImpl.invoke0(Native Method)
        at java.base/jdk.internal.reflect.NativeMethodAccessorImpl.invoke(NativeMethodAccessorImpl.java:77)
        at java.base/jdk.internal.reflect.DelegatingMethodAccessorImpl.invoke(DelegatingMethodAccessorImpl.java:43)
        at java.base/java.lang.reflect.Method.invoke(Method.java:568)
        at org.testng.internal.invokers.MethodInvocationHelper.invokeMethod(MethodInvocationHelper.java:141)
        at org.testng.internal.invokers.TestInvoker.invokeMethod(TestInvoker.java:687)
        at org.testng.internal.invokers.TestInvoker.invokeTestMethod(TestInvoker.java:230)
        at org.testng.internal.invokers.MethodRunner.runInSequence(MethodRunner.java:63)
        at org.testng.internal.invokers.TestInvoker$MethodInvocationAgent.invoke(TestInvoker.java:995)
        at org.testng.internal.invokers.TestInvoker.invokeTestMethods(TestInvoker.java:203)
        at org.testng.internal.invokers.TestMethodWorker.invokeTestMethods(TestMethodWorker.java:154)
        at org.testng.internal.invokers.TestMethodWorker.run(TestMethodWorker.java:134)
        at java.base/java.util.ArrayList.forEach(ArrayList.java:1511)
        at org.testng.TestRunner.privateRun(TestRunner.java:741)
        at org.testng.TestRunner.run(TestRunner.java:616)
        at org.testng.SuiteRunner.runTest(SuiteRunner.java:421)
        at org.testng.SuiteRunner.runSequentially(SuiteRunner.java:413)
        at org.testng.SuiteRunner.privateRun(SuiteRunner.java:373)
        at org.testng.SuiteRunner.run(SuiteRunner.java:312)
        at org.testng.SuiteRunnerWorker.runSuite(SuiteRunnerWorker.java:52)
        at org.testng.SuiteRunnerWorker.run(SuiteRunnerWorker.java:95)
        at org.testng.TestNG.runSuitesSequentially(TestNG.java:1274)
        at org.testng.TestNG.runSuitesLocally(TestNG.java:1208)
        at org.testng.TestNG.runSuites(TestNG.java:1112)
        at org.testng.TestNG.run(TestNG.java:1079)
        at org.apache.maven.surefire.testng.TestNGExecutor.run(TestNGExecutor.java:308)
        at org.apache.maven.surefire.testng.TestNGXmlTestSuite.execute(TestNGXmlTestSuite.java:71)
        at org.apache.maven.surefire.testng.TestNGProvider.invoke(TestNGProvider.java:113)
        at org.apache.maven.surefire.booter.ForkedBooter.runSuitesInProcess(ForkedBooter.java:385)
        at org.apache.maven.surefire.booter.ForkedBooter.execute(ForkedBooter.java:162)
        at org.apache.maven.surefire.booter.ForkedBooter.run(ForkedBooter.java:507)
        at org.apache.maven.surefire.booter.ForkedBooter.main(ForkedBooter.java:495)

[ERROR] com.saucedemo.tests.LogoutTests.testLogoutRedirectsToLogin -- Time elapsed: 12.13 s <<< FAILURE!
java.lang.AssertionError: Username field should be displayed expected [true] but found [false]
        at org.testng.Assert.fail(Assert.java:111)
        at org.testng.Assert.failNotEquals(Assert.java:1590)
        at org.testng.Assert.assertTrue(Assert.java:57)
        at com.saucedemo.tests.LogoutTests.testLogoutRedirectsToLogin(LogoutTests.java:63)
        at java.base/jdk.internal.reflect.NativeMethodAccessorImpl.invoke0(Native Method)
        at java.base/jdk.internal.reflect.NativeMethodAccessorImpl.invoke(NativeMethodAccessorImpl.java:77)
        at java.base/jdk.internal.reflect.DelegatingMethodAccessorImpl.invoke(DelegatingMethodAccessorImpl.java:43)
        at java.base/java.lang.reflect.Method.invoke(Method.java:568)
        at org.testng.internal.invokers.MethodInvocationHelper.invokeMethod(MethodInvocationHelper.java:141)
        at org.testng.internal.invokers.TestInvoker.invokeMethod(TestInvoker.java:687)
        at org.testng.internal.invokers.TestInvoker.invokeTestMethod(TestInvoker.java:230)
        at org.testng.internal.invokers.MethodRunner.runInSequence(MethodRunner.java:63)
        at org.testng.internal.invokers.TestInvoker$MethodInvocationAgent.invoke(TestInvoker.java:995)
        at org.testng.internal.invokers.TestInvoker.invokeTestMethods(TestInvoker.java:203)
        at org.testng.internal.invokers.TestMethodWorker.invokeTestMethods(TestMethodWorker.java:154)
        at org.testng.internal.invokers.TestMethodWorker.run(TestMethodWorker.java:134)
        at java.base/java.util.ArrayList.forEach(ArrayList.java:1511)
        at org.testng.TestRunner.privateRun(TestRunner.java:741)
        at org.testng.TestRunner.run(TestRunner.java:616)
        at org.testng.SuiteRunner.runTest(SuiteRunner.java:421)
        at org.testng.SuiteRunner.runSequentially(SuiteRunner.java:413)
        at org.testng.SuiteRunner.privateRun(SuiteRunner.java:373)
        at org.testng.SuiteRunner.run(SuiteRunner.java:312)
        at org.testng.SuiteRunnerWorker.runSuite(SuiteRunnerWorker.java:52)
        at org.testng.SuiteRunnerWorker.run(SuiteRunnerWorker.java:95)
        at org.testng.TestNG.runSuitesSequentially(TestNG.java:1274)
        at org.testng.TestNG.runSuitesLocally(TestNG.java:1208)
        at org.testng.TestNG.runSuites(TestNG.java:1112)
        at org.testng.TestNG.run(TestNG.java:1079)
        at org.apache.maven.surefire.testng.TestNGExecutor.run(TestNGExecutor.java:308)
        at org.apache.maven.surefire.testng.TestNGXmlTestSuite.execute(TestNGXmlTestSuite.java:71)
        at org.apache.maven.surefire.testng.TestNGProvider.invoke(TestNGProvider.java:113)
        at org.apache.maven.surefire.booter.ForkedBooter.runSuitesInProcess(ForkedBooter.java:385)
        at org.apache.maven.surefire.booter.ForkedBooter.execute(ForkedBooter.java:162)
        at org.apache.maven.surefire.booter.ForkedBooter.run(ForkedBooter.java:507)
        at org.apache.maven.surefire.booter.ForkedBooter.main(ForkedBooter.java:495)

[ERROR] com.saucedemo.tests.LogoutTests.testCannotAccessPagesAfterLogout -- Time elapsed: 25.01 s <<< FAILURE!
java.lang.AssertionError: Should be redirected to login page or show error when accessing protected page after logout expected [true] but found [false]
        at org.testng.Assert.fail(Assert.java:111)
        at org.testng.Assert.failNotEquals(Assert.java:1590)
        at org.testng.Assert.assertTrue(Assert.java:57)
        at com.saucedemo.tests.LogoutTests.testCannotAccessPagesAfterLogout(LogoutTests.java:95)
        at java.base/jdk.internal.reflect.NativeMethodAccessorImpl.invoke0(Native Method)
        at java.base/jdk.internal.reflect.NativeMethodAccessorImpl.invoke(NativeMethodAccessorImpl.java:77)
        at java.base/jdk.internal.reflect.DelegatingMethodAccessorImpl.invoke(DelegatingMethodAccessorImpl.java:43)
        at java.base/java.lang.reflect.Method.invoke(Method.java:568)
        at org.testng.internal.invokers.MethodInvocationHelper.invokeMethod(MethodInvocationHelper.java:141)
        at org.testng.internal.invokers.TestInvoker.invokeMethod(TestInvoker.java:687)
        at org.testng.internal.invokers.TestInvoker.invokeTestMethod(TestInvoker.java:230)
        at org.testng.internal.invokers.MethodRunner.runInSequence(MethodRunner.java:63)
        at org.testng.internal.invokers.TestInvoker$MethodInvocationAgent.invoke(TestInvoker.java:995)
        at org.testng.internal.invokers.TestInvoker.invokeTestMethods(TestInvoker.java:203)
        at org.testng.internal.invokers.TestMethodWorker.invokeTestMethods(TestMethodWorker.java:154)
        at org.testng.internal.invokers.TestMethodWorker.run(TestMethodWorker.java:134)
        at java.base/java.util.ArrayList.forEach(ArrayList.java:1511)
        at org.testng.TestRunner.privateRun(TestRunner.java:741)
        at org.testng.TestRunner.run(TestRunner.java:616)
        at org.testng.SuiteRunner.runTest(SuiteRunner.java:421)
        at org.testng.SuiteRunner.runSequentially(SuiteRunner.java:413)
        at org.testng.SuiteRunner.privateRun(SuiteRunner.java:373)
        at org.testng.SuiteRunner.run(SuiteRunner.java:312)
        at org.testng.SuiteRunnerWorker.runSuite(SuiteRunnerWorker.java:52)
        at org.testng.SuiteRunnerWorker.run(SuiteRunnerWorker.java:95)
        at org.testng.TestNG.runSuitesSequentially(TestNG.java:1274)
        at org.testng.TestNG.runSuitesLocally(TestNG.java:1208)
        at org.testng.TestNG.runSuites(TestNG.java:1112)
        at org.testng.TestNG.run(TestNG.java:1079)
        at org.apache.maven.surefire.testng.TestNGExecutor.run(TestNGExecutor.java:308)
        at org.apache.maven.surefire.testng.TestNGXmlTestSuite.execute(TestNGXmlTestSuite.java:71)
        at org.apache.maven.surefire.testng.TestNGProvider.invoke(TestNGProvider.java:113)
        at org.apache.maven.surefire.booter.ForkedBooter.runSuitesInProcess(ForkedBooter.java:385)
        at org.apache.maven.surefire.booter.ForkedBooter.execute(ForkedBooter.java:162)
        at org.apache.maven.surefire.booter.ForkedBooter.run(ForkedBooter.java:507)
        at org.apache.maven.surefire.booter.ForkedBooter.main(ForkedBooter.java:495)

[ERROR] com.saucedemo.tests.CartTests.testAddSingleItemToCart -- Time elapsed: 10.53 s <<< FAILURE!
java.lang.AssertionError: Cart should contain 1 item expected [1] but found [0]
        at org.testng.Assert.fail(Assert.java:111)
        at org.testng.Assert.failNotEquals(Assert.java:1590)
        at org.testng.Assert.assertEqualsImpl(Assert.java:150)
        at org.testng.Assert.assertEquals(Assert.java:132)
        at org.testng.Assert.assertEquals(Assert.java:1431)
        at org.testng.Assert.assertEquals(Assert.java:1395)
        at com.saucedemo.tests.CartTests.testAddSingleItemToCart(CartTests.java:52)
        at java.base/jdk.internal.reflect.NativeMethodAccessorImpl.invoke0(Native Method)
        at java.base/jdk.internal.reflect.NativeMethodAccessorImpl.invoke(NativeMethodAccessorImpl.java:77)
        at java.base/jdk.internal.reflect.DelegatingMethodAccessorImpl.invoke(DelegatingMethodAccessorImpl.java:43)
        at java.base/java.lang.reflect.Method.invoke(Method.java:568)
        at org.testng.internal.invokers.MethodInvocationHelper.invokeMethod(MethodInvocationHelper.java:141)
        at org.testng.internal.invokers.TestInvoker.invokeMethod(TestInvoker.java:687)
        at org.testng.internal.invokers.TestInvoker.invokeTestMethod(TestInvoker.java:230)
        at org.testng.internal.invokers.MethodRunner.runInSequence(MethodRunner.java:63)
        at org.testng.internal.invokers.TestInvoker$MethodInvocationAgent.invoke(TestInvoker.java:995)
        at org.testng.internal.invokers.TestInvoker.invokeTestMethods(TestInvoker.java:203)
        at org.testng.internal.invokers.TestMethodWorker.invokeTestMethods(TestMethodWorker.java:154)
        at org.testng.internal.invokers.TestMethodWorker.run(TestMethodWorker.java:134)
        at java.base/java.util.ArrayList.forEach(ArrayList.java:1511)
        at org.testng.TestRunner.privateRun(TestRunner.java:741)
        at org.testng.TestRunner.run(TestRunner.java:616)
        at org.testng.SuiteRunner.runTest(SuiteRunner.java:421)
        at org.testng.SuiteRunner.runSequentially(SuiteRunner.java:413)
        at org.testng.SuiteRunner.privateRun(SuiteRunner.java:373)
        at org.testng.SuiteRunner.run(SuiteRunner.java:312)
        at org.testng.SuiteRunnerWorker.runSuite(SuiteRunnerWorker.java:52)
        at org.testng.SuiteRunnerWorker.run(SuiteRunnerWorker.java:95)
        at org.testng.TestNG.runSuitesSequentially(TestNG.java:1274)
        at org.testng.TestNG.runSuitesLocally(TestNG.java:1208)
        at org.testng.TestNG.runSuites(TestNG.java:1112)
        at org.testng.TestNG.run(TestNG.java:1079)
        at org.apache.maven.surefire.testng.TestNGExecutor.run(TestNGExecutor.java:308)
        at org.apache.maven.surefire.testng.TestNGXmlTestSuite.execute(TestNGXmlTestSuite.java:71)
        at org.apache.maven.surefire.testng.TestNGProvider.invoke(TestNGProvider.java:113)
        at org.apache.maven.surefire.booter.ForkedBooter.runSuitesInProcess(ForkedBooter.java:385)
        at org.apache.maven.surefire.booter.ForkedBooter.execute(ForkedBooter.java:162)
        at org.apache.maven.surefire.booter.ForkedBooter.run(ForkedBooter.java:507)
        at org.apache.maven.surefire.booter.ForkedBooter.main(ForkedBooter.java:495)

[ERROR] com.saucedemo.tests.CartTests.testAddMultipleItemsToCart -- Time elapsed: 20.89 s <<< FAILURE!
org.openqa.selenium.TimeoutException:
Expected condition failed: waiting for visibility of element located by By.xpath: //div[text()='Sauce Labs Bolt T-Shirt']/ancestor::div[@class='inventory_item']//button[contains(text(),'Remove')] (tried for 20 second(s) with 500 milliseconds interval)
Build info: version: '4.27.0', revision: 'd6e718d134'
System info: os.name: 'Windows 11', os.arch: 'amd64', os.version: '10.0', java.version: '17.0.2'
Driver info: org.openqa.selenium.chrome.ChromeDriver
Capabilities {acceptInsecureCerts: false, browserName: chrome, browserVersion: 144.0.7559.112, chrome: {chromedriverVersion: 144.0.7559.133 (7da823b1d59..., userDataDir: C:\Users\goura\AppData\Loca...}, fedcm:accounts: true, goog:chromeOptions: {debuggerAddress: localhost:52311}, goog:processID: 23000, networkConnectionEnabled: false, pageLoadStrategy: normal, platformName: windows, proxy: Proxy(), se:cdp: ws://localhost:52311/devtoo..., se:cdpVersion: 144.0.7559.112, setWindowRect: true, strictFileInteractability: false, timeouts: {implicit: 0, pageLoad: 300000, script: 30000}, unhandledPromptBehavior: dismiss and notify, webauthn:extension:credBlob: true, webauthn:extension:largeBlob: true, webauthn:extension:minPinLength: true, webauthn:extension:prf: true, webauthn:virtualAuthenticators: true}
Session ID: c3a47d0cf060dec2119c8f867aca20c2
        at org.openqa.selenium.support.ui.WebDriverWait.timeoutException(WebDriverWait.java:84)
        at org.openqa.selenium.support.ui.FluentWait.until(FluentWait.java:228)
        at com.saucedemo.pages.BasePage.waitForElementVisible(BasePage.java:47)
        at com.saucedemo.pages.ProductsPage.addItemToCart(ProductsPage.java:94)
        at com.saucedemo.tests.CartTests.testAddMultipleItemsToCart(CartTests.java:68)
        at java.base/jdk.internal.reflect.NativeMethodAccessorImpl.invoke0(Native Method)
        at java.base/jdk.internal.reflect.NativeMethodAccessorImpl.invoke(NativeMethodAccessorImpl.java:77)
        at java.base/jdk.internal.reflect.DelegatingMethodAccessorImpl.invoke(DelegatingMethodAccessorImpl.java:43)
        at java.base/java.lang.reflect.Method.invoke(Method.java:568)
        at org.testng.internal.invokers.MethodInvocationHelper.invokeMethod(MethodInvocationHelper.java:141)
        at org.testng.internal.invokers.TestInvoker.invokeMethod(TestInvoker.java:687)
        at org.testng.internal.invokers.TestInvoker.invokeTestMethod(TestInvoker.java:230)
        at org.testng.internal.invokers.MethodRunner.runInSequence(MethodRunner.java:63)
        at org.testng.internal.invokers.TestInvoker$MethodInvocationAgent.invoke(TestInvoker.java:995)
        at org.testng.internal.invokers.TestInvoker.invokeTestMethods(TestInvoker.java:203)
        at org.testng.internal.invokers.TestMethodWorker.invokeTestMethods(TestMethodWorker.java:154)
        at org.testng.internal.invokers.TestMethodWorker.run(TestMethodWorker.java:134)
        at java.base/java.util.ArrayList.forEach(ArrayList.java:1511)
        at org.testng.TestRunner.privateRun(TestRunner.java:741)
        at org.testng.TestRunner.run(TestRunner.java:616)
        at org.testng.SuiteRunner.runTest(SuiteRunner.java:421)
        at org.testng.SuiteRunner.runSequentially(SuiteRunner.java:413)
        at org.testng.SuiteRunner.privateRun(SuiteRunner.java:373)
        at org.testng.SuiteRunner.run(SuiteRunner.java:312)
        at org.testng.SuiteRunnerWorker.runSuite(SuiteRunnerWorker.java:52)
        at org.testng.SuiteRunnerWorker.run(SuiteRunnerWorker.java:95)
        at org.testng.TestNG.runSuitesSequentially(TestNG.java:1274)
        at org.testng.TestNG.runSuitesLocally(TestNG.java:1208)
        at org.testng.TestNG.runSuites(TestNG.java:1112)
        at org.testng.TestNG.run(TestNG.java:1079)
        at org.apache.maven.surefire.testng.TestNGExecutor.run(TestNGExecutor.java:308)
        at org.apache.maven.surefire.testng.TestNGXmlTestSuite.execute(TestNGXmlTestSuite.java:71)
        at org.apache.maven.surefire.testng.TestNGProvider.invoke(TestNGProvider.java:113)
        at org.apache.maven.surefire.booter.ForkedBooter.runSuitesInProcess(ForkedBooter.java:385)
        at org.apache.maven.surefire.booter.ForkedBooter.execute(ForkedBooter.java:162)
        at org.apache.maven.surefire.booter.ForkedBooter.run(ForkedBooter.java:507)
        at org.apache.maven.surefire.booter.ForkedBooter.main(ForkedBooter.java:495)

[ERROR] com.saucedemo.tests.CartTests.testRemoveItemFromProductsPage -- Time elapsed: 21.00 s <<< FAILURE!
org.openqa.selenium.TimeoutException:
Expected condition failed: waiting for visibility of element located by By.xpath: //div[text()='Sauce Labs Backpack']/ancestor::div[@class='inventory_item']//button[contains(text(),'Remove')] (tried for 20 second(s) with 500 milliseconds interval)
Build info: version: '4.27.0', revision: 'd6e718d134'
System info: os.name: 'Windows 11', os.arch: 'amd64', os.version: '10.0', java.version: '17.0.2'
Driver info: org.openqa.selenium.chrome.ChromeDriver
Capabilities {acceptInsecureCerts: false, browserName: chrome, browserVersion: 144.0.7559.112, chrome: {chromedriverVersion: 144.0.7559.133 (7da823b1d59..., userDataDir: C:\Users\goura\AppData\Loca...}, fedcm:accounts: true, goog:chromeOptions: {debuggerAddress: localhost:60322}, goog:processID: 31016, networkConnectionEnabled: false, pageLoadStrategy: normal, platformName: windows, proxy: Proxy(), se:cdp: ws://localhost:60322/devtoo..., se:cdpVersion: 144.0.7559.112, setWindowRect: true, strictFileInteractability: false, timeouts: {implicit: 0, pageLoad: 300000, script: 30000}, unhandledPromptBehavior: dismiss and notify, webauthn:extension:credBlob: true, webauthn:extension:largeBlob: true, webauthn:extension:minPinLength: true, webauthn:extension:prf: true, webauthn:virtualAuthenticators: true}
Session ID: 9b6a63fee74fa7f9ca9840cdc39e44e8
        at org.openqa.selenium.support.ui.WebDriverWait.timeoutException(WebDriverWait.java:84)
        at org.openqa.selenium.support.ui.FluentWait.until(FluentWait.java:228)
        at com.saucedemo.pages.BasePage.waitForElementVisible(BasePage.java:47)
        at com.saucedemo.pages.ProductsPage.addItemToCart(ProductsPage.java:94)
        at com.saucedemo.tests.CartTests.testRemoveItemFromProductsPage(CartTests.java:96)
        at java.base/jdk.internal.reflect.NativeMethodAccessorImpl.invoke0(Native Method)
        at java.base/jdk.internal.reflect.NativeMethodAccessorImpl.invoke(NativeMethodAccessorImpl.java:77)
        at java.base/jdk.internal.reflect.DelegatingMethodAccessorImpl.invoke(DelegatingMethodAccessorImpl.java:43)
        at java.base/java.lang.reflect.Method.invoke(Method.java:568)
        at org.testng.internal.invokers.MethodInvocationHelper.invokeMethod(MethodInvocationHelper.java:141)
        at org.testng.internal.invokers.TestInvoker.invokeMethod(TestInvoker.java:687)
        at org.testng.internal.invokers.TestInvoker.invokeTestMethod(TestInvoker.java:230)
        at org.testng.internal.invokers.MethodRunner.runInSequence(MethodRunner.java:63)
        at org.testng.internal.invokers.TestInvoker$MethodInvocationAgent.invoke(TestInvoker.java:995)
        at org.testng.internal.invokers.TestInvoker.invokeTestMethods(TestInvoker.java:203)
        at org.testng.internal.invokers.TestMethodWorker.invokeTestMethods(TestMethodWorker.java:154)
        at org.testng.internal.invokers.TestMethodWorker.run(TestMethodWorker.java:134)
        at java.base/java.util.ArrayList.forEach(ArrayList.java:1511)
        at org.testng.TestRunner.privateRun(TestRunner.java:741)
        at org.testng.TestRunner.run(TestRunner.java:616)
        at org.testng.SuiteRunner.runTest(SuiteRunner.java:421)
        at org.testng.SuiteRunner.runSequentially(SuiteRunner.java:413)
        at org.testng.SuiteRunner.privateRun(SuiteRunner.java:373)
        at org.testng.SuiteRunner.run(SuiteRunner.java:312)
        at org.testng.SuiteRunnerWorker.runSuite(SuiteRunnerWorker.java:52)
        at org.testng.SuiteRunnerWorker.run(SuiteRunnerWorker.java:95)
        at org.testng.TestNG.runSuitesSequentially(TestNG.java:1274)
        at org.testng.TestNG.runSuitesLocally(TestNG.java:1208)
        at org.testng.TestNG.runSuites(TestNG.java:1112)
        at org.testng.TestNG.run(TestNG.java:1079)
        at org.apache.maven.surefire.testng.TestNGExecutor.run(TestNGExecutor.java:308)
        at org.apache.maven.surefire.testng.TestNGXmlTestSuite.execute(TestNGXmlTestSuite.java:71)
        at org.apache.maven.surefire.testng.TestNGProvider.invoke(TestNGProvider.java:113)
        at org.apache.maven.surefire.booter.ForkedBooter.runSuitesInProcess(ForkedBooter.java:385)
        at org.apache.maven.surefire.booter.ForkedBooter.execute(ForkedBooter.java:162)
        at org.apache.maven.surefire.booter.ForkedBooter.run(ForkedBooter.java:507)
        at org.apache.maven.surefire.booter.ForkedBooter.main(ForkedBooter.java:495)

[ERROR] com.saucedemo.tests.CartTests.testRemoveItemFromCartPage -- Time elapsed: 0.342 s <<< FAILURE!
java.lang.AssertionError: Cart should be empty after removing item expected [true] but found [false]
        at org.testng.Assert.fail(Assert.java:111)
        at org.testng.Assert.failNotEquals(Assert.java:1590)
        at org.testng.Assert.assertTrue(Assert.java:57)
        at com.saucedemo.tests.CartTests.testRemoveItemFromCartPage(CartTests.java:133)
        at java.base/jdk.internal.reflect.NativeMethodAccessorImpl.invoke0(Native Method)
        at java.base/jdk.internal.reflect.NativeMethodAccessorImpl.invoke(NativeMethodAccessorImpl.java:77)
        at java.base/jdk.internal.reflect.DelegatingMethodAccessorImpl.invoke(DelegatingMethodAccessorImpl.java:43)
        at java.base/java.lang.reflect.Method.invoke(Method.java:568)
        at org.testng.internal.invokers.MethodInvocationHelper.invokeMethod(MethodInvocationHelper.java:141)
        at org.testng.internal.invokers.TestInvoker.invokeMethod(TestInvoker.java:687)
        at org.testng.internal.invokers.TestInvoker.invokeTestMethod(TestInvoker.java:230)
        at org.testng.internal.invokers.MethodRunner.runInSequence(MethodRunner.java:63)
        at org.testng.internal.invokers.TestInvoker$MethodInvocationAgent.invoke(TestInvoker.java:995)
        at org.testng.internal.invokers.TestInvoker.invokeTestMethods(TestInvoker.java:203)
        at org.testng.internal.invokers.TestMethodWorker.invokeTestMethods(TestMethodWorker.java:154)
        at org.testng.internal.invokers.TestMethodWorker.run(TestMethodWorker.java:134)
        at java.base/java.util.ArrayList.forEach(ArrayList.java:1511)
        at org.testng.TestRunner.privateRun(TestRunner.java:741)
        at org.testng.TestRunner.run(TestRunner.java:616)
        at org.testng.SuiteRunner.runTest(SuiteRunner.java:421)
        at org.testng.SuiteRunner.runSequentially(SuiteRunner.java:413)
        at org.testng.SuiteRunner.privateRun(SuiteRunner.java:373)
        at org.testng.SuiteRunner.run(SuiteRunner.java:312)
        at org.testng.SuiteRunnerWorker.runSuite(SuiteRunnerWorker.java:52)
        at org.testng.SuiteRunnerWorker.run(SuiteRunnerWorker.java:95)
        at org.testng.TestNG.runSuitesSequentially(TestNG.java:1274)
        at org.testng.TestNG.runSuitesLocally(TestNG.java:1208)
        at org.testng.TestNG.runSuites(TestNG.java:1112)
        at org.testng.TestNG.run(TestNG.java:1079)
        at org.apache.maven.surefire.testng.TestNGExecutor.run(TestNGExecutor.java:308)
        at org.apache.maven.surefire.testng.TestNGXmlTestSuite.execute(TestNGXmlTestSuite.java:71)
        at org.apache.maven.surefire.testng.TestNGProvider.invoke(TestNGProvider.java:113)
        at org.apache.maven.surefire.booter.ForkedBooter.runSuitesInProcess(ForkedBooter.java:385)
        at org.apache.maven.surefire.booter.ForkedBooter.execute(ForkedBooter.java:162)
        at org.apache.maven.surefire.booter.ForkedBooter.run(ForkedBooter.java:507)
        at org.apache.maven.surefire.booter.ForkedBooter.main(ForkedBooter.java:495)

[ERROR] com.saucedemo.tests.CartTests.testCartBadgeCount -- Time elapsed: 30.84 s <<< FAILURE!
org.openqa.selenium.TimeoutException:
Expected condition failed: waiting for visibility of element located by By.xpath: //div[text()='Sauce Labs Backpack']/ancestor::div[@class='inventory_item']//button[contains(text(),'Remove')] (tried for 20 second(s) with 500 milliseconds interval)
Build info: version: '4.27.0', revision: 'd6e718d134'
System info: os.name: 'Windows 11', os.arch: 'amd64', os.version: '10.0', java.version: '17.0.2'
Driver info: org.openqa.selenium.chrome.ChromeDriver
Capabilities {acceptInsecureCerts: false, browserName: chrome, browserVersion: 144.0.7559.112, chrome: {chromedriverVersion: 144.0.7559.133 (7da823b1d59..., userDataDir: C:\Users\goura\AppData\Loca...}, fedcm:accounts: true, goog:chromeOptions: {debuggerAddress: localhost:59515}, goog:processID: 31224, networkConnectionEnabled: false, pageLoadStrategy: normal, platformName: windows, proxy: Proxy(), se:cdp: ws://localhost:59515/devtoo..., se:cdpVersion: 144.0.7559.112, setWindowRect: true, strictFileInteractability: false, timeouts: {implicit: 0, pageLoad: 300000, script: 30000}, unhandledPromptBehavior: dismiss and notify, webauthn:extension:credBlob: true, webauthn:extension:largeBlob: true, webauthn:extension:minPinLength: true, webauthn:extension:prf: true, webauthn:virtualAuthenticators: true}
Session ID: ea933b7f9c67587f776b114f509c4ff4
        at org.openqa.selenium.support.ui.WebDriverWait.timeoutException(WebDriverWait.java:84)
        at org.openqa.selenium.support.ui.FluentWait.until(FluentWait.java:228)
        at com.saucedemo.pages.BasePage.waitForElementVisible(BasePage.java:47)
        at com.saucedemo.pages.ProductsPage.addItemToCart(ProductsPage.java:94)
        at com.saucedemo.tests.CartTests.testCartBadgeCount(CartTests.java:151)
        at java.base/jdk.internal.reflect.NativeMethodAccessorImpl.invoke0(Native Method)
        at java.base/jdk.internal.reflect.NativeMethodAccessorImpl.invoke(NativeMethodAccessorImpl.java:77)
        at java.base/jdk.internal.reflect.DelegatingMethodAccessorImpl.invoke(DelegatingMethodAccessorImpl.java:43)
        at java.base/java.lang.reflect.Method.invoke(Method.java:568)
        at org.testng.internal.invokers.MethodInvocationHelper.invokeMethod(MethodInvocationHelper.java:141)
        at org.testng.internal.invokers.TestInvoker.invokeMethod(TestInvoker.java:687)
        at org.testng.internal.invokers.TestInvoker.invokeTestMethod(TestInvoker.java:230)
        at org.testng.internal.invokers.MethodRunner.runInSequence(MethodRunner.java:63)
        at org.testng.internal.invokers.TestInvoker$MethodInvocationAgent.invoke(TestInvoker.java:995)
        at org.testng.internal.invokers.TestInvoker.invokeTestMethods(TestInvoker.java:203)
        at org.testng.internal.invokers.TestMethodWorker.invokeTestMethods(TestMethodWorker.java:154)
        at org.testng.internal.invokers.TestMethodWorker.run(TestMethodWorker.java:134)
        at java.base/java.util.ArrayList.forEach(ArrayList.java:1511)
        at org.testng.TestRunner.privateRun(TestRunner.java:741)
        at org.testng.TestRunner.run(TestRunner.java:616)
        at org.testng.SuiteRunner.runTest(SuiteRunner.java:421)
        at org.testng.SuiteRunner.runSequentially(SuiteRunner.java:413)
        at org.testng.SuiteRunner.privateRun(SuiteRunner.java:373)
        at org.testng.SuiteRunner.run(SuiteRunner.java:312)
        at org.testng.SuiteRunnerWorker.runSuite(SuiteRunnerWorker.java:52)
        at org.testng.SuiteRunnerWorker.run(SuiteRunnerWorker.java:95)
        at org.testng.TestNG.runSuitesSequentially(TestNG.java:1274)
        at org.testng.TestNG.runSuitesLocally(TestNG.java:1208)
        at org.testng.TestNG.runSuites(TestNG.java:1112)
        at org.testng.TestNG.run(TestNG.java:1079)
        at org.apache.maven.surefire.testng.TestNGExecutor.run(TestNGExecutor.java:308)
        at org.apache.maven.surefire.testng.TestNGXmlTestSuite.execute(TestNGXmlTestSuite.java:71)
        at org.apache.maven.surefire.testng.TestNGProvider.invoke(TestNGProvider.java:113)
        at org.apache.maven.surefire.booter.ForkedBooter.runSuitesInProcess(ForkedBooter.java:385)
        at org.apache.maven.surefire.booter.ForkedBooter.execute(ForkedBooter.java:162)
        at org.apache.maven.surefire.booter.ForkedBooter.run(ForkedBooter.java:507)
        at org.apache.maven.surefire.booter.ForkedBooter.main(ForkedBooter.java:495)

[ERROR] com.saucedemo.tests.CartTests.testContinueShopping -- Time elapsed: 41.09 s <<< FAILURE!
org.openqa.selenium.TimeoutException: Expected condition failed: waiting for element to be clickable: Proxy element for: DefaultElementLocator 'By.id: continue-shopping' (tried for 20 second(s) with 500 milliseconds interval)
        at org.openqa.selenium.support.ui.WebDriverWait.timeoutException(WebDriverWait.java:84)
        at org.openqa.selenium.support.ui.FluentWait.until(FluentWait.java:228)
        at com.saucedemo.pages.BasePage.waitForElementClickable(BasePage.java:80)
        at com.saucedemo.pages.BasePage.click(BasePage.java:101)
        at com.saucedemo.pages.CartPage.continueShopping(CartPage.java:122)
        at com.saucedemo.tests.CartTests.testContinueShopping(CartTests.java:185)
        at java.base/jdk.internal.reflect.NativeMethodAccessorImpl.invoke0(Native Method)
        at java.base/jdk.internal.reflect.NativeMethodAccessorImpl.invoke(NativeMethodAccessorImpl.java:77)
        at java.base/jdk.internal.reflect.DelegatingMethodAccessorImpl.invoke(DelegatingMethodAccessorImpl.java:43)
        at java.base/java.lang.reflect.Method.invoke(Method.java:568)
        at org.testng.internal.invokers.MethodInvocationHelper.invokeMethod(MethodInvocationHelper.java:141)
        at org.testng.internal.invokers.TestInvoker.invokeMethod(TestInvoker.java:687)
        at org.testng.internal.invokers.TestInvoker.invokeTestMethod(TestInvoker.java:230)
        at org.testng.internal.invokers.MethodRunner.runInSequence(MethodRunner.java:63)
        at org.testng.internal.invokers.TestInvoker$MethodInvocationAgent.invoke(TestInvoker.java:995)
        at org.testng.internal.invokers.TestInvoker.invokeTestMethods(TestInvoker.java:203)
        at org.testng.internal.invokers.TestMethodWorker.invokeTestMethods(TestMethodWorker.java:154)
        at org.testng.internal.invokers.TestMethodWorker.run(TestMethodWorker.java:134)
        at java.base/java.util.ArrayList.forEach(ArrayList.java:1511)
        at org.testng.TestRunner.privateRun(TestRunner.java:741)
        at org.testng.TestRunner.run(TestRunner.java:616)
        at org.testng.SuiteRunner.runTest(SuiteRunner.java:421)
        at org.testng.SuiteRunner.runSequentially(SuiteRunner.java:413)
        at org.testng.SuiteRunner.privateRun(SuiteRunner.java:373)
        at org.testng.SuiteRunner.run(SuiteRunner.java:312)
        at org.testng.SuiteRunnerWorker.runSuite(SuiteRunnerWorker.java:52)
        at org.testng.SuiteRunnerWorker.run(SuiteRunnerWorker.java:95)
        at org.testng.TestNG.runSuitesSequentially(TestNG.java:1274)
        at org.testng.TestNG.runSuitesLocally(TestNG.java:1208)
        at org.testng.TestNG.runSuites(TestNG.java:1112)
        at org.testng.TestNG.run(TestNG.java:1079)
        at org.apache.maven.surefire.testng.TestNGExecutor.run(TestNGExecutor.java:308)
        at org.apache.maven.surefire.testng.TestNGXmlTestSuite.execute(TestNGXmlTestSuite.java:71)
        at org.apache.maven.surefire.testng.TestNGProvider.invoke(TestNGProvider.java:113)
        at org.apache.maven.surefire.booter.ForkedBooter.runSuitesInProcess(ForkedBooter.java:385)
        at org.apache.maven.surefire.booter.ForkedBooter.execute(ForkedBooter.java:162)
        at org.apache.maven.surefire.booter.ForkedBooter.run(ForkedBooter.java:507)
        at org.apache.maven.surefire.booter.ForkedBooter.main(ForkedBooter.java:495)
Caused by: org.openqa.selenium.NoSuchElementException: no such element: Unable to locate element: {"method":"css selector","selector":"#continue\-shopping"}
  (Session info: chrome=144.0.7559.112)
For documentation on this error, please visit: https://www.selenium.dev/documentation/webdriver/troubleshooting/errors#no-such-element-exception
Build info: version: '4.27.0', revision: 'd6e718d134'
System info: os.name: 'Windows 11', os.arch: 'amd64', os.version: '10.0', java.version: '17.0.2'
Driver info: org.openqa.selenium.chrome.ChromeDriver
Command: [250fd3f6b4aaac81df994c85309c32a2, findElement {using=id, value=continue-shopping}]
Capabilities {acceptInsecureCerts: false, browserName: chrome, browserVersion: 144.0.7559.112, chrome: {chromedriverVersion: 144.0.7559.133 (7da823b1d59..., userDataDir: C:\Users\goura\AppData\Loca...}, fedcm:accounts: true, goog:chromeOptions: {debuggerAddress: localhost:49163}, goog:processID: 23720, networkConnectionEnabled: false, pageLoadStrategy: normal, platformName: windows, proxy: Proxy(), se:cdp: ws://localhost:49163/devtoo..., se:cdpVersion: 144.0.7559.112, setWindowRect: true, strictFileInteractability: false, timeouts: {implicit: 0, pageLoad: 300000, script: 30000}, unhandledPromptBehavior: dismiss and notify, webauthn:extension:credBlob: true, webauthn:extension:largeBlob: true, webauthn:extension:minPinLength: true, webauthn:extension:prf: true, webauthn:virtualAuthenticators: true}
Session ID: 250fd3f6b4aaac81df994c85309c32a2
        at java.base/jdk.internal.reflect.NativeConstructorAccessorImpl.newInstance0(Native Method)
        at java.base/jdk.internal.reflect.NativeConstructorAccessorImpl.newInstance(NativeConstructorAccessorImpl.java:77)
        at java.base/jdk.internal.reflect.DelegatingConstructorAccessorImpl.newInstance(DelegatingConstructorAccessorImpl.java:45)
        at java.base/java.lang.reflect.Constructor.newInstanceWithCaller(Constructor.java:499)
        at java.base/java.lang.reflect.Constructor.newInstance(Constructor.java:480)
        at org.openqa.selenium.remote.ErrorCodec.decode(ErrorCodec.java:167)
        at org.openqa.selenium.remote.codec.w3c.W3CHttpResponseCodec.decode(W3CHttpResponseCodec.java:138)
        at org.openqa.selenium.remote.codec.w3c.W3CHttpResponseCodec.decode(W3CHttpResponseCodec.java:50)
        at org.openqa.selenium.remote.HttpCommandExecutor.execute(HttpCommandExecutor.java:190)
        at org.openqa.selenium.remote.service.DriverCommandExecutor.invokeExecute(DriverCommandExecutor.java:216)
        at org.openqa.selenium.remote.service.DriverCommandExecutor.execute(DriverCommandExecutor.java:174)
        at org.openqa.selenium.remote.RemoteWebDriver.execute(RemoteWebDriver.java:545)
        at org.openqa.selenium.remote.ElementLocation$ElementFinder$2.findElement(ElementLocation.java:165)
        at org.openqa.selenium.remote.ElementLocation.findElement(ElementLocation.java:59)
        at org.openqa.selenium.remote.RemoteWebDriver.findElement(RemoteWebDriver.java:368)
        at org.openqa.selenium.remote.RemoteWebDriver.findElement(RemoteWebDriver.java:362)
        at org.openqa.selenium.support.pagefactory.DefaultElementLocator.findElement(DefaultElementLocator.java:68)
        at org.openqa.selenium.support.pagefactory.internal.LocatingElementHandler.invoke(LocatingElementHandler.java:38)
        at jdk.proxy2/jdk.proxy2.$Proxy35.isDisplayed(Unknown Source)
        at org.openqa.selenium.support.ui.ExpectedConditions.elementIfVisible(ExpectedConditions.java:304)
        at org.openqa.selenium.support.ui.ExpectedConditions$10.apply(ExpectedConditions.java:290)
        at org.openqa.selenium.support.ui.ExpectedConditions$10.apply(ExpectedConditions.java:287)
        at org.openqa.selenium.support.ui.ExpectedConditions$23.apply(ExpectedConditions.java:656)
        at org.openqa.selenium.support.ui.ExpectedConditions$23.apply(ExpectedConditions.java:652)
        at org.openqa.selenium.support.ui.FluentWait.until(FluentWait.java:203)
        ... 36 more

[ERROR] com.saucedemo.tests.CheckoutTests.testCompleteCheckoutFlow -- Time elapsed: 0.527 s <<< FAILURE!
java.lang.AssertionError: Should be on checkout info page expected [true] but found [false]
        at org.testng.Assert.fail(Assert.java:111)
        at org.testng.Assert.failNotEquals(Assert.java:1590)
        at org.testng.Assert.assertTrue(Assert.java:57)
        at com.saucedemo.tests.CheckoutTests.testCompleteCheckoutFlow(CheckoutTests.java:42)
        at java.base/jdk.internal.reflect.NativeMethodAccessorImpl.invoke0(Native Method)
        at java.base/jdk.internal.reflect.NativeMethodAccessorImpl.invoke(NativeMethodAccessorImpl.java:77)
        at java.base/jdk.internal.reflect.DelegatingMethodAccessorImpl.invoke(DelegatingMethodAccessorImpl.java:43)
        at java.base/java.lang.reflect.Method.invoke(Method.java:568)
        at org.testng.internal.invokers.MethodInvocationHelper.invokeMethod(MethodInvocationHelper.java:141)
        at org.testng.internal.invokers.TestInvoker.invokeMethod(TestInvoker.java:687)
        at org.testng.internal.invokers.TestInvoker.invokeTestMethod(TestInvoker.java:230)
        at org.testng.internal.invokers.MethodRunner.runInSequence(MethodRunner.java:63)
        at org.testng.internal.invokers.TestInvoker$MethodInvocationAgent.invoke(TestInvoker.java:995)
        at org.testng.internal.invokers.TestInvoker.invokeTestMethods(TestInvoker.java:203)
        at org.testng.internal.invokers.TestMethodWorker.invokeTestMethods(TestMethodWorker.java:154)
        at org.testng.internal.invokers.TestMethodWorker.run(TestMethodWorker.java:134)
        at java.base/java.util.ArrayList.forEach(ArrayList.java:1511)
        at org.testng.TestRunner.privateRun(TestRunner.java:741)
        at org.testng.TestRunner.run(TestRunner.java:616)
        at org.testng.SuiteRunner.runTest(SuiteRunner.java:421)
        at org.testng.SuiteRunner.runSequentially(SuiteRunner.java:413)
        at org.testng.SuiteRunner.privateRun(SuiteRunner.java:373)
        at org.testng.SuiteRunner.run(SuiteRunner.java:312)
        at org.testng.SuiteRunnerWorker.runSuite(SuiteRunnerWorker.java:52)
        at org.testng.SuiteRunnerWorker.run(SuiteRunnerWorker.java:95)
        at org.testng.TestNG.runSuitesSequentially(TestNG.java:1274)
        at org.testng.TestNG.runSuitesLocally(TestNG.java:1208)
        at org.testng.TestNG.runSuites(TestNG.java:1112)
        at org.testng.TestNG.run(TestNG.java:1079)
        at org.apache.maven.surefire.testng.TestNGExecutor.run(TestNGExecutor.java:308)
        at org.apache.maven.surefire.testng.TestNGXmlTestSuite.execute(TestNGXmlTestSuite.java:71)
        at org.apache.maven.surefire.testng.TestNGProvider.invoke(TestNGProvider.java:113)
        at org.apache.maven.surefire.booter.ForkedBooter.runSuitesInProcess(ForkedBooter.java:385)
        at org.apache.maven.surefire.booter.ForkedBooter.execute(ForkedBooter.java:162)
        at org.apache.maven.surefire.booter.ForkedBooter.run(ForkedBooter.java:507)
        at org.apache.maven.surefire.booter.ForkedBooter.main(ForkedBooter.java:495)

[ERROR] com.saucedemo.tests.CheckoutTests.testCheckoutWithEmptyFields -- Time elapsed: 40.95 s <<< FAILURE!
org.openqa.selenium.TimeoutException: Expected condition failed: waiting for element to be clickable: Proxy element for: DefaultElementLocator 'By.id: continue' (tried for 20 second(s) with 500 milliseconds interval)
        at org.openqa.selenium.support.ui.WebDriverWait.timeoutException(WebDriverWait.java:84)
        at org.openqa.selenium.support.ui.FluentWait.until(FluentWait.java:228)
        at com.saucedemo.pages.BasePage.waitForElementClickable(BasePage.java:80)
        at com.saucedemo.pages.BasePage.click(BasePage.java:101)
        at com.saucedemo.pages.CheckoutInfoPage.attemptContinue(CheckoutInfoPage.java:182)
        at com.saucedemo.tests.CheckoutTests.testCheckoutWithEmptyFields(CheckoutTests.java:85)
        at java.base/jdk.internal.reflect.NativeMethodAccessorImpl.invoke0(Native Method)
        at java.base/jdk.internal.reflect.NativeMethodAccessorImpl.invoke(NativeMethodAccessorImpl.java:77)
        at java.base/jdk.internal.reflect.DelegatingMethodAccessorImpl.invoke(DelegatingMethodAccessorImpl.java:43)
        at java.base/java.lang.reflect.Method.invoke(Method.java:568)
        at org.testng.internal.invokers.MethodInvocationHelper.invokeMethod(MethodInvocationHelper.java:141)
        at org.testng.internal.invokers.TestInvoker.invokeMethod(TestInvoker.java:687)
        at org.testng.internal.invokers.TestInvoker.invokeTestMethod(TestInvoker.java:230)
        at org.testng.internal.invokers.MethodRunner.runInSequence(MethodRunner.java:63)
        at org.testng.internal.invokers.TestInvoker$MethodInvocationAgent.invoke(TestInvoker.java:995)
        at org.testng.internal.invokers.TestInvoker.invokeTestMethods(TestInvoker.java:203)
        at org.testng.internal.invokers.TestMethodWorker.invokeTestMethods(TestMethodWorker.java:154)
        at org.testng.internal.invokers.TestMethodWorker.run(TestMethodWorker.java:134)
        at java.base/java.util.ArrayList.forEach(ArrayList.java:1511)
        at org.testng.TestRunner.privateRun(TestRunner.java:741)
        at org.testng.TestRunner.run(TestRunner.java:616)
        at org.testng.SuiteRunner.runTest(SuiteRunner.java:421)
        at org.testng.SuiteRunner.runSequentially(SuiteRunner.java:413)
        at org.testng.SuiteRunner.privateRun(SuiteRunner.java:373)
        at org.testng.SuiteRunner.run(SuiteRunner.java:312)
        at org.testng.SuiteRunnerWorker.runSuite(SuiteRunnerWorker.java:52)
        at org.testng.SuiteRunnerWorker.run(SuiteRunnerWorker.java:95)
        at org.testng.TestNG.runSuitesSequentially(TestNG.java:1274)
        at org.testng.TestNG.runSuitesLocally(TestNG.java:1208)
        at org.testng.TestNG.runSuites(TestNG.java:1112)
        at org.testng.TestNG.run(TestNG.java:1079)
        at org.apache.maven.surefire.testng.TestNGExecutor.run(TestNGExecutor.java:308)
        at org.apache.maven.surefire.testng.TestNGXmlTestSuite.execute(TestNGXmlTestSuite.java:71)
        at org.apache.maven.surefire.testng.TestNGProvider.invoke(TestNGProvider.java:113)
        at org.apache.maven.surefire.booter.ForkedBooter.runSuitesInProcess(ForkedBooter.java:385)
        at org.apache.maven.surefire.booter.ForkedBooter.execute(ForkedBooter.java:162)
        at org.apache.maven.surefire.booter.ForkedBooter.run(ForkedBooter.java:507)
        at org.apache.maven.surefire.booter.ForkedBooter.main(ForkedBooter.java:495)
Caused by: org.openqa.selenium.NoSuchElementException: no such element: Unable to locate element: {"method":"css selector","selector":"#continue"}
  (Session info: chrome=144.0.7559.112)
For documentation on this error, please visit: https://www.selenium.dev/documentation/webdriver/troubleshooting/errors#no-such-element-exception
Build info: version: '4.27.0', revision: 'd6e718d134'
System info: os.name: 'Windows 11', os.arch: 'amd64', os.version: '10.0', java.version: '17.0.2'
Driver info: org.openqa.selenium.chrome.ChromeDriver
Command: [7ec73fe8096c7d54d8d7752e56e045a2, findElement {using=id, value=continue}]
Capabilities {acceptInsecureCerts: false, browserName: chrome, browserVersion: 144.0.7559.112, chrome: {chromedriverVersion: 144.0.7559.133 (7da823b1d59..., userDataDir: C:\Users\goura\AppData\Loca...}, fedcm:accounts: true, goog:chromeOptions: {debuggerAddress: localhost:56285}, goog:processID: 26728, networkConnectionEnabled: false, pageLoadStrategy: normal, platformName: windows, proxy: Proxy(), se:cdp: ws://localhost:56285/devtoo..., se:cdpVersion: 144.0.7559.112, setWindowRect: true, strictFileInteractability: false, timeouts: {implicit: 0, pageLoad: 300000, script: 30000}, unhandledPromptBehavior: dismiss and notify, webauthn:extension:credBlob: true, webauthn:extension:largeBlob: true, webauthn:extension:minPinLength: true, webauthn:extension:prf: true, webauthn:virtualAuthenticators: true}
Session ID: 7ec73fe8096c7d54d8d7752e56e045a2
        at jdk.internal.reflect.GeneratedConstructorAccessor49.newInstance(Unknown Source)
        at java.base/jdk.internal.reflect.DelegatingConstructorAccessorImpl.newInstance(DelegatingConstructorAccessorImpl.java:45)
        at java.base/java.lang.reflect.Constructor.newInstanceWithCaller(Constructor.java:499)
        at java.base/java.lang.reflect.Constructor.newInstance(Constructor.java:480)
        at org.openqa.selenium.remote.ErrorCodec.decode(ErrorCodec.java:167)
        at org.openqa.selenium.remote.codec.w3c.W3CHttpResponseCodec.decode(W3CHttpResponseCodec.java:138)
        at org.openqa.selenium.remote.codec.w3c.W3CHttpResponseCodec.decode(W3CHttpResponseCodec.java:50)
        at org.openqa.selenium.remote.HttpCommandExecutor.execute(HttpCommandExecutor.java:190)
        at org.openqa.selenium.remote.service.DriverCommandExecutor.invokeExecute(DriverCommandExecutor.java:216)
        at org.openqa.selenium.remote.service.DriverCommandExecutor.execute(DriverCommandExecutor.java:174)
        at org.openqa.selenium.remote.RemoteWebDriver.execute(RemoteWebDriver.java:545)
        at org.openqa.selenium.remote.ElementLocation$ElementFinder$2.findElement(ElementLocation.java:165)
        at org.openqa.selenium.remote.ElementLocation.findElement(ElementLocation.java:59)
        at org.openqa.selenium.remote.RemoteWebDriver.findElement(RemoteWebDriver.java:368)
        at org.openqa.selenium.remote.RemoteWebDriver.findElement(RemoteWebDriver.java:362)
        at org.openqa.selenium.support.pagefactory.DefaultElementLocator.findElement(DefaultElementLocator.java:68)
        at org.openqa.selenium.support.pagefactory.internal.LocatingElementHandler.invoke(LocatingElementHandler.java:38)
        at jdk.proxy2/jdk.proxy2.$Proxy35.isDisplayed(Unknown Source)
        at org.openqa.selenium.support.ui.ExpectedConditions.elementIfVisible(ExpectedConditions.java:304)
        at org.openqa.selenium.support.ui.ExpectedConditions$10.apply(ExpectedConditions.java:290)
        at org.openqa.selenium.support.ui.ExpectedConditions$10.apply(ExpectedConditions.java:287)
        at org.openqa.selenium.support.ui.ExpectedConditions$23.apply(ExpectedConditions.java:656)
        at org.openqa.selenium.support.ui.ExpectedConditions$23.apply(ExpectedConditions.java:652)
        at org.openqa.selenium.support.ui.FluentWait.until(FluentWait.java:203)
        ... 36 more

[ERROR] com.saucedemo.tests.CheckoutTests.testCheckoutWithMissingLastName -- Time elapsed: 40.91 s <<< FAILURE!
org.openqa.selenium.TimeoutException: Expected condition failed: waiting for visibility of Proxy element for: DefaultElementLocator 'By.id: first-name' (tried for 20 second(s) with 500 milliseconds interval)
        at org.openqa.selenium.support.ui.WebDriverWait.timeoutException(WebDriverWait.java:84)
        at org.openqa.selenium.support.ui.FluentWait.until(FluentWait.java:228)
        at com.saucedemo.pages.BasePage.waitForElementVisible(BasePage.java:69)
        at com.saucedemo.pages.BasePage.sendKeys(BasePage.java:124)
        at com.saucedemo.pages.CheckoutInfoPage.enterFirstName(CheckoutInfoPage.java:80)
        at com.saucedemo.tests.CheckoutTests.testCheckoutWithMissingLastName(CheckoutTests.java:133)
        at java.base/jdk.internal.reflect.NativeMethodAccessorImpl.invoke0(Native Method)
        at java.base/jdk.internal.reflect.NativeMethodAccessorImpl.invoke(NativeMethodAccessorImpl.java:77)
        at java.base/jdk.internal.reflect.DelegatingMethodAccessorImpl.invoke(DelegatingMethodAccessorImpl.java:43)
        at java.base/java.lang.reflect.Method.invoke(Method.java:568)
        at org.testng.internal.invokers.MethodInvocationHelper.invokeMethod(MethodInvocationHelper.java:141)
        at org.testng.internal.invokers.TestInvoker.invokeMethod(TestInvoker.java:687)
        at org.testng.internal.invokers.TestInvoker.invokeTestMethod(TestInvoker.java:230)
        at org.testng.internal.invokers.MethodRunner.runInSequence(MethodRunner.java:63)
        at org.testng.internal.invokers.TestInvoker$MethodInvocationAgent.invoke(TestInvoker.java:995)
        at org.testng.internal.invokers.TestInvoker.invokeTestMethods(TestInvoker.java:203)
        at org.testng.internal.invokers.TestMethodWorker.invokeTestMethods(TestMethodWorker.java:154)
        at org.testng.internal.invokers.TestMethodWorker.run(TestMethodWorker.java:134)
        at java.base/java.util.ArrayList.forEach(ArrayList.java:1511)
        at org.testng.TestRunner.privateRun(TestRunner.java:741)
        at org.testng.TestRunner.run(TestRunner.java:616)
        at org.testng.SuiteRunner.runTest(SuiteRunner.java:421)
        at org.testng.SuiteRunner.runSequentially(SuiteRunner.java:413)
        at org.testng.SuiteRunner.privateRun(SuiteRunner.java:373)
        at org.testng.SuiteRunner.run(SuiteRunner.java:312)
        at org.testng.SuiteRunnerWorker.runSuite(SuiteRunnerWorker.java:52)
        at org.testng.SuiteRunnerWorker.run(SuiteRunnerWorker.java:95)
        at org.testng.TestNG.runSuitesSequentially(TestNG.java:1274)
        at org.testng.TestNG.runSuitesLocally(TestNG.java:1208)
        at org.testng.TestNG.runSuites(TestNG.java:1112)
        at org.testng.TestNG.run(TestNG.java:1079)
        at org.apache.maven.surefire.testng.TestNGExecutor.run(TestNGExecutor.java:308)
        at org.apache.maven.surefire.testng.TestNGXmlTestSuite.execute(TestNGXmlTestSuite.java:71)
        at org.apache.maven.surefire.testng.TestNGProvider.invoke(TestNGProvider.java:113)
        at org.apache.maven.surefire.booter.ForkedBooter.runSuitesInProcess(ForkedBooter.java:385)
        at org.apache.maven.surefire.booter.ForkedBooter.execute(ForkedBooter.java:162)
        at org.apache.maven.surefire.booter.ForkedBooter.run(ForkedBooter.java:507)
        at org.apache.maven.surefire.booter.ForkedBooter.main(ForkedBooter.java:495)
Caused by: org.openqa.selenium.NoSuchElementException: no such element: Unable to locate element: {"method":"css selector","selector":"#first\-name"}
  (Session info: chrome=144.0.7559.112)
For documentation on this error, please visit: https://www.selenium.dev/documentation/webdriver/troubleshooting/errors#no-such-element-exception
Build info: version: '4.27.0', revision: 'd6e718d134'
System info: os.name: 'Windows 11', os.arch: 'amd64', os.version: '10.0', java.version: '17.0.2'
Driver info: org.openqa.selenium.chrome.ChromeDriver
Command: [4e3cccd102ad9a19e94142bcec6ff0af, findElement {using=id, value=first-name}]
Capabilities {acceptInsecureCerts: false, browserName: chrome, browserVersion: 144.0.7559.112, chrome: {chromedriverVersion: 144.0.7559.133 (7da823b1d59..., userDataDir: C:\Users\goura\AppData\Loca...}, fedcm:accounts: true, goog:chromeOptions: {debuggerAddress: localhost:65102}, goog:processID: 18168, networkConnectionEnabled: false, pageLoadStrategy: normal, platformName: windows, proxy: Proxy(), se:cdp: ws://localhost:65102/devtoo..., se:cdpVersion: 144.0.7559.112, setWindowRect: true, strictFileInteractability: false, timeouts: {implicit: 0, pageLoad: 300000, script: 30000}, unhandledPromptBehavior: dismiss and notify, webauthn:extension:credBlob: true, webauthn:extension:largeBlob: true, webauthn:extension:minPinLength: true, webauthn:extension:prf: true, webauthn:virtualAuthenticators: true}
Session ID: 4e3cccd102ad9a19e94142bcec6ff0af
        at jdk.internal.reflect.GeneratedConstructorAccessor49.newInstance(Unknown Source)
        at java.base/jdk.internal.reflect.DelegatingConstructorAccessorImpl.newInstance(DelegatingConstructorAccessorImpl.java:45)
        at java.base/java.lang.reflect.Constructor.newInstanceWithCaller(Constructor.java:499)
        at java.base/java.lang.reflect.Constructor.newInstance(Constructor.java:480)
        at org.openqa.selenium.remote.ErrorCodec.decode(ErrorCodec.java:167)
        at org.openqa.selenium.remote.codec.w3c.W3CHttpResponseCodec.decode(W3CHttpResponseCodec.java:138)
        at org.openqa.selenium.remote.codec.w3c.W3CHttpResponseCodec.decode(W3CHttpResponseCodec.java:50)
        at org.openqa.selenium.remote.HttpCommandExecutor.execute(HttpCommandExecutor.java:190)
        at org.openqa.selenium.remote.service.DriverCommandExecutor.invokeExecute(DriverCommandExecutor.java:216)
        at org.openqa.selenium.remote.service.DriverCommandExecutor.execute(DriverCommandExecutor.java:174)
        at org.openqa.selenium.remote.RemoteWebDriver.execute(RemoteWebDriver.java:545)
        at org.openqa.selenium.remote.ElementLocation$ElementFinder$2.findElement(ElementLocation.java:165)
        at org.openqa.selenium.remote.ElementLocation.findElement(ElementLocation.java:59)
        at org.openqa.selenium.remote.RemoteWebDriver.findElement(RemoteWebDriver.java:368)
        at org.openqa.selenium.remote.RemoteWebDriver.findElement(RemoteWebDriver.java:362)
        at org.openqa.selenium.support.pagefactory.DefaultElementLocator.findElement(DefaultElementLocator.java:68)
        at org.openqa.selenium.support.pagefactory.internal.LocatingElementHandler.invoke(LocatingElementHandler.java:38)
        at jdk.proxy2/jdk.proxy2.$Proxy35.isDisplayed(Unknown Source)
        at org.openqa.selenium.support.ui.ExpectedConditions.elementIfVisible(ExpectedConditions.java:304)
        at org.openqa.selenium.support.ui.ExpectedConditions$10.apply(ExpectedConditions.java:290)
        at org.openqa.selenium.support.ui.ExpectedConditions$10.apply(ExpectedConditions.java:287)
        at org.openqa.selenium.support.ui.FluentWait.until(FluentWait.java:203)
        ... 36 more

[ERROR] com.saucedemo.tests.CheckoutTests.testCheckoutWithMissingZipCode -- Time elapsed: 40.83 s <<< FAILURE!
org.openqa.selenium.TimeoutException: Expected condition failed: waiting for element to be clickable: Proxy element for: DefaultElementLocator 'By.id: checkout' (tried for 20 second(s) with 500 milliseconds interval)
        at org.openqa.selenium.support.ui.WebDriverWait.timeoutException(WebDriverWait.java:84)
        at org.openqa.selenium.support.ui.FluentWait.until(FluentWait.java:228)
        at com.saucedemo.pages.BasePage.waitForElementClickable(BasePage.java:80)
        at com.saucedemo.pages.BasePage.click(BasePage.java:101)
        at com.saucedemo.pages.CartPage.checkout(CartPage.java:134)
        at com.saucedemo.tests.CheckoutTests.testCheckoutWithMissingZipCode(CheckoutTests.java:155)
        at java.base/jdk.internal.reflect.NativeMethodAccessorImpl.invoke0(Native Method)
        at java.base/jdk.internal.reflect.NativeMethodAccessorImpl.invoke(NativeMethodAccessorImpl.java:77)
        at java.base/jdk.internal.reflect.DelegatingMethodAccessorImpl.invoke(DelegatingMethodAccessorImpl.java:43)
        at java.base/java.lang.reflect.Method.invoke(Method.java:568)
        at org.testng.internal.invokers.MethodInvocationHelper.invokeMethod(MethodInvocationHelper.java:141)
        at org.testng.internal.invokers.TestInvoker.invokeMethod(TestInvoker.java:687)
        at org.testng.internal.invokers.TestInvoker.invokeTestMethod(TestInvoker.java:230)
        at org.testng.internal.invokers.MethodRunner.runInSequence(MethodRunner.java:63)
        at org.testng.internal.invokers.TestInvoker$MethodInvocationAgent.invoke(TestInvoker.java:995)
        at org.testng.internal.invokers.TestInvoker.invokeTestMethods(TestInvoker.java:203)
        at org.testng.internal.invokers.TestMethodWorker.invokeTestMethods(TestMethodWorker.java:154)
        at org.testng.internal.invokers.TestMethodWorker.run(TestMethodWorker.java:134)
        at java.base/java.util.ArrayList.forEach(ArrayList.java:1511)
        at org.testng.TestRunner.privateRun(TestRunner.java:741)
        at org.testng.TestRunner.run(TestRunner.java:616)
        at org.testng.SuiteRunner.runTest(SuiteRunner.java:421)
        at org.testng.SuiteRunner.runSequentially(SuiteRunner.java:413)
        at org.testng.SuiteRunner.privateRun(SuiteRunner.java:373)
        at org.testng.SuiteRunner.run(SuiteRunner.java:312)
        at org.testng.SuiteRunnerWorker.runSuite(SuiteRunnerWorker.java:52)
        at org.testng.SuiteRunnerWorker.run(SuiteRunnerWorker.java:95)
        at org.testng.TestNG.runSuitesSequentially(TestNG.java:1274)
        at org.testng.TestNG.runSuitesLocally(TestNG.java:1208)
        at org.testng.TestNG.runSuites(TestNG.java:1112)
        at org.testng.TestNG.run(TestNG.java:1079)
        at org.apache.maven.surefire.testng.TestNGExecutor.run(TestNGExecutor.java:308)
        at org.apache.maven.surefire.testng.TestNGXmlTestSuite.execute(TestNGXmlTestSuite.java:71)
        at org.apache.maven.surefire.testng.TestNGProvider.invoke(TestNGProvider.java:113)
        at org.apache.maven.surefire.booter.ForkedBooter.runSuitesInProcess(ForkedBooter.java:385)
        at org.apache.maven.surefire.booter.ForkedBooter.execute(ForkedBooter.java:162)
        at org.apache.maven.surefire.booter.ForkedBooter.run(ForkedBooter.java:507)
        at org.apache.maven.surefire.booter.ForkedBooter.main(ForkedBooter.java:495)
Caused by: org.openqa.selenium.NoSuchElementException: no such element: Unable to locate element: {"method":"css selector","selector":"#checkout"}
  (Session info: chrome=144.0.7559.112)
For documentation on this error, please visit: https://www.selenium.dev/documentation/webdriver/troubleshooting/errors#no-such-element-exception
Build info: version: '4.27.0', revision: 'd6e718d134'
System info: os.name: 'Windows 11', os.arch: 'amd64', os.version: '10.0', java.version: '17.0.2'
Driver info: org.openqa.selenium.chrome.ChromeDriver
Command: [127a8eb8f051336802e1538c8a381d6d, findElement {using=id, value=checkout}]
Capabilities {acceptInsecureCerts: false, browserName: chrome, browserVersion: 144.0.7559.112, chrome: {chromedriverVersion: 144.0.7559.133 (7da823b1d59..., userDataDir: C:\Users\goura\AppData\Loca...}, fedcm:accounts: true, goog:chromeOptions: {debuggerAddress: localhost:53457}, goog:processID: 18892, networkConnectionEnabled: false, pageLoadStrategy: normal, platformName: windows, proxy: Proxy(), se:cdp: ws://localhost:53457/devtoo..., se:cdpVersion: 144.0.7559.112, setWindowRect: true, strictFileInteractability: false, timeouts: {implicit: 0, pageLoad: 300000, script: 30000}, unhandledPromptBehavior: dismiss and notify, webauthn:extension:credBlob: true, webauthn:extension:largeBlob: true, webauthn:extension:minPinLength: true, webauthn:extension:prf: true, webauthn:virtualAuthenticators: true}
Session ID: 127a8eb8f051336802e1538c8a381d6d
        at jdk.internal.reflect.GeneratedConstructorAccessor49.newInstance(Unknown Source)
        at java.base/jdk.internal.reflect.DelegatingConstructorAccessorImpl.newInstance(DelegatingConstructorAccessorImpl.java:45)
        at java.base/java.lang.reflect.Constructor.newInstanceWithCaller(Constructor.java:499)
        at java.base/java.lang.reflect.Constructor.newInstance(Constructor.java:480)
        at org.openqa.selenium.remote.ErrorCodec.decode(ErrorCodec.java:167)
        at org.openqa.selenium.remote.codec.w3c.W3CHttpResponseCodec.decode(W3CHttpResponseCodec.java:138)
        at org.openqa.selenium.remote.codec.w3c.W3CHttpResponseCodec.decode(W3CHttpResponseCodec.java:50)
        at org.openqa.selenium.remote.HttpCommandExecutor.execute(HttpCommandExecutor.java:190)
        at org.openqa.selenium.remote.service.DriverCommandExecutor.invokeExecute(DriverCommandExecutor.java:216)
        at org.openqa.selenium.remote.service.DriverCommandExecutor.execute(DriverCommandExecutor.java:174)
        at org.openqa.selenium.remote.RemoteWebDriver.execute(RemoteWebDriver.java:545)
        at org.openqa.selenium.remote.ElementLocation$ElementFinder$2.findElement(ElementLocation.java:165)
        at org.openqa.selenium.remote.ElementLocation.findElement(ElementLocation.java:59)
        at org.openqa.selenium.remote.RemoteWebDriver.findElement(RemoteWebDriver.java:368)
        at org.openqa.selenium.remote.RemoteWebDriver.findElement(RemoteWebDriver.java:362)
        at org.openqa.selenium.support.pagefactory.DefaultElementLocator.findElement(DefaultElementLocator.java:68)
        at org.openqa.selenium.support.pagefactory.internal.LocatingElementHandler.invoke(LocatingElementHandler.java:38)
        at jdk.proxy2/jdk.proxy2.$Proxy35.isDisplayed(Unknown Source)
        at org.openqa.selenium.support.ui.ExpectedConditions.elementIfVisible(ExpectedConditions.java:304)
        at org.openqa.selenium.support.ui.ExpectedConditions$10.apply(ExpectedConditions.java:290)
        at org.openqa.selenium.support.ui.ExpectedConditions$10.apply(ExpectedConditions.java:287)
        at org.openqa.selenium.support.ui.ExpectedConditions$23.apply(ExpectedConditions.java:656)
        at org.openqa.selenium.support.ui.ExpectedConditions$23.apply(ExpectedConditions.java:652)
        at org.openqa.selenium.support.ui.FluentWait.until(FluentWait.java:203)
        ... 36 more

[ERROR] com.saucedemo.tests.CheckoutTests.testCancelCheckout -- Time elapsed: 40.92 s <<< FAILURE!
org.openqa.selenium.TimeoutException: Expected condition failed: waiting for element to be clickable: Proxy element for: DefaultElementLocator 'By.id: cancel' (tried for 20 second(s) with 500 milliseconds interval)
        at org.openqa.selenium.support.ui.WebDriverWait.timeoutException(WebDriverWait.java:84)
        at org.openqa.selenium.support.ui.FluentWait.until(FluentWait.java:228)
        at com.saucedemo.pages.BasePage.waitForElementClickable(BasePage.java:80)
        at com.saucedemo.pages.BasePage.click(BasePage.java:101)
        at com.saucedemo.pages.CheckoutInfoPage.clickCancel(CheckoutInfoPage.java:147)
        at com.saucedemo.tests.CheckoutTests.testCancelCheckout(CheckoutTests.java:183)
        at java.base/jdk.internal.reflect.NativeMethodAccessorImpl.invoke0(Native Method)
        at java.base/jdk.internal.reflect.NativeMethodAccessorImpl.invoke(NativeMethodAccessorImpl.java:77)
        at java.base/jdk.internal.reflect.DelegatingMethodAccessorImpl.invoke(DelegatingMethodAccessorImpl.java:43)
        at java.base/java.lang.reflect.Method.invoke(Method.java:568)
        at org.testng.internal.invokers.MethodInvocationHelper.invokeMethod(MethodInvocationHelper.java:141)
        at org.testng.internal.invokers.TestInvoker.invokeMethod(TestInvoker.java:687)
        at org.testng.internal.invokers.TestInvoker.invokeTestMethod(TestInvoker.java:230)
        at org.testng.internal.invokers.MethodRunner.runInSequence(MethodRunner.java:63)
        at org.testng.internal.invokers.TestInvoker$MethodInvocationAgent.invoke(TestInvoker.java:995)
        at org.testng.internal.invokers.TestInvoker.invokeTestMethods(TestInvoker.java:203)
        at org.testng.internal.invokers.TestMethodWorker.invokeTestMethods(TestMethodWorker.java:154)
        at org.testng.internal.invokers.TestMethodWorker.run(TestMethodWorker.java:134)
        at java.base/java.util.ArrayList.forEach(ArrayList.java:1511)
        at org.testng.TestRunner.privateRun(TestRunner.java:741)
        at org.testng.TestRunner.run(TestRunner.java:616)
        at org.testng.SuiteRunner.runTest(SuiteRunner.java:421)
        at org.testng.SuiteRunner.runSequentially(SuiteRunner.java:413)
        at org.testng.SuiteRunner.privateRun(SuiteRunner.java:373)
        at org.testng.SuiteRunner.run(SuiteRunner.java:312)
        at org.testng.SuiteRunnerWorker.runSuite(SuiteRunnerWorker.java:52)
        at org.testng.SuiteRunnerWorker.run(SuiteRunnerWorker.java:95)
        at org.testng.TestNG.runSuitesSequentially(TestNG.java:1274)
        at org.testng.TestNG.runSuitesLocally(TestNG.java:1208)
        at org.testng.TestNG.runSuites(TestNG.java:1112)
        at org.testng.TestNG.run(TestNG.java:1079)
        at org.apache.maven.surefire.testng.TestNGExecutor.run(TestNGExecutor.java:308)
        at org.apache.maven.surefire.testng.TestNGXmlTestSuite.execute(TestNGXmlTestSuite.java:71)
        at org.apache.maven.surefire.testng.TestNGProvider.invoke(TestNGProvider.java:113)
        at org.apache.maven.surefire.booter.ForkedBooter.runSuitesInProcess(ForkedBooter.java:385)
        at org.apache.maven.surefire.booter.ForkedBooter.execute(ForkedBooter.java:162)
        at org.apache.maven.surefire.booter.ForkedBooter.run(ForkedBooter.java:507)
        at org.apache.maven.surefire.booter.ForkedBooter.main(ForkedBooter.java:495)
Caused by: org.openqa.selenium.NoSuchElementException: no such element: Unable to locate element: {"method":"css selector","selector":"#cancel"}
  (Session info: chrome=144.0.7559.112)
For documentation on this error, please visit: https://www.selenium.dev/documentation/webdriver/troubleshooting/errors#no-such-element-exception
Build info: version: '4.27.0', revision: 'd6e718d134'
System info: os.name: 'Windows 11', os.arch: 'amd64', os.version: '10.0', java.version: '17.0.2'
Driver info: org.openqa.selenium.chrome.ChromeDriver
Command: [23827932928820e094b512a622f03e46, findElement {using=id, value=cancel}]
Capabilities {acceptInsecureCerts: false, browserName: chrome, browserVersion: 144.0.7559.112, chrome: {chromedriverVersion: 144.0.7559.133 (7da823b1d59..., userDataDir: C:\Users\goura\AppData\Loca...}, fedcm:accounts: true, goog:chromeOptions: {debuggerAddress: localhost:52243}, goog:processID: 28264, networkConnectionEnabled: false, pageLoadStrategy: normal, platformName: windows, proxy: Proxy(), se:cdp: ws://localhost:52243/devtoo..., se:cdpVersion: 144.0.7559.112, setWindowRect: true, strictFileInteractability: false, timeouts: {implicit: 0, pageLoad: 300000, script: 30000}, unhandledPromptBehavior: dismiss and notify, webauthn:extension:credBlob: true, webauthn:extension:largeBlob: true, webauthn:extension:minPinLength: true, webauthn:extension:prf: true, webauthn:virtualAuthenticators: true}
Session ID: 23827932928820e094b512a622f03e46
        at jdk.internal.reflect.GeneratedConstructorAccessor49.newInstance(Unknown Source)
        at java.base/jdk.internal.reflect.DelegatingConstructorAccessorImpl.newInstance(DelegatingConstructorAccessorImpl.java:45)
        at java.base/java.lang.reflect.Constructor.newInstanceWithCaller(Constructor.java:499)
        at java.base/java.lang.reflect.Constructor.newInstance(Constructor.java:480)
        at org.openqa.selenium.remote.ErrorCodec.decode(ErrorCodec.java:167)
        at org.openqa.selenium.remote.codec.w3c.W3CHttpResponseCodec.decode(W3CHttpResponseCodec.java:138)
        at org.openqa.selenium.remote.codec.w3c.W3CHttpResponseCodec.decode(W3CHttpResponseCodec.java:50)
        at org.openqa.selenium.remote.HttpCommandExecutor.execute(HttpCommandExecutor.java:190)
        at org.openqa.selenium.remote.service.DriverCommandExecutor.invokeExecute(DriverCommandExecutor.java:216)
        at org.openqa.selenium.remote.service.DriverCommandExecutor.execute(DriverCommandExecutor.java:174)
        at org.openqa.selenium.remote.RemoteWebDriver.execute(RemoteWebDriver.java:545)
        at org.openqa.selenium.remote.ElementLocation$ElementFinder$2.findElement(ElementLocation.java:165)
        at org.openqa.selenium.remote.ElementLocation.findElement(ElementLocation.java:59)
        at org.openqa.selenium.remote.RemoteWebDriver.findElement(RemoteWebDriver.java:368)
        at org.openqa.selenium.remote.RemoteWebDriver.findElement(RemoteWebDriver.java:362)
        at org.openqa.selenium.support.pagefactory.DefaultElementLocator.findElement(DefaultElementLocator.java:68)
        at org.openqa.selenium.support.pagefactory.internal.LocatingElementHandler.invoke(LocatingElementHandler.java:38)
        at jdk.proxy2/jdk.proxy2.$Proxy35.isDisplayed(Unknown Source)
        at org.openqa.selenium.support.ui.ExpectedConditions.elementIfVisible(ExpectedConditions.java:304)
        at org.openqa.selenium.support.ui.ExpectedConditions$10.apply(ExpectedConditions.java:290)
        at org.openqa.selenium.support.ui.ExpectedConditions$10.apply(ExpectedConditions.java:287)
        at org.openqa.selenium.support.ui.ExpectedConditions$23.apply(ExpectedConditions.java:656)
        at org.openqa.selenium.support.ui.ExpectedConditions$23.apply(ExpectedConditions.java:652)
        at org.openqa.selenium.support.ui.FluentWait.until(FluentWait.java:203)
        ... 36 more

[ERROR] com.saucedemo.tests.CheckoutTests.testOrderTotalCalculation -- Time elapsed: 31.74 s <<< FAILURE!
org.openqa.selenium.TimeoutException: Expected condition failed: waiting for visibility of Proxy element for: DefaultElementLocator 'By.className: summary_subtotal_label' (tried for 20 second(s) with 500 milliseconds interval)
        at org.openqa.selenium.support.ui.WebDriverWait.timeoutException(WebDriverWait.java:84)
        at org.openqa.selenium.support.ui.FluentWait.until(FluentWait.java:228)
        at com.saucedemo.pages.BasePage.waitForElementVisible(BasePage.java:69)
        at com.saucedemo.pages.BasePage.getText(BasePage.java:151)
        at com.saucedemo.pages.CheckoutOverviewPage.getItemTotal(CheckoutOverviewPage.java:78)
        at com.saucedemo.pages.CheckoutOverviewPage.verifyTotalCalculation(CheckoutOverviewPage.java:127)
        at com.saucedemo.tests.CheckoutTests.testOrderTotalCalculation(CheckoutTests.java:214)
        at java.base/jdk.internal.reflect.NativeMethodAccessorImpl.invoke0(Native Method)
        at java.base/jdk.internal.reflect.NativeMethodAccessorImpl.invoke(NativeMethodAccessorImpl.java:77)
        at java.base/jdk.internal.reflect.DelegatingMethodAccessorImpl.invoke(DelegatingMethodAccessorImpl.java:43)
        at java.base/java.lang.reflect.Method.invoke(Method.java:568)
        at org.testng.internal.invokers.MethodInvocationHelper.invokeMethod(MethodInvocationHelper.java:141)
        at org.testng.internal.invokers.TestInvoker.invokeMethod(TestInvoker.java:687)
        at org.testng.internal.invokers.TestInvoker.invokeTestMethod(TestInvoker.java:230)
        at org.testng.internal.invokers.MethodRunner.runInSequence(MethodRunner.java:63)
        at org.testng.internal.invokers.TestInvoker$MethodInvocationAgent.invoke(TestInvoker.java:995)
        at org.testng.internal.invokers.TestInvoker.invokeTestMethods(TestInvoker.java:203)
        at org.testng.internal.invokers.TestMethodWorker.invokeTestMethods(TestMethodWorker.java:154)
        at org.testng.internal.invokers.TestMethodWorker.run(TestMethodWorker.java:134)
        at java.base/java.util.ArrayList.forEach(ArrayList.java:1511)
        at org.testng.TestRunner.privateRun(TestRunner.java:741)
        at org.testng.TestRunner.run(TestRunner.java:616)
        at org.testng.SuiteRunner.runTest(SuiteRunner.java:421)
        at org.testng.SuiteRunner.runSequentially(SuiteRunner.java:413)
        at org.testng.SuiteRunner.privateRun(SuiteRunner.java:373)
        at org.testng.SuiteRunner.run(SuiteRunner.java:312)
        at org.testng.SuiteRunnerWorker.runSuite(SuiteRunnerWorker.java:52)
        at org.testng.SuiteRunnerWorker.run(SuiteRunnerWorker.java:95)
        at org.testng.TestNG.runSuitesSequentially(TestNG.java:1274)
        at org.testng.TestNG.runSuitesLocally(TestNG.java:1208)
        at org.testng.TestNG.runSuites(TestNG.java:1112)
        at org.testng.TestNG.run(TestNG.java:1079)
        at org.apache.maven.surefire.testng.TestNGExecutor.run(TestNGExecutor.java:308)
        at org.apache.maven.surefire.testng.TestNGXmlTestSuite.execute(TestNGXmlTestSuite.java:71)
        at org.apache.maven.surefire.testng.TestNGProvider.invoke(TestNGProvider.java:113)
        at org.apache.maven.surefire.booter.ForkedBooter.runSuitesInProcess(ForkedBooter.java:385)
        at org.apache.maven.surefire.booter.ForkedBooter.execute(ForkedBooter.java:162)
        at org.apache.maven.surefire.booter.ForkedBooter.run(ForkedBooter.java:507)
        at org.apache.maven.surefire.booter.ForkedBooter.main(ForkedBooter.java:495)
Caused by: org.openqa.selenium.NoSuchElementException: no such element: Unable to locate element: {"method":"css selector","selector":".summary_subtotal_label"}
  (Session info: chrome=144.0.7559.112)
For documentation on this error, please visit: https://www.selenium.dev/documentation/webdriver/troubleshooting/errors#no-such-element-exception
Build info: version: '4.27.0', revision: 'd6e718d134'
System info: os.name: 'Windows 11', os.arch: 'amd64', os.version: '10.0', java.version: '17.0.2'
Driver info: org.openqa.selenium.chrome.ChromeDriver
Command: [a7950697f9fa90a07509f90a8d76c5bb, findElement {using=class name, value=summary_subtotal_label}]
Capabilities {acceptInsecureCerts: false, browserName: chrome, browserVersion: 144.0.7559.112, chrome: {chromedriverVersion: 144.0.7559.133 (7da823b1d59..., userDataDir: C:\Users\goura\AppData\Loca...}, fedcm:accounts: true, goog:chromeOptions: {debuggerAddress: localhost:49919}, goog:processID: 6032, networkConnectionEnabled: false, pageLoadStrategy: normal, platformName: windows, proxy: Proxy(), se:cdp: ws://localhost:49919/devtoo..., se:cdpVersion: 144.0.7559.112, setWindowRect: true, strictFileInteractability: false, timeouts: {implicit: 0, pageLoad: 300000, script: 30000}, unhandledPromptBehavior: dismiss and notify, webauthn:extension:credBlob: true, webauthn:extension:largeBlob: true, webauthn:extension:minPinLength: true, webauthn:extension:prf: true, webauthn:virtualAuthenticators: true}
Session ID: a7950697f9fa90a07509f90a8d76c5bb
        at jdk.internal.reflect.GeneratedConstructorAccessor49.newInstance(Unknown Source)
        at java.base/jdk.internal.reflect.DelegatingConstructorAccessorImpl.newInstance(DelegatingConstructorAccessorImpl.java:45)
        at java.base/java.lang.reflect.Constructor.newInstanceWithCaller(Constructor.java:499)
        at java.base/java.lang.reflect.Constructor.newInstance(Constructor.java:480)
        at org.openqa.selenium.remote.ErrorCodec.decode(ErrorCodec.java:167)
        at org.openqa.selenium.remote.codec.w3c.W3CHttpResponseCodec.decode(W3CHttpResponseCodec.java:138)
        at org.openqa.selenium.remote.codec.w3c.W3CHttpResponseCodec.decode(W3CHttpResponseCodec.java:50)
        at org.openqa.selenium.remote.HttpCommandExecutor.execute(HttpCommandExecutor.java:190)
        at org.openqa.selenium.remote.service.DriverCommandExecutor.invokeExecute(DriverCommandExecutor.java:216)
        at org.openqa.selenium.remote.service.DriverCommandExecutor.execute(DriverCommandExecutor.java:174)
        at org.openqa.selenium.remote.RemoteWebDriver.execute(RemoteWebDriver.java:545)
        at org.openqa.selenium.remote.ElementLocation$ElementFinder$2.findElement(ElementLocation.java:165)
        at org.openqa.selenium.remote.ElementLocation.findElement(ElementLocation.java:59)
        at org.openqa.selenium.remote.RemoteWebDriver.findElement(RemoteWebDriver.java:368)
        at org.openqa.selenium.remote.RemoteWebDriver.findElement(RemoteWebDriver.java:362)
        at org.openqa.selenium.support.pagefactory.DefaultElementLocator.findElement(DefaultElementLocator.java:68)
        at org.openqa.selenium.support.pagefactory.internal.LocatingElementHandler.invoke(LocatingElementHandler.java:38)
        at jdk.proxy2/jdk.proxy2.$Proxy35.isDisplayed(Unknown Source)
        at org.openqa.selenium.support.ui.ExpectedConditions.elementIfVisible(ExpectedConditions.java:304)
        at org.openqa.selenium.support.ui.ExpectedConditions$10.apply(ExpectedConditions.java:290)
        at org.openqa.selenium.support.ui.ExpectedConditions$10.apply(ExpectedConditions.java:287)
        at org.openqa.selenium.support.ui.FluentWait.until(FluentWait.java:203)
        ... 37 more

[ERROR] com.saucedemo.tests.CheckoutTests.testBackHomeAfterCheckout -- Time elapsed: 40.97 s <<< FAILURE!
org.openqa.selenium.TimeoutException: Expected condition failed: waiting for visibility of Proxy element for: DefaultElementLocator 'By.id: first-name' (tried for 20 second(s) with 500 milliseconds interval)
        at org.openqa.selenium.support.ui.WebDriverWait.timeoutException(WebDriverWait.java:84)
        at org.openqa.selenium.support.ui.FluentWait.until(FluentWait.java:228)
        at com.saucedemo.pages.BasePage.waitForElementVisible(BasePage.java:69)
        at com.saucedemo.pages.BasePage.sendKeys(BasePage.java:124)
        at com.saucedemo.pages.CheckoutInfoPage.enterFirstName(CheckoutInfoPage.java:80)
        at com.saucedemo.pages.CheckoutInfoPage.fillCheckoutInfo(CheckoutInfoPage.java:121)
        at com.saucedemo.tests.CheckoutTests.testBackHomeAfterCheckout(CheckoutTests.java:239)
        at java.base/jdk.internal.reflect.NativeMethodAccessorImpl.invoke0(Native Method)
        at java.base/jdk.internal.reflect.NativeMethodAccessorImpl.invoke(NativeMethodAccessorImpl.java:77)
        at java.base/jdk.internal.reflect.DelegatingMethodAccessorImpl.invoke(DelegatingMethodAccessorImpl.java:43)
        at java.base/java.lang.reflect.Method.invoke(Method.java:568)
        at org.testng.internal.invokers.MethodInvocationHelper.invokeMethod(MethodInvocationHelper.java:141)
        at org.testng.internal.invokers.TestInvoker.invokeMethod(TestInvoker.java:687)
        at org.testng.internal.invokers.TestInvoker.invokeTestMethod(TestInvoker.java:230)
        at org.testng.internal.invokers.MethodRunner.runInSequence(MethodRunner.java:63)
        at org.testng.internal.invokers.TestInvoker$MethodInvocationAgent.invoke(TestInvoker.java:995)
        at org.testng.internal.invokers.TestInvoker.invokeTestMethods(TestInvoker.java:203)
        at org.testng.internal.invokers.TestMethodWorker.invokeTestMethods(TestMethodWorker.java:154)
        at org.testng.internal.invokers.TestMethodWorker.run(TestMethodWorker.java:134)
        at java.base/java.util.ArrayList.forEach(ArrayList.java:1511)
        at org.testng.TestRunner.privateRun(TestRunner.java:741)
        at org.testng.TestRunner.run(TestRunner.java:616)
        at org.testng.SuiteRunner.runTest(SuiteRunner.java:421)
        at org.testng.SuiteRunner.runSequentially(SuiteRunner.java:413)
        at org.testng.SuiteRunner.privateRun(SuiteRunner.java:373)
        at org.testng.SuiteRunner.run(SuiteRunner.java:312)
        at org.testng.SuiteRunnerWorker.runSuite(SuiteRunnerWorker.java:52)
        at org.testng.SuiteRunnerWorker.run(SuiteRunnerWorker.java:95)
        at org.testng.TestNG.runSuitesSequentially(TestNG.java:1274)
        at org.testng.TestNG.runSuitesLocally(TestNG.java:1208)
        at org.testng.TestNG.runSuites(TestNG.java:1112)
        at org.testng.TestNG.run(TestNG.java:1079)
        at org.apache.maven.surefire.testng.TestNGExecutor.run(TestNGExecutor.java:308)
        at org.apache.maven.surefire.testng.TestNGXmlTestSuite.execute(TestNGXmlTestSuite.java:71)
        at org.apache.maven.surefire.testng.TestNGProvider.invoke(TestNGProvider.java:113)
        at org.apache.maven.surefire.booter.ForkedBooter.runSuitesInProcess(ForkedBooter.java:385)
        at org.apache.maven.surefire.booter.ForkedBooter.execute(ForkedBooter.java:162)
        at org.apache.maven.surefire.booter.ForkedBooter.run(ForkedBooter.java:507)
        at org.apache.maven.surefire.booter.ForkedBooter.main(ForkedBooter.java:495)
Caused by: org.openqa.selenium.NoSuchElementException: no such element: Unable to locate element: {"method":"css selector","selector":"#first\-name"}
  (Session info: chrome=144.0.7559.112)
For documentation on this error, please visit: https://www.selenium.dev/documentation/webdriver/troubleshooting/errors#no-such-element-exception
Build info: version: '4.27.0', revision: 'd6e718d134'
System info: os.name: 'Windows 11', os.arch: 'amd64', os.version: '10.0', java.version: '17.0.2'
Driver info: org.openqa.selenium.chrome.ChromeDriver
Command: [d6721c3c0fae80a9b2c1f526aeb993d9, findElement {using=id, value=first-name}]
Capabilities {acceptInsecureCerts: false, browserName: chrome, browserVersion: 144.0.7559.112, chrome: {chromedriverVersion: 144.0.7559.133 (7da823b1d59..., userDataDir: C:\Users\goura\AppData\Loca...}, fedcm:accounts: true, goog:chromeOptions: {debuggerAddress: localhost:58758}, goog:processID: 16848, networkConnectionEnabled: false, pageLoadStrategy: normal, platformName: windows, proxy: Proxy(), se:cdp: ws://localhost:58758/devtoo..., se:cdpVersion: 144.0.7559.112, setWindowRect: true, strictFileInteractability: false, timeouts: {implicit: 0, pageLoad: 300000, script: 30000}, unhandledPromptBehavior: dismiss and notify, webauthn:extension:credBlob: true, webauthn:extension:largeBlob: true, webauthn:extension:minPinLength: true, webauthn:extension:prf: true, webauthn:virtualAuthenticators: true}
Session ID: d6721c3c0fae80a9b2c1f526aeb993d9
        at jdk.internal.reflect.GeneratedConstructorAccessor49.newInstance(Unknown Source)
        at java.base/jdk.internal.reflect.DelegatingConstructorAccessorImpl.newInstance(DelegatingConstructorAccessorImpl.java:45)
        at java.base/java.lang.reflect.Constructor.newInstanceWithCaller(Constructor.java:499)
        at java.base/java.lang.reflect.Constructor.newInstance(Constructor.java:480)
        at org.openqa.selenium.remote.ErrorCodec.decode(ErrorCodec.java:167)
        at org.openqa.selenium.remote.codec.w3c.W3CHttpResponseCodec.decode(W3CHttpResponseCodec.java:138)
        at org.openqa.selenium.remote.codec.w3c.W3CHttpResponseCodec.decode(W3CHttpResponseCodec.java:50)
        at org.openqa.selenium.remote.HttpCommandExecutor.execute(HttpCommandExecutor.java:190)
        at org.openqa.selenium.remote.service.DriverCommandExecutor.invokeExecute(DriverCommandExecutor.java:216)
        at org.openqa.selenium.remote.service.DriverCommandExecutor.execute(DriverCommandExecutor.java:174)
        at org.openqa.selenium.remote.RemoteWebDriver.execute(RemoteWebDriver.java:545)
        at org.openqa.selenium.remote.ElementLocation$ElementFinder$2.findElement(ElementLocation.java:165)
        at org.openqa.selenium.remote.ElementLocation.findElement(ElementLocation.java:59)
        at org.openqa.selenium.remote.RemoteWebDriver.findElement(RemoteWebDriver.java:368)
        at org.openqa.selenium.remote.RemoteWebDriver.findElement(RemoteWebDriver.java:362)
        at org.openqa.selenium.support.pagefactory.DefaultElementLocator.findElement(DefaultElementLocator.java:68)
        at org.openqa.selenium.support.pagefactory.internal.LocatingElementHandler.invoke(LocatingElementHandler.java:38)
        at jdk.proxy2/jdk.proxy2.$Proxy35.isDisplayed(Unknown Source)
        at org.openqa.selenium.support.ui.ExpectedConditions.elementIfVisible(ExpectedConditions.java:304)
        at org.openqa.selenium.support.ui.ExpectedConditions$10.apply(ExpectedConditions.java:290)
        at org.openqa.selenium.support.ui.ExpectedConditions$10.apply(ExpectedConditions.java:287)
        at org.openqa.selenium.support.ui.FluentWait.until(FluentWait.java:203)
        ... 37 more

[INFO]
[INFO] Results:
[INFO]
[ERROR] Failures:
[ERROR]   CartTests.testAddMultipleItemsToCart:68  Timeout Expected condition failed: waiting for visibility of element located by By.xpath: //div[text()='Sauce Labs Bolt T-Shirt']/ancestor::div[@class='inventory_item']//button[contains(text(),'Remove')] (tried for 20 second(s) with 500 milliseconds interval)
Build info: version: '4.27.0', revision: 'd6e718d134'
System info: os.name: 'Windows 11', os.arch: 'amd64', os.version: '10.0', java.version: '17.0.2'
Driver info: org.openqa.selenium.chrome.ChromeDriver
Capabilities {acceptInsecureCerts: false, browserName: chrome, browserVersion: 144.0.7559.112, chrome: {chromedriverVersion: 144.0.7559.133 (7da823b1d59..., userDataDir: C:\Users\goura\AppData\Loca...}, fedcm:accounts: true, goog:chromeOptions: {debuggerAddress: localhost:52311}, goog:processID: 23000, networkConnectionEnabled: false, pageLoadStrategy: normal, platformName: windows, proxy: Proxy(), se:cdp: ws://localhost:52311/devtoo..., se:cdpVersion: 144.0.7559.112, setWindowRect: true, strictFileInteractability: false, timeouts: {implicit: 0, pageLoad: 300000, script: 30000}, unhandledPromptBehavior: dismiss and notify, webauthn:extension:credBlob: true, webauthn:extension:largeBlob: true, webauthn:extension:minPinLength: true, webauthn:extension:prf: true, webauthn:virtualAuthenticators: true}
Session ID: c3a47d0cf060dec2119c8f867aca20c2
[ERROR]   CartTests.testAddSingleItemToCart:52 Cart should contain 1 item expected [1] but found [0]
[ERROR]   CartTests.testCartBadgeCount:151  Timeout Expected condition failed: waiting for visibility of element located by By.xpath: //div[text()='Sauce Labs Backpack']/ancestor::div[@class='inventory_item']//button[contains(text(),'Remove')] (tried for 20 second(s) with 500 milliseconds interval)
Build info: version: '4.27.0', revision: 'd6e718d134'
System info: os.name: 'Windows 11', os.arch: 'amd64', os.version: '10.0', java.version: '17.0.2'
Driver info: org.openqa.selenium.chrome.ChromeDriver
Capabilities {acceptInsecureCerts: false, browserName: chrome, browserVersion: 144.0.7559.112, chrome: {chromedriverVersion: 144.0.7559.133 (7da823b1d59..., userDataDir: C:\Users\goura\AppData\Loca...}, fedcm:accounts: true, goog:chromeOptions: {debuggerAddress: localhost:59515}, goog:processID: 31224, networkConnectionEnabled: false, pageLoadStrategy: normal, platformName: windows, proxy: Proxy(), se:cdp: ws://localhost:59515/devtoo..., se:cdpVersion: 144.0.7559.112, setWindowRect: true, strictFileInteractability: false, timeouts: {implicit: 0, pageLoad: 300000, script: 30000}, unhandledPromptBehavior: dismiss and notify, webauthn:extension:credBlob: true, webauthn:extension:largeBlob: true, webauthn:extension:minPinLength: true, webauthn:extension:prf: true, webauthn:virtualAuthenticators: true}
Session ID: ea933b7f9c67587f776b114f509c4ff4
[ERROR]   CartTests.testContinueShopping:185  Timeout Expected condition failed: waiting for element to be clickable: Proxy element for: DefaultElementLocator 'By.id: continue-shopping' (tried for 20 second(s) with 500 milliseconds interval)
[ERROR]   CartTests.testRemoveItemFromCartPage:133 Cart should be empty after removing item expected [true] but found [false]
[ERROR]   CartTests.testRemoveItemFromProductsPage:96  Timeout Expected condition failed: waiting for visibility of element located by By.xpath: //div[text()='Sauce Labs Backpack']/ancestor::div[@class='inventory_item']//button[contains(text(),'Remove')] (tried for 20 second(s) with 500 milliseconds interval)
Build info: version: '4.27.0', revision: 'd6e718d134'
System info: os.name: 'Windows 11', os.arch: 'amd64', os.version: '10.0', java.version: '17.0.2'
Driver info: org.openqa.selenium.chrome.ChromeDriver
Capabilities {acceptInsecureCerts: false, browserName: chrome, browserVersion: 144.0.7559.112, chrome: {chromedriverVersion: 144.0.7559.133 (7da823b1d59..., userDataDir: C:\Users\goura\AppData\Loca...}, fedcm:accounts: true, goog:chromeOptions: {debuggerAddress: localhost:60322}, goog:processID: 31016, networkConnectionEnabled: false, pageLoadStrategy: normal, platformName: windows, proxy: Proxy(), se:cdp: ws://localhost:60322/devtoo..., se:cdpVersion: 144.0.7559.112, setWindowRect: true, strictFileInteractability: false, timeouts: {implicit: 0, pageLoad: 300000, script: 30000}, unhandledPromptBehavior: dismiss and notify, webauthn:extension:credBlob: true, webauthn:extension:largeBlob: true, webauthn:extension:minPinLength: true, webauthn:extension:prf: true, webauthn:virtualAuthenticators: true}
Session ID: 9b6a63fee74fa7f9ca9840cdc39e44e8
[ERROR]   CheckoutTests.testBackHomeAfterCheckout:239  Timeout Expected condition failed: waiting for visibility of Proxy element for: DefaultElementLocator 'By.id: first-name' (tried for 20 second(s) with 500 milliseconds interval)
[ERROR]   CheckoutTests.testCancelCheckout:183  Timeout Expected condition failed: waiting for element to be clickable: Proxy element for: DefaultElementLocator 'By.id: cancel' (tried for 20 second(s) with 500 milliseconds interval)
[ERROR]   CheckoutTests.testCheckoutWithEmptyFields:85  Timeout Expected condition failed: waiting for element to be clickable: Proxy element for: DefaultElementLocator 'By.id: continue' (tried for 20 second(s) with 500 milliseconds interval)
[ERROR]   CheckoutTests.testCheckoutWithMissingLastName:133  Timeout Expected condition failed: waiting for visibility of Proxy element for: DefaultElementLocator 'By.id: first-name' (tried for 20 second(s) with 500 milliseconds interval)
[ERROR]   CheckoutTests.testCheckoutWithMissingZipCode:155  Timeout Expected condition failed: waiting for element to be clickable: Proxy element for: DefaultElementLocator 'By.id: checkout' (tried for 20 second(s) with 500 milliseconds interval)
[ERROR]   CheckoutTests.testCompleteCheckoutFlow:42 Should be on checkout info page expected [true] but found [false]
[ERROR]   CheckoutTests.testOrderTotalCalculation:214  Timeout Expected condition failed: waiting for visibility of Proxy element for: DefaultElementLocator 'By.className: summary_subtotal_label' (tried for 20 second(s) with 500 milliseconds interval)
[ERROR]   LogoutTests.testCannotAccessPagesAfterLogout:95 Should be redirected to login page or show error when accessing protected page after logout expected [true] but found [false]
[ERROR]   LogoutTests.testLogoutRedirectsToLogin:63 Username field should be displayed expected [true] but found [false]
[ERROR]   LogoutTests.testSuccessfulLogout:39 Should be redirected to login page after logout expected [true] but found [false]
[INFO]
[ERROR] Tests run: 23, Failures: 16, Errors: 0, Skipped: 0
[INFO]
[INFO] ------------------------------------------------------------------------
[INFO] BUILD FAILURE
[INFO] ------------------------------------------------------------------------
[INFO] Total time:  08:40 min
[INFO] Finished at: 2026-02-06T20:05:17+05:30
[INFO] ------------------------------------------------------------------------
[ERROR] Failed to execute goal org.apache.maven.plugins:maven-surefire-plugin:3.5.4:test (default-test) on project saucedemo-automation: There are test failures.
[ERROR]
[ERROR] See C:\Users\goura\IdeaProjects\SauceDemoAutomation\target\surefire-reports for the individual test results.
[ERROR] See dump files (if any exist) [date].dump, [date]-jvmRun[N].dump and [date].dumpstream.
[ERROR] -> [Help 1]
[ERROR]
[ERROR] To see the full stack trace of the errors, re-run Maven with the -e switch.
[ERROR] Re-run Maven using the -X switch to enable full debug logging.
[ERROR]
[ERROR] For more information about the errors and possible solutions, please read the following articles:
[ERROR] [Help 1] http://cwiki.apache.org/confluence/display/MAVEN/MojoFailureException
